{"C:\\Users\\Owner\\Desktop\\capstone_design\\Deliversity_frontend\\assets\\deliversity3.png": {"path":"C:\\Users\\Owner\\Desktop\\capstone_design\\Deliversity_frontend\\assets\\deliversity3.png","statementMap":{"0":{"start":{"line":1,"column":0},"end":{"line":4,"column":6}}},"fnMap":{},"branchMap":{},"s":{"0":1},"f":{},"b":{},"inputSourceMap":null,"_coverageSchema":"1a1c01bbd47fc00a2c39e90264f33305004495a9","hash":"d25d46ca608b41cccc56af461842e445bf2a3f12"}
,"C:\\Users\\Owner\\Desktop\\capstone_design\\Deliversity_frontend\\assets\\homeDetail.png": {"path":"C:\\Users\\Owner\\Desktop\\capstone_design\\Deliversity_frontend\\assets\\homeDetail.png","statementMap":{"0":{"start":{"line":1,"column":0},"end":{"line":4,"column":6}}},"fnMap":{},"branchMap":{},"s":{"0":1},"f":{},"b":{},"inputSourceMap":null,"_coverageSchema":"1a1c01bbd47fc00a2c39e90264f33305004495a9","hash":"e6e5801fbb2432d6a89ec72a030268f4047f35c6"}
,"C:\\Users\\Owner\\Desktop\\capstone_design\\Deliversity_frontend\\assets\\seekDetail.png": {"path":"C:\\Users\\Owner\\Desktop\\capstone_design\\Deliversity_frontend\\assets\\seekDetail.png","statementMap":{"0":{"start":{"line":1,"column":0},"end":{"line":4,"column":6}}},"fnMap":{},"branchMap":{},"s":{"0":1},"f":{},"b":{},"inputSourceMap":null,"_coverageSchema":"1a1c01bbd47fc00a2c39e90264f33305004495a9","hash":"6cceef47b2355793df6ecde680c18ef7c25a11bd"}
,"C:\\Users\\Owner\\Desktop\\capstone_design\\Deliversity_frontend\\src\\axiosConfig.js": {"path":"C:\\Users\\Owner\\Desktop\\capstone_design\\Deliversity_frontend\\src\\axiosConfig.js","statementMap":{"0":{"start":{"line":3,"column":22},"end":{"line":5,"column":2}}},"fnMap":{},"branchMap":{},"s":{"0":17},"f":{},"b":{},"_coverageSchema":"1a1c01bbd47fc00a2c39e90264f33305004495a9","hash":"b24da168d390468496c42042fdfe32820022e1f6"}
,"C:\\Users\\Owner\\Desktop\\capstone_design\\Deliversity_frontend\\src\\components\\ChangeButton.js": {"path":"C:\\Users\\Owner\\Desktop\\capstone_design\\Deliversity_frontend\\src\\components\\ChangeButton.js","statementMap":{"0":{"start":{"line":10,"column":4},"end":{"line":10,"column":17}},"1":{"start":{"line":13,"column":18},"end":{"line":32,"column":3}},"2":{"start":{"line":14,"column":4},"end":{"line":30,"column":9}},"3":{"start":{"line":17,"column":8},"end":{"line":17,"column":41}},"4":{"start":{"line":18,"column":8},"end":{"line":26,"column":9}},"5":{"start":{"line":19,"column":10},"end":{"line":23,"column":11}},"6":{"start":{"line":20,"column":12},"end":{"line":20,"column":33}},"7":{"start":{"line":22,"column":12},"end":{"line":22,"column":48}},"8":{"start":{"line":25,"column":10},"end":{"line":25,"column":46}},"9":{"start":{"line":29,"column":8},"end":{"line":29,"column":39}},"10":{"start":{"line":34,"column":4},"end":{"line":48,"column":6}},"11":{"start":{"line":39,"column":12},"end":{"line":39,"column":33}},"12":{"start":{"line":40,"column":12},"end":{"line":40,"column":33}},"13":{"start":{"line":51,"column":15},"end":{"line":62,"column":2}},"14":{"start":{"line":63,"column":24},"end":{"line":65,"column":2}},"15":{"start":{"line":63,"column":36},"end":{"line":65,"column":1}},"16":{"start":{"line":66,"column":27},"end":{"line":68,"column":2}},"17":{"start":{"line":66,"column":42},"end":{"line":68,"column":1}},"18":{"start":{"line":67,"column":31},"end":{"line":67,"column":64}}},"fnMap":{"0":{"name":"(anonymous_0)","decl":{"start":{"line":9,"column":2},"end":{"line":9,"column":3}},"loc":{"start":{"line":9,"column":21},"end":{"line":11,"column":3}},"line":9},"1":{"name":"(anonymous_1)","decl":{"start":{"line":13,"column":18},"end":{"line":13,"column":19}},"loc":{"start":{"line":13,"column":30},"end":{"line":32,"column":3}},"line":13},"2":{"name":"(anonymous_2)","decl":{"start":{"line":16,"column":12},"end":{"line":16,"column":13}},"loc":{"start":{"line":16,"column":21},"end":{"line":27,"column":7}},"line":16},"3":{"name":"(anonymous_3)","decl":{"start":{"line":28,"column":13},"end":{"line":28,"column":14}},"loc":{"start":{"line":28,"column":20},"end":{"line":30,"column":7}},"line":28},"4":{"name":"(anonymous_4)","decl":{"start":{"line":33,"column":2},"end":{"line":33,"column":3}},"loc":{"start":{"line":33,"column":11},"end":{"line":49,"column":3}},"line":33},"5":{"name":"(anonymous_5)","decl":{"start":{"line":38,"column":19},"end":{"line":38,"column":20}},"loc":{"start":{"line":38,"column":25},"end":{"line":41,"column":11}},"line":38},"6":{"name":"(anonymous_6)","decl":{"start":{"line":63,"column":24},"end":{"line":63,"column":25}},"loc":{"start":{"line":63,"column":36},"end":{"line":65,"column":1}},"line":63},"7":{"name":"(anonymous_7)","decl":{"start":{"line":66,"column":27},"end":{"line":66,"column":28}},"loc":{"start":{"line":66,"column":42},"end":{"line":68,"column":1}},"line":66},"8":{"name":"(anonymous_8)","decl":{"start":{"line":67,"column":21},"end":{"line":67,"column":22}},"loc":{"start":{"line":67,"column":31},"end":{"line":67,"column":64}},"line":67}},"branchMap":{"0":{"loc":{"start":{"line":18,"column":8},"end":{"line":26,"column":9}},"type":"if","locations":[{"start":{"line":18,"column":8},"end":{"line":26,"column":9}},{"start":{"line":18,"column":8},"end":{"line":26,"column":9}}],"line":18},"1":{"loc":{"start":{"line":19,"column":10},"end":{"line":23,"column":11}},"type":"if","locations":[{"start":{"line":19,"column":10},"end":{"line":23,"column":11}},{"start":{"line":19,"column":10},"end":{"line":23,"column":11}}],"line":19}},"s":{"0":3,"1":3,"2":1,"3":0,"4":0,"5":0,"6":0,"7":0,"8":0,"9":0,"10":3,"11":1,"12":1,"13":3,"14":3,"15":3,"16":3,"17":3,"18":0},"f":{"0":3,"1":1,"2":0,"3":0,"4":3,"5":1,"6":3,"7":3,"8":0},"b":{"0":[0,0],"1":[0,0]},"_coverageSchema":"1a1c01bbd47fc00a2c39e90264f33305004495a9","hash":"5728e0df59176997d199c7fd88eafaba1d95709c"}
,"C:\\Users\\Owner\\Desktop\\capstone_design\\Deliversity_frontend\\src\\components\\DeliveryManList.js": {"path":"C:\\Users\\Owner\\Desktop\\capstone_design\\Deliversity_frontend\\src\\components\\DeliveryManList.js","statementMap":{"0":{"start":{"line":7,"column":4},"end":{"line":7,"column":17}},"1":{"start":{"line":8,"column":4},"end":{"line":8,"column":27}},"2":{"start":{"line":10,"column":17},"end":{"line":14,"column":3}},"3":{"start":{"line":11,"column":22},"end":{"line":11,"column":31}},"4":{"start":{"line":13,"column":4},"end":{"line":13,"column":40}},"5":{"start":{"line":15,"column":17},"end":{"line":19,"column":3}},"6":{"start":{"line":16,"column":22},"end":{"line":16,"column":31}},"7":{"start":{"line":18,"column":4},"end":{"line":18,"column":40}},"8":{"start":{"line":22,"column":4},"end":{"line":43,"column":6}},"9":{"start":{"line":47,"column":15},"end":{"line":52,"column":2}}},"fnMap":{"0":{"name":"(anonymous_0)","decl":{"start":{"line":6,"column":2},"end":{"line":6,"column":3}},"loc":{"start":{"line":6,"column":21},"end":{"line":9,"column":3}},"line":6},"1":{"name":"(anonymous_1)","decl":{"start":{"line":10,"column":17},"end":{"line":10,"column":18}},"loc":{"start":{"line":10,"column":23},"end":{"line":14,"column":3}},"line":10},"2":{"name":"(anonymous_2)","decl":{"start":{"line":15,"column":17},"end":{"line":15,"column":18}},"loc":{"start":{"line":15,"column":23},"end":{"line":19,"column":3}},"line":15},"3":{"name":"(anonymous_3)","decl":{"start":{"line":21,"column":2},"end":{"line":21,"column":3}},"loc":{"start":{"line":21,"column":11},"end":{"line":44,"column":3}},"line":21}},"branchMap":{},"s":{"0":0,"1":0,"2":0,"3":0,"4":0,"5":0,"6":0,"7":0,"8":0,"9":1},"f":{"0":0,"1":0,"2":0,"3":0},"b":{},"_coverageSchema":"1a1c01bbd47fc00a2c39e90264f33305004495a9","hash":"be76760f887384b5b86eb47cf337f8728a5a5ac0"}
,"C:\\Users\\Owner\\Desktop\\capstone_design\\Deliversity_frontend\\src\\components\\QAcard.js": {"path":"C:\\Users\\Owner\\Desktop\\capstone_design\\Deliversity_frontend\\src\\components\\QAcard.js","statementMap":{"0":{"start":{"line":3,"column":15},"end":{"line":46,"column":1}},"1":{"start":{"line":4,"column":2},"end":{"line":45,"column":4}},"2":{"start":{"line":49,"column":15},"end":{"line":62,"column":2}}},"fnMap":{"0":{"name":"(anonymous_0)","decl":{"start":{"line":3,"column":15},"end":{"line":3,"column":16}},"loc":{"start":{"line":3,"column":40},"end":{"line":46,"column":1}},"line":3}},"branchMap":{"0":{"loc":{"start":{"line":17,"column":9},"end":{"line":21,"column":9}},"type":"binary-expr","locations":[{"start":{"line":17,"column":9},"end":{"line":17,"column":31}},{"start":{"line":18,"column":10},"end":{"line":20,"column":17}}],"line":17},"1":{"loc":{"start":{"line":22,"column":9},"end":{"line":26,"column":9}},"type":"binary-expr","locations":[{"start":{"line":22,"column":9},"end":{"line":22,"column":31}},{"start":{"line":23,"column":10},"end":{"line":25,"column":17}}],"line":22},"2":{"loc":{"start":{"line":29,"column":7},"end":{"line":43,"column":7}},"type":"binary-expr","locations":[{"start":{"line":29,"column":7},"end":{"line":29,"column":29}},{"start":{"line":30,"column":8},"end":{"line":42,"column":15}}],"line":29}},"s":{"0":1,"1":0,"2":1},"f":{"0":0},"b":{"0":[0,0],"1":[0,0],"2":[0,0]},"_coverageSchema":"1a1c01bbd47fc00a2c39e90264f33305004495a9","hash":"49164354ac398dc774fc3665024b1887b3dcb2bb"}
,"C:\\Users\\Owner\\Desktop\\capstone_design\\Deliversity_frontend\\src\\components\\RefundBookCard.js": {"path":"C:\\Users\\Owner\\Desktop\\capstone_design\\Deliversity_frontend\\src\\components\\RefundBookCard.js","statementMap":{"0":{"start":{"line":3,"column":24},"end":{"line":63,"column":1}},"1":{"start":{"line":4,"column":2},"end":{"line":62,"column":4}},"2":{"start":{"line":66,"column":15},"end":{"line":82,"column":2}}},"fnMap":{"0":{"name":"(anonymous_0)","decl":{"start":{"line":3,"column":24},"end":{"line":3,"column":25}},"loc":{"start":{"line":3,"column":49},"end":{"line":63,"column":1}},"line":3}},"branchMap":{"0":{"loc":{"start":{"line":50,"column":9},"end":{"line":54,"column":9}},"type":"binary-expr","locations":[{"start":{"line":50,"column":9},"end":{"line":50,"column":31}},{"start":{"line":51,"column":10},"end":{"line":53,"column":17}}],"line":50},"1":{"loc":{"start":{"line":55,"column":9},"end":{"line":59,"column":9}},"type":"binary-expr","locations":[{"start":{"line":55,"column":9},"end":{"line":55,"column":31}},{"start":{"line":56,"column":10},"end":{"line":58,"column":17}}],"line":55}},"s":{"0":1,"1":0,"2":1},"f":{"0":0},"b":{"0":[0,0],"1":[0,0]},"_coverageSchema":"1a1c01bbd47fc00a2c39e90264f33305004495a9","hash":"c78944bdd04baee0baba9e995ff039eaa8c81c3d"}
,"C:\\Users\\Owner\\Desktop\\capstone_design\\Deliversity_frontend\\src\\components\\ReviewItem.js": {"path":"C:\\Users\\Owner\\Desktop\\capstone_design\\Deliversity_frontend\\src\\components\\ReviewItem.js","statementMap":{"0":{"start":{"line":6,"column":4},"end":{"line":6,"column":17}},"1":{"start":{"line":7,"column":4},"end":{"line":7,"column":27}},"2":{"start":{"line":11,"column":4},"end":{"line":20,"column":6}}},"fnMap":{"0":{"name":"(anonymous_0)","decl":{"start":{"line":5,"column":2},"end":{"line":5,"column":3}},"loc":{"start":{"line":5,"column":21},"end":{"line":8,"column":3}},"line":5},"1":{"name":"(anonymous_1)","decl":{"start":{"line":10,"column":2},"end":{"line":10,"column":3}},"loc":{"start":{"line":10,"column":11},"end":{"line":21,"column":3}},"line":10}},"branchMap":{},"s":{"0":0,"1":0,"2":0},"f":{"0":0,"1":0},"b":{},"_coverageSchema":"1a1c01bbd47fc00a2c39e90264f33305004495a9","hash":"4a697775d2f214951cfef2935b43c5a8a30f8943"}
,"C:\\Users\\Owner\\Desktop\\capstone_design\\Deliversity_frontend\\src\\components\\StarRating.js": {"path":"C:\\Users\\Owner\\Desktop\\capstone_design\\Deliversity_frontend\\src\\components\\StarRating.js","statementMap":{"0":{"start":{"line":6,"column":19},"end":{"line":16,"column":1}},"1":{"start":{"line":7,"column":14},"end":{"line":7,"column":16}},"2":{"start":{"line":8,"column":2},"end":{"line":14,"column":3}},"3":{"start":{"line":8,"column":15},"end":{"line":8,"column":16}},"4":{"start":{"line":9,"column":15},"end":{"line":9,"column":21}},"5":{"start":{"line":10,"column":4},"end":{"line":12,"column":5}},"6":{"start":{"line":11,"column":6},"end":{"line":11,"column":27}},"7":{"start":{"line":13,"column":4},"end":{"line":13,"column":75}},"8":{"start":{"line":15,"column":2},"end":{"line":15,"column":55}},"9":{"start":{"line":20,"column":15},"end":{"line":28,"column":2}}},"fnMap":{"0":{"name":"(anonymous_0)","decl":{"start":{"line":6,"column":19},"end":{"line":6,"column":20}},"loc":{"start":{"line":6,"column":30},"end":{"line":16,"column":1}},"line":6}},"branchMap":{"0":{"loc":{"start":{"line":10,"column":4},"end":{"line":12,"column":5}},"type":"if","locations":[{"start":{"line":10,"column":4},"end":{"line":12,"column":5}},{"start":{"line":10,"column":4},"end":{"line":12,"column":5}}],"line":10}},"s":{"0":4,"1":0,"2":0,"3":0,"4":0,"5":0,"6":0,"7":0,"8":0,"9":4},"f":{"0":0},"b":{"0":[0,0]},"_coverageSchema":"1a1c01bbd47fc00a2c39e90264f33305004495a9","hash":"0010d9b2dac97e018f509a0f9f0546cd7f44dcbe"}
,"C:\\Users\\Owner\\Desktop\\capstone_design\\Deliversity_frontend\\src\\components\\paymentBookCard.js": {"path":"C:\\Users\\Owner\\Desktop\\capstone_design\\Deliversity_frontend\\src\\components\\paymentBookCard.js","statementMap":{"0":{"start":{"line":4,"column":24},"end":{"line":37,"column":1}},"1":{"start":{"line":5,"column":2},"end":{"line":36,"column":4}}},"fnMap":{"0":{"name":"(anonymous_0)","decl":{"start":{"line":4,"column":24},"end":{"line":4,"column":25}},"loc":{"start":{"line":4,"column":49},"end":{"line":37,"column":1}},"line":4}},"branchMap":{},"s":{"0":1,"1":0},"f":{"0":0},"b":{},"_coverageSchema":"1a1c01bbd47fc00a2c39e90264f33305004495a9","hash":"beaf7ede83a5d301f219b31a90b5a68a25f59170"}
,"C:\\Users\\Owner\\Desktop\\capstone_design\\Deliversity_frontend\\src\\components\\reportCard.js": {"path":"C:\\Users\\Owner\\Desktop\\capstone_design\\Deliversity_frontend\\src\\components\\reportCard.js","statementMap":{"0":{"start":{"line":3,"column":19},"end":{"line":48,"column":1}},"1":{"start":{"line":4,"column":2},"end":{"line":47,"column":4}},"2":{"start":{"line":51,"column":15},"end":{"line":64,"column":2}}},"fnMap":{"0":{"name":"(anonymous_0)","decl":{"start":{"line":3,"column":19},"end":{"line":3,"column":20}},"loc":{"start":{"line":3,"column":44},"end":{"line":48,"column":1}},"line":3}},"branchMap":{"0":{"loc":{"start":{"line":17,"column":9},"end":{"line":21,"column":9}},"type":"binary-expr","locations":[{"start":{"line":17,"column":9},"end":{"line":17,"column":31}},{"start":{"line":18,"column":10},"end":{"line":20,"column":17}}],"line":17},"1":{"loc":{"start":{"line":22,"column":9},"end":{"line":26,"column":9}},"type":"binary-expr","locations":[{"start":{"line":22,"column":9},"end":{"line":22,"column":31}},{"start":{"line":23,"column":10},"end":{"line":25,"column":17}}],"line":22},"2":{"loc":{"start":{"line":32,"column":7},"end":{"line":45,"column":7}},"type":"binary-expr","locations":[{"start":{"line":32,"column":7},"end":{"line":32,"column":29}},{"start":{"line":33,"column":8},"end":{"line":44,"column":15}}],"line":32}},"s":{"0":1,"1":0,"2":1},"f":{"0":0},"b":{"0":[0,0],"1":[0,0],"2":[0,0]},"_coverageSchema":"1a1c01bbd47fc00a2c39e90264f33305004495a9","hash":"1ea85d7f4c9aa1ca6ba4eb95d6e2c33d0e4fc0c4"}
,"C:\\Users\\Owner\\Desktop\\capstone_design\\Deliversity_frontend\\src\\components\\seekDeliveryCard.js": {"path":"C:\\Users\\Owner\\Desktop\\capstone_design\\Deliversity_frontend\\src\\components\\seekDeliveryCard.js","statementMap":{"0":{"start":{"line":5,"column":25},"end":{"line":32,"column":1}},"1":{"start":{"line":6,"column":2},"end":{"line":31,"column":4}},"2":{"start":{"line":36,"column":15},"end":{"line":75,"column":2}}},"fnMap":{"0":{"name":"(anonymous_0)","decl":{"start":{"line":5,"column":25},"end":{"line":5,"column":26}},"loc":{"start":{"line":5,"column":50},"end":{"line":32,"column":1}},"line":5}},"branchMap":{"0":{"loc":{"start":{"line":14,"column":9},"end":{"line":27,"column":9}},"type":"cond-expr","locations":[{"start":{"line":14,"column":42},"end":{"line":14,"column":46}},{"start":{"line":15,"column":10},"end":{"line":26,"column":17}}],"line":14}},"s":{"0":1,"1":0,"2":1},"f":{"0":0},"b":{"0":[0,0]},"_coverageSchema":"1a1c01bbd47fc00a2c39e90264f33305004495a9","hash":"64171446d5d0522031cc01f261bf50c1ecbd3d14"}
,"C:\\Users\\Owner\\Desktop\\capstone_design\\Deliversity_frontend\\src\\screens\\Auth\\SignupScreen.js": {"path":"C:\\Users\\Owner\\Desktop\\capstone_design\\Deliversity_frontend\\src\\screens\\Auth\\SignupScreen.js","statementMap":{"0":{"start":{"line":14,"column":29},"end":{"line":16,"column":3}},"1":{"start":{"line":18,"column":4},"end":{"line":18,"column":17}},"2":{"start":{"line":19,"column":4},"end":{"line":34,"column":6}},"3":{"start":{"line":37,"column":20},"end":{"line":40,"column":3}},"4":{"start":{"line":38,"column":4},"end":{"line":38,"column":38}},"5":{"start":{"line":39,"column":4},"end":{"line":39,"column":43}},"6":{"start":{"line":41,"column":15},"end":{"line":54,"column":3}},"7":{"start":{"line":42,"column":17},"end":{"line":44,"column":5}},"8":{"start":{"line":45,"column":4},"end":{"line":45,"column":22}},"9":{"start":{"line":46,"column":4},"end":{"line":53,"column":9}},"10":{"start":{"line":49,"column":8},"end":{"line":49,"column":35}},"11":{"start":{"line":52,"column":8},"end":{"line":52,"column":45}},"12":{"start":{"line":56,"column":15},"end":{"line":71,"column":3}},"13":{"start":{"line":57,"column":17},"end":{"line":60,"column":5}},"14":{"start":{"line":61,"column":4},"end":{"line":61,"column":22}},"15":{"start":{"line":62,"column":4},"end":{"line":70,"column":9}},"16":{"start":{"line":65,"column":8},"end":{"line":65,"column":36}},"17":{"start":{"line":66,"column":8},"end":{"line":66,"column":25}},"18":{"start":{"line":69,"column":8},"end":{"line":69,"column":42}},"19":{"start":{"line":73,"column":17},"end":{"line":85,"column":3}},"20":{"start":{"line":74,"column":17},"end":{"line":76,"column":5}},"21":{"start":{"line":77,"column":4},"end":{"line":84,"column":9}},"22":{"start":{"line":80,"column":8},"end":{"line":80,"column":38}},"23":{"start":{"line":83,"column":8},"end":{"line":83,"column":42}},"24":{"start":{"line":87,"column":16},"end":{"line":118,"column":3}},"25":{"start":{"line":88,"column":4},"end":{"line":117,"column":5}},"26":{"start":{"line":89,"column":6},"end":{"line":114,"column":7}},"27":{"start":{"line":90,"column":21},"end":{"line":101,"column":9}},"28":{"start":{"line":102,"column":8},"end":{"line":102,"column":26}},"29":{"start":{"line":103,"column":8},"end":{"line":110,"column":13}},"30":{"start":{"line":106,"column":12},"end":{"line":106,"column":57}},"31":{"start":{"line":109,"column":12},"end":{"line":109,"column":47}},"32":{"start":{"line":111,"column":8},"end":{"line":111,"column":43}},"33":{"start":{"line":113,"column":8},"end":{"line":113,"column":27}},"34":{"start":{"line":116,"column":6},"end":{"line":116,"column":29}},"35":{"start":{"line":121,"column":4},"end":{"line":302,"column":6}},"36":{"start":{"line":133,"column":38},"end":{"line":133,"column":63}},"37":{"start":{"line":144,"column":38},"end":{"line":144,"column":63}},"38":{"start":{"line":154,"column":38},"end":{"line":154,"column":65}},"39":{"start":{"line":164,"column":38},"end":{"line":164,"column":66}},"40":{"start":{"line":171,"column":16},"end":{"line":171,"column":34}},"41":{"start":{"line":183,"column":16},"end":{"line":183,"column":54}},"42":{"start":{"line":193,"column":46},"end":{"line":193,"column":75}},"43":{"start":{"line":201,"column":24},"end":{"line":201,"column":42}},"44":{"start":{"line":209,"column":22},"end":{"line":209,"column":69}},"45":{"start":{"line":223,"column":38},"end":{"line":223,"column":66}},"46":{"start":{"line":231,"column":16},"end":{"line":231,"column":36}},"47":{"start":{"line":243,"column":38},"end":{"line":243,"column":69}},"48":{"start":{"line":251,"column":29},"end":{"line":251,"column":60}},"49":{"start":{"line":257,"column":29},"end":{"line":257,"column":62}},"50":{"start":{"line":267,"column":38},"end":{"line":267,"column":64}},"51":{"start":{"line":287,"column":29},"end":{"line":287,"column":57}},"52":{"start":{"line":296,"column":14},"end":{"line":296,"column":33}},"53":{"start":{"line":308,"column":15},"end":{"line":458,"column":2}}},"fnMap":{"0":{"name":"(anonymous_0)","decl":{"start":{"line":17,"column":2},"end":{"line":17,"column":3}},"loc":{"start":{"line":17,"column":21},"end":{"line":35,"column":3}},"line":17},"1":{"name":"(anonymous_1)","decl":{"start":{"line":37,"column":20},"end":{"line":37,"column":21}},"loc":{"start":{"line":37,"column":33},"end":{"line":40,"column":3}},"line":37},"2":{"name":"(anonymous_2)","decl":{"start":{"line":41,"column":15},"end":{"line":41,"column":16}},"loc":{"start":{"line":41,"column":27},"end":{"line":54,"column":3}},"line":41},"3":{"name":"(anonymous_3)","decl":{"start":{"line":48,"column":12},"end":{"line":48,"column":13}},"loc":{"start":{"line":48,"column":18},"end":{"line":50,"column":7}},"line":48},"4":{"name":"(anonymous_4)","decl":{"start":{"line":51,"column":13},"end":{"line":51,"column":14}},"loc":{"start":{"line":51,"column":22},"end":{"line":53,"column":7}},"line":51},"5":{"name":"(anonymous_5)","decl":{"start":{"line":56,"column":15},"end":{"line":56,"column":16}},"loc":{"start":{"line":56,"column":27},"end":{"line":71,"column":3}},"line":56},"6":{"name":"(anonymous_6)","decl":{"start":{"line":64,"column":12},"end":{"line":64,"column":13}},"loc":{"start":{"line":64,"column":18},"end":{"line":67,"column":7}},"line":64},"7":{"name":"(anonymous_7)","decl":{"start":{"line":68,"column":13},"end":{"line":68,"column":14}},"loc":{"start":{"line":68,"column":22},"end":{"line":70,"column":7}},"line":68},"8":{"name":"(anonymous_8)","decl":{"start":{"line":73,"column":17},"end":{"line":73,"column":18}},"loc":{"start":{"line":73,"column":29},"end":{"line":85,"column":3}},"line":73},"9":{"name":"(anonymous_9)","decl":{"start":{"line":79,"column":12},"end":{"line":79,"column":13}},"loc":{"start":{"line":79,"column":18},"end":{"line":81,"column":7}},"line":79},"10":{"name":"(anonymous_10)","decl":{"start":{"line":82,"column":13},"end":{"line":82,"column":14}},"loc":{"start":{"line":82,"column":22},"end":{"line":84,"column":7}},"line":82},"11":{"name":"(anonymous_11)","decl":{"start":{"line":87,"column":16},"end":{"line":87,"column":17}},"loc":{"start":{"line":87,"column":28},"end":{"line":118,"column":3}},"line":87},"12":{"name":"(anonymous_12)","decl":{"start":{"line":105,"column":16},"end":{"line":105,"column":17}},"loc":{"start":{"line":105,"column":30},"end":{"line":107,"column":11}},"line":105},"13":{"name":"(anonymous_13)","decl":{"start":{"line":108,"column":17},"end":{"line":108,"column":18}},"loc":{"start":{"line":108,"column":28},"end":{"line":110,"column":11}},"line":108},"14":{"name":"(anonymous_14)","decl":{"start":{"line":120,"column":2},"end":{"line":120,"column":3}},"loc":{"start":{"line":120,"column":11},"end":{"line":303,"column":3}},"line":120},"15":{"name":"(anonymous_15)","decl":{"start":{"line":133,"column":28},"end":{"line":133,"column":29}},"loc":{"start":{"line":133,"column":38},"end":{"line":133,"column":63}},"line":133},"16":{"name":"(anonymous_16)","decl":{"start":{"line":144,"column":28},"end":{"line":144,"column":29}},"loc":{"start":{"line":144,"column":38},"end":{"line":144,"column":63}},"line":144},"17":{"name":"(anonymous_17)","decl":{"start":{"line":154,"column":28},"end":{"line":154,"column":29}},"loc":{"start":{"line":154,"column":38},"end":{"line":154,"column":65}},"line":154},"18":{"name":"(anonymous_18)","decl":{"start":{"line":164,"column":28},"end":{"line":164,"column":29}},"loc":{"start":{"line":164,"column":38},"end":{"line":164,"column":66}},"line":164},"19":{"name":"(anonymous_19)","decl":{"start":{"line":170,"column":23},"end":{"line":170,"column":24}},"loc":{"start":{"line":170,"column":29},"end":{"line":172,"column":15}},"line":170},"20":{"name":"(anonymous_20)","decl":{"start":{"line":182,"column":30},"end":{"line":182,"column":31}},"loc":{"start":{"line":182,"column":36},"end":{"line":184,"column":15}},"line":182},"21":{"name":"(anonymous_21)","decl":{"start":{"line":193,"column":36},"end":{"line":193,"column":37}},"loc":{"start":{"line":193,"column":46},"end":{"line":193,"column":75}},"line":193},"22":{"name":"(anonymous_22)","decl":{"start":{"line":200,"column":31},"end":{"line":200,"column":32}},"loc":{"start":{"line":200,"column":37},"end":{"line":202,"column":23}},"line":200},"23":{"name":"(anonymous_23)","decl":{"start":{"line":208,"column":29},"end":{"line":208,"column":30}},"loc":{"start":{"line":208,"column":35},"end":{"line":210,"column":21}},"line":208},"24":{"name":"(anonymous_24)","decl":{"start":{"line":223,"column":28},"end":{"line":223,"column":29}},"loc":{"start":{"line":223,"column":38},"end":{"line":223,"column":66}},"line":223},"25":{"name":"(anonymous_25)","decl":{"start":{"line":230,"column":23},"end":{"line":230,"column":24}},"loc":{"start":{"line":230,"column":29},"end":{"line":232,"column":15}},"line":230},"26":{"name":"(anonymous_26)","decl":{"start":{"line":243,"column":28},"end":{"line":243,"column":29}},"loc":{"start":{"line":243,"column":38},"end":{"line":243,"column":69}},"line":243},"27":{"name":"(anonymous_27)","decl":{"start":{"line":251,"column":23},"end":{"line":251,"column":24}},"loc":{"start":{"line":251,"column":29},"end":{"line":251,"column":60}},"line":251},"28":{"name":"(anonymous_28)","decl":{"start":{"line":257,"column":23},"end":{"line":257,"column":24}},"loc":{"start":{"line":257,"column":29},"end":{"line":257,"column":62}},"line":257},"29":{"name":"(anonymous_29)","decl":{"start":{"line":267,"column":28},"end":{"line":267,"column":29}},"loc":{"start":{"line":267,"column":38},"end":{"line":267,"column":64}},"line":267},"30":{"name":"(anonymous_30)","decl":{"start":{"line":287,"column":23},"end":{"line":287,"column":24}},"loc":{"start":{"line":287,"column":29},"end":{"line":287,"column":57}},"line":287},"31":{"name":"(anonymous_31)","decl":{"start":{"line":295,"column":21},"end":{"line":295,"column":22}},"loc":{"start":{"line":295,"column":27},"end":{"line":297,"column":13}},"line":295}},"branchMap":{"0":{"loc":{"start":{"line":29,"column":15},"end":{"line":29,"column":79}},"type":"cond-expr","locations":[{"start":{"line":29,"column":41},"end":{"line":29,"column":72}},{"start":{"line":29,"column":75},"end":{"line":29,"column":79}}],"line":29},"1":{"loc":{"start":{"line":30,"column":19},"end":{"line":32,"column":14}},"type":"cond-expr","locations":[{"start":{"line":31,"column":10},"end":{"line":31,"column":45}},{"start":{"line":32,"column":10},"end":{"line":32,"column":14}}],"line":30},"2":{"loc":{"start":{"line":88,"column":4},"end":{"line":117,"column":5}},"type":"if","locations":[{"start":{"line":88,"column":4},"end":{"line":117,"column":5}},{"start":{"line":88,"column":4},"end":{"line":117,"column":5}}],"line":88},"3":{"loc":{"start":{"line":100,"column":18},"end":{"line":100,"column":53}},"type":"cond-expr","locations":[{"start":{"line":100,"column":48},"end":{"line":100,"column":49}},{"start":{"line":100,"column":52},"end":{"line":100,"column":53}}],"line":100},"4":{"loc":{"start":{"line":250,"column":22},"end":{"line":250,"column":75}},"type":"cond-expr","locations":[{"start":{"line":250,"column":52},"end":{"line":250,"column":61}},{"start":{"line":250,"column":64},"end":{"line":250,"column":75}}],"line":250},"5":{"loc":{"start":{"line":256,"column":22},"end":{"line":256,"column":77}},"type":"cond-expr","locations":[{"start":{"line":256,"column":54},"end":{"line":256,"column":63}},{"start":{"line":256,"column":66},"end":{"line":256,"column":77}}],"line":256},"6":{"loc":{"start":{"line":286,"column":22},"end":{"line":286,"column":73}},"type":"cond-expr","locations":[{"start":{"line":286,"column":50},"end":{"line":286,"column":59}},{"start":{"line":286,"column":62},"end":{"line":286,"column":73}}],"line":286}},"s":{"0":1,"1":1,"2":1,"3":1,"4":0,"5":0,"6":1,"7":0,"8":0,"9":0,"10":0,"11":0,"12":1,"13":0,"14":0,"15":0,"16":0,"17":0,"18":0,"19":1,"20":0,"21":0,"22":0,"23":0,"24":1,"25":0,"26":0,"27":0,"28":0,"29":0,"30":0,"31":0,"32":0,"33":0,"34":0,"35":2,"36":0,"37":0,"38":0,"39":0,"40":0,"41":0,"42":0,"43":0,"44":0,"45":0,"46":0,"47":0,"48":0,"49":0,"50":0,"51":0,"52":0,"53":1},"f":{"0":1,"1":0,"2":0,"3":0,"4":0,"5":0,"6":0,"7":0,"8":0,"9":0,"10":0,"11":0,"12":0,"13":0,"14":2,"15":0,"16":0,"17":0,"18":0,"19":0,"20":0,"21":0,"22":0,"23":0,"24":0,"25":0,"26":0,"27":0,"28":0,"29":0,"30":0,"31":0},"b":{"0":[1,0],"1":[1,0],"2":[0,0],"3":[0,0],"4":[0,2],"5":[0,2],"6":[0,2]},"_coverageSchema":"1a1c01bbd47fc00a2c39e90264f33305004495a9","hash":"7dacc35247583b3f28501a3d5fc35f7ca01fe3ba"}
,"C:\\Users\\Owner\\Desktop\\capstone_design\\Deliversity_frontend\\src\\screens\\ConsumerHome\\HomeScreen.js": {"path":"C:\\Users\\Owner\\Desktop\\capstone_design\\Deliversity_frontend\\src\\screens\\ConsumerHome\\HomeScreen.js","statementMap":{"0":{"start":{"line":20,"column":20},"end":{"line":20,"column":52}},"1":{"start":{"line":21,"column":24},"end":{"line":21,"column":48}},"2":{"start":{"line":23,"column":10},"end":{"line":25,"column":3}},"3":{"start":{"line":27,"column":20},"end":{"line":31,"column":3}},"4":{"start":{"line":28,"column":4},"end":{"line":30,"column":7}},"5":{"start":{"line":33,"column":8},"end":{"line":37,"column":3}},"6":{"start":{"line":34,"column":4},"end":{"line":36,"column":7}},"7":{"start":{"line":35,"column":6},"end":{"line":35,"column":67}},"8":{"start":{"line":39,"column":22},"end":{"line":43,"column":3}},"9":{"start":{"line":40,"column":4},"end":{"line":40,"column":23}},"10":{"start":{"line":41,"column":20},"end":{"line":41,"column":56}},"11":{"start":{"line":42,"column":4},"end":{"line":42,"column":56}},"12":{"start":{"line":46,"column":4},"end":{"line":185,"column":6}},"13":{"start":{"line":50,"column":27},"end":{"line":50,"column":63}},"14":{"start":{"line":92,"column":20},"end":{"line":92,"column":48}},"15":{"start":{"line":107,"column":20},"end":{"line":107,"column":50}},"16":{"start":{"line":118,"column":20},"end":{"line":118,"column":48}},"17":{"start":{"line":131,"column":20},"end":{"line":131,"column":48}},"18":{"start":{"line":146,"column":20},"end":{"line":146,"column":47}},"19":{"start":{"line":157,"column":20},"end":{"line":157,"column":47}},"20":{"start":{"line":174,"column":29},"end":{"line":174,"column":64}},"21":{"start":{"line":189,"column":15},"end":{"line":246,"column":2}}},"fnMap":{"0":{"name":"(anonymous_0)","decl":{"start":{"line":27,"column":20},"end":{"line":27,"column":21}},"loc":{"start":{"line":27,"column":36},"end":{"line":31,"column":3}},"line":27},"1":{"name":"(anonymous_1)","decl":{"start":{"line":33,"column":8},"end":{"line":33,"column":9}},"loc":{"start":{"line":33,"column":20},"end":{"line":37,"column":3}},"line":33},"2":{"name":"(anonymous_2)","decl":{"start":{"line":34,"column":35},"end":{"line":34,"column":36}},"loc":{"start":{"line":34,"column":55},"end":{"line":36,"column":5}},"line":34},"3":{"name":"(anonymous_3)","decl":{"start":{"line":39,"column":22},"end":{"line":39,"column":23}},"loc":{"start":{"line":39,"column":34},"end":{"line":43,"column":3}},"line":39},"4":{"name":"(anonymous_4)","decl":{"start":{"line":45,"column":2},"end":{"line":45,"column":3}},"loc":{"start":{"line":45,"column":11},"end":{"line":186,"column":3}},"line":45},"5":{"name":"(anonymous_5)","decl":{"start":{"line":50,"column":21},"end":{"line":50,"column":22}},"loc":{"start":{"line":50,"column":27},"end":{"line":50,"column":63}},"line":50},"6":{"name":"(anonymous_6)","decl":{"start":{"line":91,"column":27},"end":{"line":91,"column":28}},"loc":{"start":{"line":91,"column":33},"end":{"line":93,"column":19}},"line":91},"7":{"name":"(anonymous_7)","decl":{"start":{"line":106,"column":27},"end":{"line":106,"column":28}},"loc":{"start":{"line":106,"column":33},"end":{"line":108,"column":19}},"line":106},"8":{"name":"(anonymous_8)","decl":{"start":{"line":117,"column":27},"end":{"line":117,"column":28}},"loc":{"start":{"line":117,"column":33},"end":{"line":119,"column":19}},"line":117},"9":{"name":"(anonymous_9)","decl":{"start":{"line":130,"column":27},"end":{"line":130,"column":28}},"loc":{"start":{"line":130,"column":33},"end":{"line":132,"column":19}},"line":130},"10":{"name":"(anonymous_10)","decl":{"start":{"line":145,"column":27},"end":{"line":145,"column":28}},"loc":{"start":{"line":145,"column":33},"end":{"line":147,"column":19}},"line":145},"11":{"name":"(anonymous_11)","decl":{"start":{"line":156,"column":27},"end":{"line":156,"column":28}},"loc":{"start":{"line":156,"column":33},"end":{"line":158,"column":19}},"line":156},"12":{"name":"(anonymous_12)","decl":{"start":{"line":174,"column":23},"end":{"line":174,"column":24}},"loc":{"start":{"line":174,"column":29},"end":{"line":174,"column":64}},"line":174}},"branchMap":{"0":{"loc":{"start":{"line":20,"column":20},"end":{"line":20,"column":52}},"type":"cond-expr","locations":[{"start":{"line":20,"column":44},"end":{"line":20,"column":47}},{"start":{"line":20,"column":50},"end":{"line":20,"column":52}}],"line":20}},"s":{"0":1,"1":1,"2":1,"3":1,"4":0,"5":1,"6":0,"7":0,"8":1,"9":0,"10":0,"11":0,"12":1,"13":0,"14":0,"15":0,"16":0,"17":0,"18":0,"19":0,"20":0,"21":1},"f":{"0":0,"1":0,"2":0,"3":0,"4":1,"5":0,"6":0,"7":0,"8":0,"9":0,"10":0,"11":0,"12":0},"b":{"0":[0,1]},"_coverageSchema":"1a1c01bbd47fc00a2c39e90264f33305004495a9","hash":"51e956c6a3ddb70b6dc1b29088ccac2a0b9aa0c0"}
,"C:\\Users\\Owner\\Desktop\\capstone_design\\Deliversity_frontend\\src\\screens\\ConsumerHome\\Mapping.js": {"path":"C:\\Users\\Owner\\Desktop\\capstone_design\\Deliversity_frontend\\src\\screens\\ConsumerHome\\Mapping.js","statementMap":{"0":{"start":{"line":16,"column":29},"end":{"line":18,"column":3}},"1":{"start":{"line":20,"column":4},"end":{"line":20,"column":17}},"2":{"start":{"line":22,"column":4},"end":{"line":29,"column":6}},"3":{"start":{"line":30,"column":4},"end":{"line":30,"column":17}},"4":{"start":{"line":31,"column":4},"end":{"line":31,"column":22}},"5":{"start":{"line":34,"column":10},"end":{"line":50,"column":3}},"6":{"start":{"line":35,"column":4},"end":{"line":37,"column":5}},"7":{"start":{"line":36,"column":6},"end":{"line":36,"column":19}},"8":{"start":{"line":38,"column":4},"end":{"line":40,"column":5}},"9":{"start":{"line":39,"column":6},"end":{"line":39,"column":19}},"10":{"start":{"line":41,"column":4},"end":{"line":43,"column":5}},"11":{"start":{"line":42,"column":6},"end":{"line":42,"column":18}},"12":{"start":{"line":44,"column":4},"end":{"line":46,"column":5}},"13":{"start":{"line":45,"column":6},"end":{"line":45,"column":19}},"14":{"start":{"line":47,"column":4},"end":{"line":49,"column":5}},"15":{"start":{"line":48,"column":6},"end":{"line":48,"column":18}},"16":{"start":{"line":51,"column":15},"end":{"line":67,"column":3}},"17":{"start":{"line":52,"column":4},"end":{"line":65,"column":9}},"18":{"start":{"line":55,"column":8},"end":{"line":61,"column":11}},"19":{"start":{"line":64,"column":8},"end":{"line":64,"column":23}},"20":{"start":{"line":66,"column":4},"end":{"line":66,"column":39}},"21":{"start":{"line":69,"column":32},"end":{"line":163,"column":3}},"22":{"start":{"line":70,"column":4},"end":{"line":103,"column":5}},"23":{"start":{"line":71,"column":6},"end":{"line":71,"column":60}},"24":{"start":{"line":72,"column":6},"end":{"line":77,"column":9}},"25":{"start":{"line":78,"column":6},"end":{"line":102,"column":7}},"26":{"start":{"line":79,"column":8},"end":{"line":101,"column":10}},"27":{"start":{"line":87,"column":16},"end":{"line":87,"column":40}},"28":{"start":{"line":88,"column":24},"end":{"line":88,"column":42}},"29":{"start":{"line":89,"column":16},"end":{"line":94,"column":19}},"30":{"start":{"line":95,"column":16},"end":{"line":95,"column":44}},"31":{"start":{"line":96,"column":16},"end":{"line":96,"column":32}},"32":{"start":{"line":105,"column":21},"end":{"line":105,"column":47}},"33":{"start":{"line":106,"column":22},"end":{"line":106,"column":49}},"34":{"start":{"line":108,"column":4},"end":{"line":108,"column":37}},"35":{"start":{"line":109,"column":20},"end":{"line":109,"column":24}},"36":{"start":{"line":110,"column":14},"end":{"line":116,"column":5}},"37":{"start":{"line":117,"column":16},"end":{"line":117,"column":69}},"38":{"start":{"line":118,"column":15},"end":{"line":131,"column":5}},"39":{"start":{"line":132,"column":4},"end":{"line":134,"column":5}},"40":{"start":{"line":133,"column":6},"end":{"line":133,"column":53}},"41":{"start":{"line":135,"column":4},"end":{"line":162,"column":9}},"42":{"start":{"line":136,"column":21},"end":{"line":136,"column":29}},"43":{"start":{"line":139,"column":21},"end":{"line":139,"column":23}},"44":{"start":{"line":140,"column":8},"end":{"line":158,"column":9}},"45":{"start":{"line":145,"column":10},"end":{"line":157,"column":11}},"46":{"start":{"line":146,"column":32},"end":{"line":146,"column":41}},"47":{"start":{"line":149,"column":12},"end":{"line":149,"column":29}},"48":{"start":{"line":150,"column":12},"end":{"line":155,"column":13}},"49":{"start":{"line":151,"column":14},"end":{"line":151,"column":60}},"50":{"start":{"line":152,"column":14},"end":{"line":154,"column":15}},"51":{"start":{"line":153,"column":16},"end":{"line":153,"column":48}},"52":{"start":{"line":156,"column":12},"end":{"line":156,"column":29}},"53":{"start":{"line":159,"column":8},"end":{"line":159,"column":41}},"54":{"start":{"line":160,"column":8},"end":{"line":160,"column":24}},"55":{"start":{"line":161,"column":8},"end":{"line":161,"column":46}},"56":{"start":{"line":165,"column":13},"end":{"line":167,"column":3}},"57":{"start":{"line":166,"column":4},"end":{"line":166,"column":43}},"58":{"start":{"line":168,"column":19},"end":{"line":172,"column":3}},"59":{"start":{"line":169,"column":4},"end":{"line":169,"column":23}},"60":{"start":{"line":170,"column":4},"end":{"line":170,"column":34}},"61":{"start":{"line":171,"column":4},"end":{"line":171,"column":39}},"62":{"start":{"line":175,"column":4},"end":{"line":177,"column":5}},"63":{"start":{"line":176,"column":6},"end":{"line":176,"column":24}},"64":{"start":{"line":181,"column":4},"end":{"line":208,"column":6}},"65":{"start":{"line":195,"column":14},"end":{"line":203,"column":16}},"66":{"start":{"line":214,"column":14},"end":{"line":221,"column":2}}},"fnMap":{"0":{"name":"(anonymous_0)","decl":{"start":{"line":19,"column":2},"end":{"line":19,"column":3}},"loc":{"start":{"line":19,"column":21},"end":{"line":33,"column":3}},"line":19},"1":{"name":"(anonymous_1)","decl":{"start":{"line":34,"column":10},"end":{"line":34,"column":11}},"loc":{"start":{"line":34,"column":16},"end":{"line":50,"column":3}},"line":34},"2":{"name":"(anonymous_2)","decl":{"start":{"line":51,"column":15},"end":{"line":51,"column":16}},"loc":{"start":{"line":51,"column":27},"end":{"line":67,"column":3}},"line":51},"3":{"name":"(anonymous_3)","decl":{"start":{"line":54,"column":12},"end":{"line":54,"column":13}},"loc":{"start":{"line":54,"column":21},"end":{"line":62,"column":7}},"line":54},"4":{"name":"(anonymous_4)","decl":{"start":{"line":63,"column":13},"end":{"line":63,"column":14}},"loc":{"start":{"line":63,"column":20},"end":{"line":65,"column":7}},"line":63},"5":{"name":"(anonymous_5)","decl":{"start":{"line":69,"column":32},"end":{"line":69,"column":33}},"loc":{"start":{"line":69,"column":45},"end":{"line":163,"column":3}},"line":69},"6":{"name":"(anonymous_6)","decl":{"start":{"line":86,"column":23},"end":{"line":86,"column":24}},"loc":{"start":{"line":86,"column":29},"end":{"line":97,"column":15}},"line":86},"7":{"name":"(anonymous_7)","decl":{"start":{"line":136,"column":12},"end":{"line":136,"column":13}},"loc":{"start":{"line":136,"column":21},"end":{"line":136,"column":29}},"line":136},"8":{"name":"(anonymous_8)","decl":{"start":{"line":137,"column":12},"end":{"line":137,"column":13}},"loc":{"start":{"line":137,"column":26},"end":{"line":162,"column":7}},"line":137},"9":{"name":"(anonymous_9)","decl":{"start":{"line":146,"column":25},"end":{"line":146,"column":26}},"loc":{"start":{"line":146,"column":32},"end":{"line":146,"column":41}},"line":146},"10":{"name":"(anonymous_10)","decl":{"start":{"line":165,"column":13},"end":{"line":165,"column":14}},"loc":{"start":{"line":165,"column":19},"end":{"line":167,"column":3}},"line":165},"11":{"name":"(anonymous_11)","decl":{"start":{"line":168,"column":19},"end":{"line":168,"column":20}},"loc":{"start":{"line":168,"column":30},"end":{"line":172,"column":3}},"line":168},"12":{"name":"(anonymous_12)","decl":{"start":{"line":174,"column":2},"end":{"line":174,"column":3}},"loc":{"start":{"line":174,"column":11},"end":{"line":209,"column":3}},"line":174},"13":{"name":"(anonymous_13)","decl":{"start":{"line":194,"column":36},"end":{"line":194,"column":37}},"loc":{"start":{"line":195,"column":14},"end":{"line":203,"column":16}},"line":195}},"branchMap":{"0":{"loc":{"start":{"line":35,"column":4},"end":{"line":37,"column":5}},"type":"if","locations":[{"start":{"line":35,"column":4},"end":{"line":37,"column":5}},{"start":{"line":35,"column":4},"end":{"line":37,"column":5}}],"line":35},"1":{"loc":{"start":{"line":38,"column":4},"end":{"line":40,"column":5}},"type":"if","locations":[{"start":{"line":38,"column":4},"end":{"line":40,"column":5}},{"start":{"line":38,"column":4},"end":{"line":40,"column":5}}],"line":38},"2":{"loc":{"start":{"line":41,"column":4},"end":{"line":43,"column":5}},"type":"if","locations":[{"start":{"line":41,"column":4},"end":{"line":43,"column":5}},{"start":{"line":41,"column":4},"end":{"line":43,"column":5}}],"line":41},"3":{"loc":{"start":{"line":44,"column":4},"end":{"line":46,"column":5}},"type":"if","locations":[{"start":{"line":44,"column":4},"end":{"line":46,"column":5}},{"start":{"line":44,"column":4},"end":{"line":46,"column":5}}],"line":44},"4":{"loc":{"start":{"line":47,"column":4},"end":{"line":49,"column":5}},"type":"if","locations":[{"start":{"line":47,"column":4},"end":{"line":49,"column":5}},{"start":{"line":47,"column":4},"end":{"line":49,"column":5}}],"line":47},"5":{"loc":{"start":{"line":70,"column":4},"end":{"line":103,"column":5}},"type":"if","locations":[{"start":{"line":70,"column":4},"end":{"line":103,"column":5}},{"start":{"line":70,"column":4},"end":{"line":103,"column":5}}],"line":70},"6":{"loc":{"start":{"line":78,"column":6},"end":{"line":102,"column":7}},"type":"if","locations":[{"start":{"line":78,"column":6},"end":{"line":102,"column":7}},{"start":{"line":78,"column":6},"end":{"line":102,"column":7}}],"line":78},"7":{"loc":{"start":{"line":132,"column":4},"end":{"line":134,"column":5}},"type":"if","locations":[{"start":{"line":132,"column":4},"end":{"line":134,"column":5}},{"start":{"line":132,"column":4},"end":{"line":134,"column":5}}],"line":132},"8":{"loc":{"start":{"line":145,"column":10},"end":{"line":157,"column":11}},"type":"if","locations":[{"start":{"line":145,"column":10},"end":{"line":157,"column":11}},{"start":{"line":145,"column":10},"end":{"line":157,"column":11}}],"line":145},"9":{"loc":{"start":{"line":146,"column":12},"end":{"line":147,"column":59}},"type":"binary-expr","locations":[{"start":{"line":146,"column":12},"end":{"line":146,"column":42}},{"start":{"line":147,"column":12},"end":{"line":147,"column":59}}],"line":146},"10":{"loc":{"start":{"line":150,"column":12},"end":{"line":155,"column":13}},"type":"if","locations":[{"start":{"line":150,"column":12},"end":{"line":155,"column":13}},{"start":{"line":150,"column":12},"end":{"line":155,"column":13}}],"line":150},"11":{"loc":{"start":{"line":152,"column":14},"end":{"line":154,"column":15}},"type":"if","locations":[{"start":{"line":152,"column":14},"end":{"line":154,"column":15}},{"start":{"line":152,"column":14},"end":{"line":154,"column":15}}],"line":152},"12":{"loc":{"start":{"line":175,"column":4},"end":{"line":177,"column":5}},"type":"if","locations":[{"start":{"line":175,"column":4},"end":{"line":177,"column":5}},{"start":{"line":175,"column":4},"end":{"line":177,"column":5}}],"line":175},"13":{"loc":{"start":{"line":175,"column":8},"end":{"line":175,"column":66}},"type":"binary-expr","locations":[{"start":{"line":175,"column":8},"end":{"line":175,"column":43}},{"start":{"line":175,"column":47},"end":{"line":175,"column":66}}],"line":175}},"s":{"0":2,"1":1,"2":1,"3":1,"4":1,"5":1,"6":1,"7":0,"8":1,"9":0,"10":1,"11":0,"12":1,"13":0,"14":1,"15":0,"16":1,"17":2,"18":0,"19":0,"20":0,"21":1,"22":0,"23":0,"24":0,"25":0,"26":0,"27":0,"28":0,"29":0,"30":0,"31":0,"32":0,"33":0,"34":0,"35":0,"36":0,"37":0,"38":0,"39":0,"40":0,"41":0,"42":0,"43":0,"44":0,"45":0,"46":0,"47":0,"48":0,"49":0,"50":0,"51":0,"52":0,"53":0,"54":0,"55":0,"56":1,"57":0,"58":1,"59":0,"60":0,"61":0,"62":1,"63":1,"64":1,"65":0,"66":2},"f":{"0":1,"1":1,"2":2,"3":0,"4":0,"5":0,"6":0,"7":0,"8":0,"9":0,"10":0,"11":0,"12":1,"13":0},"b":{"0":[0,1],"1":[0,1],"2":[0,1],"3":[0,1],"4":[0,1],"5":[0,0],"6":[0,0],"7":[0,0],"8":[0,0],"9":[0,0],"10":[0,0],"11":[0,0],"12":[1,0],"13":[1,1]},"_coverageSchema":"1a1c01bbd47fc00a2c39e90264f33305004495a9","hash":"025818330cdc4c74eb71b404d897b3f66537c8c8"}
,"C:\\Users\\Owner\\Desktop\\capstone_design\\Deliversity_frontend\\src\\screens\\ConsumerHome\\StoreScreen.js": {"path":"C:\\Users\\Owner\\Desktop\\capstone_design\\Deliversity_frontend\\src\\screens\\ConsumerHome\\StoreScreen.js","statementMap":{"0":{"start":{"line":16,"column":29},"end":{"line":18,"column":3}},"1":{"start":{"line":20,"column":4},"end":{"line":20,"column":17}},"2":{"start":{"line":21,"column":4},"end":{"line":21,"column":43}},"3":{"start":{"line":22,"column":4},"end":{"line":28,"column":6}},"4":{"start":{"line":29,"column":4},"end":{"line":29,"column":37}},"5":{"start":{"line":30,"column":4},"end":{"line":30,"column":29}},"6":{"start":{"line":32,"column":20},"end":{"line":34,"column":3}},"7":{"start":{"line":33,"column":4},"end":{"line":33,"column":46}},"8":{"start":{"line":35,"column":22},"end":{"line":46,"column":3}},"9":{"start":{"line":36,"column":4},"end":{"line":45,"column":9}},"10":{"start":{"line":40,"column":10},"end":{"line":40,"column":67}},"11":{"start":{"line":41,"column":8},"end":{"line":41,"column":42}},"12":{"start":{"line":44,"column":8},"end":{"line":44,"column":35}},"13":{"start":{"line":48,"column":12},"end":{"line":51,"column":3}},"14":{"start":{"line":50,"column":4},"end":{"line":50,"column":35}},"15":{"start":{"line":54,"column":4},"end":{"line":142,"column":6}},"16":{"start":{"line":65,"column":14},"end":{"line":65,"column":37}},"17":{"start":{"line":80,"column":16},"end":{"line":91,"column":23}},"18":{"start":{"line":85,"column":22},"end":{"line":87,"column":25}},"19":{"start":{"line":110,"column":42},"end":{"line":110,"column":74}},"20":{"start":{"line":115,"column":20},"end":{"line":117,"column":21}},"21":{"start":{"line":124,"column":18},"end":{"line":135,"column":25}},"22":{"start":{"line":129,"column":24},"end":{"line":131,"column":27}},"23":{"start":{"line":145,"column":24},"end":{"line":147,"column":2}},"24":{"start":{"line":145,"column":36},"end":{"line":147,"column":1}},"25":{"start":{"line":149,"column":15},"end":{"line":214,"column":2}}},"fnMap":{"0":{"name":"(anonymous_0)","decl":{"start":{"line":19,"column":2},"end":{"line":19,"column":3}},"loc":{"start":{"line":19,"column":21},"end":{"line":31,"column":3}},"line":19},"1":{"name":"(anonymous_1)","decl":{"start":{"line":32,"column":20},"end":{"line":32,"column":21}},"loc":{"start":{"line":32,"column":26},"end":{"line":34,"column":3}},"line":32},"2":{"name":"(anonymous_2)","decl":{"start":{"line":35,"column":22},"end":{"line":35,"column":23}},"loc":{"start":{"line":35,"column":28},"end":{"line":46,"column":3}},"line":35},"3":{"name":"(anonymous_3)","decl":{"start":{"line":38,"column":12},"end":{"line":38,"column":13}},"loc":{"start":{"line":38,"column":21},"end":{"line":42,"column":7}},"line":38},"4":{"name":"(anonymous_4)","decl":{"start":{"line":43,"column":13},"end":{"line":43,"column":14}},"loc":{"start":{"line":43,"column":20},"end":{"line":45,"column":7}},"line":43},"5":{"name":"(anonymous_5)","decl":{"start":{"line":48,"column":12},"end":{"line":48,"column":13}},"loc":{"start":{"line":48,"column":22},"end":{"line":51,"column":3}},"line":48},"6":{"name":"(anonymous_6)","decl":{"start":{"line":53,"column":2},"end":{"line":53,"column":3}},"loc":{"start":{"line":53,"column":11},"end":{"line":143,"column":3}},"line":53},"7":{"name":"(anonymous_7)","decl":{"start":{"line":64,"column":21},"end":{"line":64,"column":22}},"loc":{"start":{"line":64,"column":27},"end":{"line":66,"column":13}},"line":64},"8":{"name":"(anonymous_8)","decl":{"start":{"line":79,"column":38},"end":{"line":79,"column":39}},"loc":{"start":{"line":80,"column":16},"end":{"line":91,"column":23}},"line":80},"9":{"name":"(anonymous_9)","decl":{"start":{"line":84,"column":29},"end":{"line":84,"column":30}},"loc":{"start":{"line":84,"column":35},"end":{"line":88,"column":21}},"line":84},"10":{"name":"(anonymous_10)","decl":{"start":{"line":110,"column":32},"end":{"line":110,"column":33}},"loc":{"start":{"line":110,"column":42},"end":{"line":110,"column":74}},"line":110},"11":{"name":"(anonymous_11)","decl":{"start":{"line":114,"column":27},"end":{"line":114,"column":28}},"loc":{"start":{"line":115,"column":20},"end":{"line":117,"column":21}},"line":115},"12":{"name":"(anonymous_12)","decl":{"start":{"line":123,"column":40},"end":{"line":123,"column":41}},"loc":{"start":{"line":124,"column":18},"end":{"line":135,"column":25}},"line":124},"13":{"name":"(anonymous_13)","decl":{"start":{"line":128,"column":31},"end":{"line":128,"column":32}},"loc":{"start":{"line":128,"column":37},"end":{"line":132,"column":23}},"line":128},"14":{"name":"(anonymous_14)","decl":{"start":{"line":145,"column":24},"end":{"line":145,"column":25}},"loc":{"start":{"line":145,"column":36},"end":{"line":147,"column":1}},"line":145}},"branchMap":{"0":{"loc":{"start":{"line":23,"column":16},"end":{"line":23,"column":79}},"type":"cond-expr","locations":[{"start":{"line":23,"column":42},"end":{"line":23,"column":74}},{"start":{"line":23,"column":77},"end":{"line":23,"column":79}}],"line":23},"1":{"loc":{"start":{"line":59,"column":13},"end":{"line":61,"column":34}},"type":"cond-expr","locations":[{"start":{"line":60,"column":16},"end":{"line":60,"column":34}},{"start":{"line":61,"column":16},"end":{"line":61,"column":34}}],"line":59},"2":{"loc":{"start":{"line":77,"column":11},"end":{"line":139,"column":11}},"type":"cond-expr","locations":[{"start":{"line":78,"column":12},"end":{"line":93,"column":25}},{"start":{"line":95,"column":12},"end":{"line":138,"column":19}}],"line":77},"3":{"loc":{"start":{"line":159,"column":15},"end":{"line":159,"column":46}},"type":"cond-expr","locations":[{"start":{"line":159,"column":39},"end":{"line":159,"column":41}},{"start":{"line":159,"column":44},"end":{"line":159,"column":46}}],"line":159}},"s":{"0":2,"1":1,"2":1,"3":1,"4":1,"5":1,"6":1,"7":0,"8":1,"9":1,"10":0,"11":0,"12":0,"13":1,"14":0,"15":1,"16":0,"17":0,"18":0,"19":0,"20":0,"21":0,"22":0,"23":2,"24":1,"25":2},"f":{"0":1,"1":0,"2":1,"3":0,"4":0,"5":0,"6":1,"7":0,"8":0,"9":0,"10":0,"11":0,"12":0,"13":0,"14":1},"b":{"0":[1,0],"1":[0,1],"2":[0,1],"3":[0,2]},"_coverageSchema":"1a1c01bbd47fc00a2c39e90264f33305004495a9","hash":"03cb1ce806453477f9a561c977b2c080db4a6b0d"}
,"C:\\Users\\Owner\\Desktop\\capstone_design\\Deliversity_frontend\\src\\screens\\CourierHome\\DetailDeliveryScreen.js": {"path":"C:\\Users\\Owner\\Desktop\\capstone_design\\Deliversity_frontend\\src\\screens\\CourierHome\\DetailDeliveryScreen.js","statementMap":{"0":{"start":{"line":14,"column":29},"end":{"line":16,"column":3}},"1":{"start":{"line":18,"column":4},"end":{"line":18,"column":17}},"2":{"start":{"line":19,"column":4},"end":{"line":28,"column":6}},"3":{"start":{"line":29,"column":4},"end":{"line":29,"column":24}},"4":{"start":{"line":31,"column":17},"end":{"line":45,"column":3}},"5":{"start":{"line":32,"column":17},"end":{"line":34,"column":5}},"6":{"start":{"line":35,"column":20},"end":{"line":35,"column":46}},"7":{"start":{"line":36,"column":4},"end":{"line":44,"column":9}},"8":{"start":{"line":39,"column":8},"end":{"line":39,"column":33}},"9":{"start":{"line":40,"column":8},"end":{"line":40,"column":41}},"10":{"start":{"line":43,"column":8},"end":{"line":43,"column":39}},"11":{"start":{"line":46,"column":17},"end":{"line":62,"column":3}},"12":{"start":{"line":47,"column":4},"end":{"line":60,"column":9}},"13":{"start":{"line":50,"column":18},"end":{"line":50,"column":60}},"14":{"start":{"line":51,"column":19},"end":{"line":51,"column":36}},"15":{"start":{"line":52,"column":18},"end":{"line":52,"column":35}},"16":{"start":{"line":53,"column":19},"end":{"line":53,"column":35}},"17":{"start":{"line":54,"column":8},"end":{"line":58,"column":11}},"18":{"start":{"line":59,"column":8},"end":{"line":59,"column":29}},"19":{"start":{"line":63,"column":18},"end":{"line":72,"column":3}},"20":{"start":{"line":64,"column":4},"end":{"line":71,"column":24}},"21":{"start":{"line":69,"column":8},"end":{"line":69,"column":76}},"22":{"start":{"line":74,"column":4},"end":{"line":175,"column":6}},"23":{"start":{"line":81,"column":45},"end":{"line":81,"column":61}},"24":{"start":{"line":83,"column":16},"end":{"line":83,"column":50}},"25":{"start":{"line":140,"column":29},"end":{"line":140,"column":72}},"26":{"start":{"line":151,"column":40},"end":{"line":151,"column":71}},"27":{"start":{"line":169,"column":14},"end":{"line":169,"column":34}},"28":{"start":{"line":179,"column":15},"end":{"line":244,"column":2}}},"fnMap":{"0":{"name":"(anonymous_0)","decl":{"start":{"line":17,"column":2},"end":{"line":17,"column":3}},"loc":{"start":{"line":17,"column":21},"end":{"line":30,"column":3}},"line":17},"1":{"name":"(anonymous_1)","decl":{"start":{"line":31,"column":17},"end":{"line":31,"column":18}},"loc":{"start":{"line":31,"column":29},"end":{"line":45,"column":3}},"line":31},"2":{"name":"(anonymous_2)","decl":{"start":{"line":38,"column":12},"end":{"line":38,"column":13}},"loc":{"start":{"line":38,"column":21},"end":{"line":41,"column":7}},"line":38},"3":{"name":"(anonymous_3)","decl":{"start":{"line":42,"column":13},"end":{"line":42,"column":14}},"loc":{"start":{"line":42,"column":20},"end":{"line":44,"column":7}},"line":42},"4":{"name":"(anonymous_4)","decl":{"start":{"line":46,"column":17},"end":{"line":46,"column":18}},"loc":{"start":{"line":46,"column":29},"end":{"line":62,"column":3}},"line":46},"5":{"name":"(anonymous_5)","decl":{"start":{"line":49,"column":12},"end":{"line":49,"column":13}},"loc":{"start":{"line":49,"column":21},"end":{"line":60,"column":7}},"line":49},"6":{"name":"(anonymous_6)","decl":{"start":{"line":63,"column":18},"end":{"line":63,"column":19}},"loc":{"start":{"line":63,"column":30},"end":{"line":72,"column":3}},"line":63},"7":{"name":"(anonymous_7)","decl":{"start":{"line":68,"column":12},"end":{"line":68,"column":13}},"loc":{"start":{"line":68,"column":21},"end":{"line":70,"column":7}},"line":68},"8":{"name":"(anonymous_8)","decl":{"start":{"line":71,"column":13},"end":{"line":71,"column":14}},"loc":{"start":{"line":71,"column":20},"end":{"line":71,"column":22}},"line":71},"9":{"name":"(anonymous_9)","decl":{"start":{"line":73,"column":2},"end":{"line":73,"column":3}},"loc":{"start":{"line":73,"column":11},"end":{"line":176,"column":3}},"line":73},"10":{"name":"(anonymous_10)","decl":{"start":{"line":81,"column":28},"end":{"line":81,"column":29}},"loc":{"start":{"line":81,"column":45},"end":{"line":81,"column":61}},"line":81},"11":{"name":"(anonymous_11)","decl":{"start":{"line":82,"column":25},"end":{"line":82,"column":26}},"loc":{"start":{"line":82,"column":35},"end":{"line":84,"column":15}},"line":82},"12":{"name":"(anonymous_12)","decl":{"start":{"line":140,"column":23},"end":{"line":140,"column":24}},"loc":{"start":{"line":140,"column":29},"end":{"line":140,"column":72}},"line":140},"13":{"name":"(anonymous_13)","decl":{"start":{"line":151,"column":30},"end":{"line":151,"column":31}},"loc":{"start":{"line":151,"column":40},"end":{"line":151,"column":71}},"line":151},"14":{"name":"(anonymous_14)","decl":{"start":{"line":168,"column":21},"end":{"line":168,"column":22}},"loc":{"start":{"line":168,"column":27},"end":{"line":170,"column":13}},"line":168}},"branchMap":{"0":{"loc":{"start":{"line":20,"column":15},"end":{"line":20,"column":77}},"type":"cond-expr","locations":[{"start":{"line":20,"column":41},"end":{"line":20,"column":72}},{"start":{"line":20,"column":75},"end":{"line":20,"column":77}}],"line":20},"1":{"loc":{"start":{"line":78,"column":11},"end":{"line":88,"column":11}},"type":"cond-expr","locations":[{"start":{"line":79,"column":12},"end":{"line":85,"column":14}},{"start":{"line":87,"column":12},"end":{"line":87,"column":61}}],"line":78},"2":{"loc":{"start":{"line":95,"column":13},"end":{"line":109,"column":20}},"type":"cond-expr","locations":[{"start":{"line":96,"column":14},"end":{"line":108,"column":21}},{"start":{"line":109,"column":16},"end":{"line":109,"column":20}}],"line":95},"3":{"loc":{"start":{"line":139,"column":22},"end":{"line":139,"column":74}},"type":"cond-expr","locations":[{"start":{"line":139,"column":51},"end":{"line":139,"column":60}},{"start":{"line":139,"column":63},"end":{"line":139,"column":74}}],"line":139},"4":{"loc":{"start":{"line":143,"column":11},"end":{"line":159,"column":11}},"type":"cond-expr","locations":[{"start":{"line":143,"column":41},"end":{"line":143,"column":45}},{"start":{"line":144,"column":12},"end":{"line":158,"column":19}}],"line":143}},"s":{"0":1,"1":1,"2":1,"3":1,"4":1,"5":0,"6":0,"7":0,"8":0,"9":0,"10":0,"11":1,"12":1,"13":0,"14":0,"15":0,"16":0,"17":0,"18":0,"19":1,"20":0,"21":0,"22":2,"23":0,"24":0,"25":0,"26":0,"27":0,"28":1},"f":{"0":1,"1":0,"2":0,"3":0,"4":1,"5":0,"6":0,"7":0,"8":0,"9":2,"10":0,"11":0,"12":0,"13":0,"14":0},"b":{"0":[1,0],"1":[0,2],"2":[0,2],"3":[0,2],"4":[2,0]},"_coverageSchema":"1a1c01bbd47fc00a2c39e90264f33305004495a9","hash":"2decb474cf62ce9f9710157038daf7192d12b95c"}
,"C:\\Users\\Owner\\Desktop\\capstone_design\\Deliversity_frontend\\src\\screens\\CourierHome\\SeekDeliveryScreen.js": {"path":"C:\\Users\\Owner\\Desktop\\capstone_design\\Deliversity_frontend\\src\\screens\\CourierHome\\SeekDeliveryScreen.js","statementMap":{"0":{"start":{"line":22,"column":20},"end":{"line":22,"column":52}},"1":{"start":{"line":23,"column":24},"end":{"line":23,"column":48}},"2":{"start":{"line":26,"column":4},"end":{"line":26,"column":17}},"3":{"start":{"line":27,"column":4},"end":{"line":37,"column":6}},"4":{"start":{"line":40,"column":4},"end":{"line":40,"column":29}},"5":{"start":{"line":41,"column":4},"end":{"line":41,"column":29}},"6":{"start":{"line":43,"column":18},"end":{"line":51,"column":3}},"7":{"start":{"line":44,"column":4},"end":{"line":47,"column":7}},"8":{"start":{"line":48,"column":4},"end":{"line":48,"column":27}},"9":{"start":{"line":49,"column":4},"end":{"line":49,"column":35}},"10":{"start":{"line":50,"column":4},"end":{"line":50,"column":35}},"11":{"start":{"line":52,"column":22},"end":{"line":68,"column":3}},"12":{"start":{"line":53,"column":4},"end":{"line":53,"column":44}},"13":{"start":{"line":54,"column":4},"end":{"line":67,"column":24}},"14":{"start":{"line":57,"column":26},"end":{"line":57,"column":46}},"15":{"start":{"line":58,"column":28},"end":{"line":60,"column":10}},"16":{"start":{"line":59,"column":10},"end":{"line":59,"column":38}},"17":{"start":{"line":61,"column":8},"end":{"line":65,"column":11}},"18":{"start":{"line":69,"column":22},"end":{"line":88,"column":3}},"19":{"start":{"line":70,"column":4},"end":{"line":70,"column":44}},"20":{"start":{"line":71,"column":4},"end":{"line":87,"column":9}},"21":{"start":{"line":75,"column":26},"end":{"line":75,"column":46}},"22":{"start":{"line":76,"column":33},"end":{"line":78,"column":10}},"23":{"start":{"line":77,"column":10},"end":{"line":77,"column":39}},"24":{"start":{"line":79,"column":8},"end":{"line":83,"column":11}},"25":{"start":{"line":86,"column":8},"end":{"line":86,"column":39}},"26":{"start":{"line":89,"column":15},"end":{"line":100,"column":3}},"27":{"start":{"line":90,"column":4},"end":{"line":99,"column":6}},"28":{"start":{"line":94,"column":10},"end":{"line":96,"column":12}},"29":{"start":{"line":102,"column":21},"end":{"line":106,"column":3}},"30":{"start":{"line":103,"column":4},"end":{"line":103,"column":28}},"31":{"start":{"line":104,"column":20},"end":{"line":104,"column":61}},"32":{"start":{"line":105,"column":4},"end":{"line":105,"column":27}},"33":{"start":{"line":107,"column":16},"end":{"line":115,"column":3}},"34":{"start":{"line":108,"column":4},"end":{"line":112,"column":7}},"35":{"start":{"line":113,"column":4},"end":{"line":113,"column":27}},"36":{"start":{"line":114,"column":4},"end":{"line":114,"column":25}},"37":{"start":{"line":117,"column":16},"end":{"line":125,"column":3}},"38":{"start":{"line":118,"column":4},"end":{"line":122,"column":7}},"39":{"start":{"line":123,"column":4},"end":{"line":123,"column":27}},"40":{"start":{"line":124,"column":4},"end":{"line":124,"column":25}},"41":{"start":{"line":127,"column":20},"end":{"line":208,"column":3}},"42":{"start":{"line":129,"column":19},"end":{"line":129,"column":43}},"43":{"start":{"line":131,"column":17},"end":{"line":131,"column":39}},"44":{"start":{"line":132,"column":4},"end":{"line":207,"column":5}},"45":{"start":{"line":133,"column":6},"end":{"line":133,"column":27}},"46":{"start":{"line":134,"column":11},"end":{"line":207,"column":5}},"47":{"start":{"line":139,"column":6},"end":{"line":141,"column":9}},"48":{"start":{"line":142,"column":6},"end":{"line":160,"column":7}},"49":{"start":{"line":143,"column":26},"end":{"line":143,"column":49}},"50":{"start":{"line":144,"column":28},"end":{"line":146,"column":10}},"51":{"start":{"line":145,"column":10},"end":{"line":145,"column":45}},"52":{"start":{"line":147,"column":8},"end":{"line":150,"column":11}},"53":{"start":{"line":152,"column":26},"end":{"line":152,"column":53}},"54":{"start":{"line":153,"column":28},"end":{"line":155,"column":10}},"55":{"start":{"line":154,"column":10},"end":{"line":154,"column":45}},"56":{"start":{"line":156,"column":8},"end":{"line":159,"column":11}},"57":{"start":{"line":163,"column":6},"end":{"line":165,"column":9}},"58":{"start":{"line":166,"column":6},"end":{"line":206,"column":7}},"59":{"start":{"line":167,"column":26},"end":{"line":167,"column":49}},"60":{"start":{"line":168,"column":8},"end":{"line":185,"column":9}},"61":{"start":{"line":170,"column":30},"end":{"line":172,"column":12}},"62":{"start":{"line":171,"column":12},"end":{"line":171,"column":48}},"63":{"start":{"line":173,"column":10},"end":{"line":176,"column":13}},"64":{"start":{"line":178,"column":30},"end":{"line":180,"column":12}},"65":{"start":{"line":179,"column":12},"end":{"line":179,"column":79}},"66":{"start":{"line":181,"column":10},"end":{"line":184,"column":13}},"67":{"start":{"line":187,"column":26},"end":{"line":187,"column":53}},"68":{"start":{"line":188,"column":8},"end":{"line":205,"column":9}},"69":{"start":{"line":190,"column":30},"end":{"line":192,"column":12}},"70":{"start":{"line":191,"column":12},"end":{"line":191,"column":48}},"71":{"start":{"line":193,"column":10},"end":{"line":196,"column":13}},"72":{"start":{"line":198,"column":30},"end":{"line":200,"column":12}},"73":{"start":{"line":199,"column":12},"end":{"line":199,"column":79}},"74":{"start":{"line":201,"column":10},"end":{"line":204,"column":13}},"75":{"start":{"line":210,"column":4},"end":{"line":331,"column":6}},"76":{"start":{"line":214,"column":27},"end":{"line":214,"column":63}},"77":{"start":{"line":239,"column":16},"end":{"line":239,"column":39}},"78":{"start":{"line":243,"column":38},"end":{"line":243,"column":72}},"79":{"start":{"line":254,"column":16},"end":{"line":254,"column":57}},"80":{"start":{"line":266,"column":29},"end":{"line":266,"column":51}},"81":{"start":{"line":281,"column":38},"end":{"line":281,"column":56}},"82":{"start":{"line":294,"column":45},"end":{"line":294,"column":61}},"83":{"start":{"line":298,"column":45},"end":{"line":298,"column":63}},"84":{"start":{"line":305,"column":45},"end":{"line":305,"column":63}},"85":{"start":{"line":320,"column":29},"end":{"line":320,"column":64}},"86":{"start":{"line":335,"column":15},"end":{"line":446,"column":2}}},"fnMap":{"0":{"name":"(anonymous_0)","decl":{"start":{"line":25,"column":2},"end":{"line":25,"column":3}},"loc":{"start":{"line":25,"column":21},"end":{"line":38,"column":3}},"line":25},"1":{"name":"(anonymous_1)","decl":{"start":{"line":39,"column":2},"end":{"line":39,"column":3}},"loc":{"start":{"line":39,"column":28},"end":{"line":42,"column":3}},"line":39},"2":{"name":"(anonymous_2)","decl":{"start":{"line":43,"column":18},"end":{"line":43,"column":19}},"loc":{"start":{"line":43,"column":30},"end":{"line":51,"column":3}},"line":43},"3":{"name":"(anonymous_3)","decl":{"start":{"line":52,"column":22},"end":{"line":52,"column":23}},"loc":{"start":{"line":52,"column":34},"end":{"line":68,"column":3}},"line":52},"4":{"name":"(anonymous_4)","decl":{"start":{"line":56,"column":12},"end":{"line":56,"column":13}},"loc":{"start":{"line":56,"column":21},"end":{"line":66,"column":7}},"line":56},"5":{"name":"(anonymous_5)","decl":{"start":{"line":58,"column":45},"end":{"line":58,"column":46}},"loc":{"start":{"line":58,"column":60},"end":{"line":60,"column":9}},"line":58},"6":{"name":"(anonymous_6)","decl":{"start":{"line":67,"column":13},"end":{"line":67,"column":14}},"loc":{"start":{"line":67,"column":20},"end":{"line":67,"column":22}},"line":67},"7":{"name":"(anonymous_7)","decl":{"start":{"line":69,"column":22},"end":{"line":69,"column":23}},"loc":{"start":{"line":69,"column":34},"end":{"line":88,"column":3}},"line":69},"8":{"name":"(anonymous_8)","decl":{"start":{"line":73,"column":12},"end":{"line":73,"column":13}},"loc":{"start":{"line":73,"column":21},"end":{"line":84,"column":7}},"line":73},"9":{"name":"(anonymous_9)","decl":{"start":{"line":76,"column":50},"end":{"line":76,"column":51}},"loc":{"start":{"line":76,"column":65},"end":{"line":78,"column":9}},"line":76},"10":{"name":"(anonymous_10)","decl":{"start":{"line":85,"column":13},"end":{"line":85,"column":14}},"loc":{"start":{"line":85,"column":20},"end":{"line":87,"column":7}},"line":85},"11":{"name":"(anonymous_11)","decl":{"start":{"line":89,"column":15},"end":{"line":89,"column":16}},"loc":{"start":{"line":89,"column":27},"end":{"line":100,"column":3}},"line":89},"12":{"name":"(anonymous_12)","decl":{"start":{"line":93,"column":17},"end":{"line":93,"column":18}},"loc":{"start":{"line":94,"column":10},"end":{"line":96,"column":12}},"line":94},"13":{"name":"(anonymous_13)","decl":{"start":{"line":102,"column":21},"end":{"line":102,"column":22}},"loc":{"start":{"line":102,"column":33},"end":{"line":106,"column":3}},"line":102},"14":{"name":"(anonymous_14)","decl":{"start":{"line":107,"column":16},"end":{"line":107,"column":17}},"loc":{"start":{"line":107,"column":22},"end":{"line":115,"column":3}},"line":107},"15":{"name":"(anonymous_15)","decl":{"start":{"line":117,"column":16},"end":{"line":117,"column":17}},"loc":{"start":{"line":117,"column":22},"end":{"line":125,"column":3}},"line":117},"16":{"name":"(anonymous_16)","decl":{"start":{"line":127,"column":20},"end":{"line":127,"column":21}},"loc":{"start":{"line":127,"column":26},"end":{"line":208,"column":3}},"line":127},"17":{"name":"(anonymous_17)","decl":{"start":{"line":144,"column":45},"end":{"line":144,"column":46}},"loc":{"start":{"line":144,"column":60},"end":{"line":146,"column":9}},"line":144},"18":{"name":"(anonymous_18)","decl":{"start":{"line":153,"column":45},"end":{"line":153,"column":46}},"loc":{"start":{"line":153,"column":60},"end":{"line":155,"column":9}},"line":153},"19":{"name":"(anonymous_19)","decl":{"start":{"line":170,"column":47},"end":{"line":170,"column":48}},"loc":{"start":{"line":170,"column":62},"end":{"line":172,"column":11}},"line":170},"20":{"name":"(anonymous_20)","decl":{"start":{"line":178,"column":47},"end":{"line":178,"column":48}},"loc":{"start":{"line":178,"column":62},"end":{"line":180,"column":11}},"line":178},"21":{"name":"(anonymous_21)","decl":{"start":{"line":190,"column":47},"end":{"line":190,"column":48}},"loc":{"start":{"line":190,"column":62},"end":{"line":192,"column":11}},"line":190},"22":{"name":"(anonymous_22)","decl":{"start":{"line":198,"column":47},"end":{"line":198,"column":48}},"loc":{"start":{"line":198,"column":62},"end":{"line":200,"column":11}},"line":198},"23":{"name":"(anonymous_23)","decl":{"start":{"line":209,"column":2},"end":{"line":209,"column":3}},"loc":{"start":{"line":209,"column":11},"end":{"line":332,"column":3}},"line":209},"24":{"name":"(anonymous_24)","decl":{"start":{"line":214,"column":21},"end":{"line":214,"column":22}},"loc":{"start":{"line":214,"column":27},"end":{"line":214,"column":63}},"line":214},"25":{"name":"(anonymous_25)","decl":{"start":{"line":238,"column":19},"end":{"line":238,"column":20}},"loc":{"start":{"line":238,"column":30},"end":{"line":240,"column":15}},"line":238},"26":{"name":"(anonymous_26)","decl":{"start":{"line":243,"column":28},"end":{"line":243,"column":29}},"loc":{"start":{"line":243,"column":38},"end":{"line":243,"column":72}},"line":243},"27":{"name":"(anonymous_27)","decl":{"start":{"line":253,"column":29},"end":{"line":253,"column":30}},"loc":{"start":{"line":254,"column":16},"end":{"line":254,"column":57}},"line":254},"28":{"name":"(anonymous_28)","decl":{"start":{"line":266,"column":23},"end":{"line":266,"column":24}},"loc":{"start":{"line":266,"column":29},"end":{"line":266,"column":51}},"line":266},"29":{"name":"(anonymous_29)","decl":{"start":{"line":281,"column":28},"end":{"line":281,"column":29}},"loc":{"start":{"line":281,"column":38},"end":{"line":281,"column":56}},"line":281},"30":{"name":"(anonymous_30)","decl":{"start":{"line":294,"column":28},"end":{"line":294,"column":29}},"loc":{"start":{"line":294,"column":45},"end":{"line":294,"column":61}},"line":294},"31":{"name":"(anonymous_31)","decl":{"start":{"line":298,"column":39},"end":{"line":298,"column":40}},"loc":{"start":{"line":298,"column":45},"end":{"line":298,"column":63}},"line":298},"32":{"name":"(anonymous_32)","decl":{"start":{"line":305,"column":39},"end":{"line":305,"column":40}},"loc":{"start":{"line":305,"column":45},"end":{"line":305,"column":63}},"line":305},"33":{"name":"(anonymous_33)","decl":{"start":{"line":320,"column":23},"end":{"line":320,"column":24}},"loc":{"start":{"line":320,"column":29},"end":{"line":320,"column":64}},"line":320}},"branchMap":{"0":{"loc":{"start":{"line":22,"column":20},"end":{"line":22,"column":52}},"type":"cond-expr","locations":[{"start":{"line":22,"column":44},"end":{"line":22,"column":47}},{"start":{"line":22,"column":50},"end":{"line":22,"column":52}}],"line":22},"1":{"loc":{"start":{"line":132,"column":4},"end":{"line":207,"column":5}},"type":"if","locations":[{"start":{"line":132,"column":4},"end":{"line":207,"column":5}},{"start":{"line":132,"column":4},"end":{"line":207,"column":5}}],"line":132},"2":{"loc":{"start":{"line":132,"column":8},"end":{"line":132,"column":74}},"type":"binary-expr","locations":[{"start":{"line":132,"column":8},"end":{"line":132,"column":37}},{"start":{"line":132,"column":41},"end":{"line":132,"column":74}}],"line":132},"3":{"loc":{"start":{"line":134,"column":11},"end":{"line":207,"column":5}},"type":"if","locations":[{"start":{"line":134,"column":11},"end":{"line":207,"column":5}},{"start":{"line":134,"column":11},"end":{"line":207,"column":5}}],"line":134},"4":{"loc":{"start":{"line":135,"column":6},"end":{"line":136,"column":39}},"type":"binary-expr","locations":[{"start":{"line":135,"column":6},"end":{"line":135,"column":35}},{"start":{"line":136,"column":6},"end":{"line":136,"column":39}}],"line":135},"5":{"loc":{"start":{"line":142,"column":6},"end":{"line":160,"column":7}},"type":"if","locations":[{"start":{"line":142,"column":6},"end":{"line":160,"column":7}},{"start":{"line":142,"column":6},"end":{"line":160,"column":7}}],"line":142},"6":{"loc":{"start":{"line":166,"column":6},"end":{"line":206,"column":7}},"type":"if","locations":[{"start":{"line":166,"column":6},"end":{"line":206,"column":7}},{"start":{"line":166,"column":6},"end":{"line":206,"column":7}}],"line":166},"7":{"loc":{"start":{"line":168,"column":8},"end":{"line":185,"column":9}},"type":"if","locations":[{"start":{"line":168,"column":8},"end":{"line":185,"column":9}},{"start":{"line":168,"column":8},"end":{"line":185,"column":9}}],"line":168},"8":{"loc":{"start":{"line":179,"column":19},"end":{"line":179,"column":78}},"type":"binary-expr","locations":[{"start":{"line":179,"column":19},"end":{"line":179,"column":47}},{"start":{"line":179,"column":51},"end":{"line":179,"column":78}}],"line":179},"9":{"loc":{"start":{"line":188,"column":8},"end":{"line":205,"column":9}},"type":"if","locations":[{"start":{"line":188,"column":8},"end":{"line":205,"column":9}},{"start":{"line":188,"column":8},"end":{"line":205,"column":9}}],"line":188},"10":{"loc":{"start":{"line":199,"column":19},"end":{"line":199,"column":78}},"type":"binary-expr","locations":[{"start":{"line":199,"column":19},"end":{"line":199,"column":47}},{"start":{"line":199,"column":51},"end":{"line":199,"column":78}}],"line":199},"11":{"loc":{"start":{"line":270,"column":11},"end":{"line":296,"column":11}},"type":"cond-expr","locations":[{"start":{"line":271,"column":12},"end":{"line":282,"column":14}},{"start":{"line":284,"column":12},"end":{"line":295,"column":14}}],"line":270},"12":{"loc":{"start":{"line":299,"column":15},"end":{"line":303,"column":15}},"type":"cond-expr","locations":[{"start":{"line":300,"column":16},"end":{"line":300,"column":71}},{"start":{"line":302,"column":16},"end":{"line":302,"column":63}}],"line":299},"13":{"loc":{"start":{"line":306,"column":15},"end":{"line":310,"column":15}},"type":"cond-expr","locations":[{"start":{"line":307,"column":16},"end":{"line":307,"column":71}},{"start":{"line":309,"column":16},"end":{"line":309,"column":63}}],"line":306}},"s":{"0":1,"1":1,"2":1,"3":1,"4":1,"5":1,"6":1,"7":0,"8":0,"9":0,"10":0,"11":1,"12":1,"13":0,"14":0,"15":0,"16":0,"17":0,"18":1,"19":1,"20":0,"21":0,"22":0,"23":0,"24":0,"25":0,"26":1,"27":0,"28":0,"29":1,"30":0,"31":0,"32":0,"33":1,"34":0,"35":0,"36":0,"37":1,"38":0,"39":0,"40":0,"41":1,"42":0,"43":0,"44":0,"45":0,"46":0,"47":0,"48":0,"49":0,"50":0,"51":0,"52":0,"53":0,"54":0,"55":0,"56":0,"57":0,"58":0,"59":0,"60":0,"61":0,"62":0,"63":0,"64":0,"65":0,"66":0,"67":0,"68":0,"69":0,"70":0,"71":0,"72":0,"73":0,"74":0,"75":4,"76":0,"77":0,"78":0,"79":0,"80":0,"81":0,"82":0,"83":0,"84":0,"85":0,"86":1},"f":{"0":1,"1":1,"2":0,"3":1,"4":0,"5":0,"6":0,"7":1,"8":0,"9":0,"10":0,"11":0,"12":0,"13":0,"14":0,"15":0,"16":0,"17":0,"18":0,"19":0,"20":0,"21":0,"22":0,"23":4,"24":0,"25":0,"26":0,"27":0,"28":0,"29":0,"30":0,"31":0,"32":0,"33":0},"b":{"0":[0,1],"1":[0,0],"2":[0,0],"3":[0,0],"4":[0,0],"5":[0,0],"6":[0,0],"7":[0,0],"8":[0,0],"9":[0,0],"10":[0,0],"11":[4,0],"12":[4,0],"13":[0,4]},"_coverageSchema":"1a1c01bbd47fc00a2c39e90264f33305004495a9","hash":"65ce21e487bbf346983584e605adf4bd5fab4f47"}
,"C:\\Users\\Owner\\Desktop\\capstone_design\\Deliversity_frontend\\src\\screens\\MyPage\\PaymentBookScreen.js": {"path":"C:\\Users\\Owner\\Desktop\\capstone_design\\Deliversity_frontend\\src\\screens\\MyPage\\PaymentBookScreen.js","statementMap":{"0":{"start":{"line":6,"column":29},"end":{"line":8,"column":3}},"1":{"start":{"line":10,"column":4},"end":{"line":10,"column":17}},"2":{"start":{"line":12,"column":4},"end":{"line":15,"column":6}},"3":{"start":{"line":18,"column":4},"end":{"line":18,"column":26}},"4":{"start":{"line":21,"column":14},"end":{"line":23,"column":3}},"5":{"start":{"line":22,"column":4},"end":{"line":22,"column":32}},"6":{"start":{"line":24,"column":19},"end":{"line":41,"column":3}},"7":{"start":{"line":25,"column":4},"end":{"line":40,"column":5}},"8":{"start":{"line":26,"column":6},"end":{"line":26,"column":40}},"9":{"start":{"line":27,"column":6},"end":{"line":37,"column":11}},"10":{"start":{"line":30,"column":10},"end":{"line":33,"column":13}},"11":{"start":{"line":36,"column":10},"end":{"line":36,"column":45}},"12":{"start":{"line":39,"column":6},"end":{"line":39,"column":25}},"13":{"start":{"line":42,"column":15},"end":{"line":44,"column":3}},"14":{"start":{"line":43,"column":4},"end":{"line":43,"column":36}},"15":{"start":{"line":47,"column":4},"end":{"line":67,"column":6}},"16":{"start":{"line":61,"column":38},"end":{"line":61,"column":56}},"17":{"start":{"line":71,"column":15},"end":{"line":85,"column":2}}},"fnMap":{"0":{"name":"(anonymous_0)","decl":{"start":{"line":9,"column":2},"end":{"line":9,"column":3}},"loc":{"start":{"line":9,"column":21},"end":{"line":16,"column":3}},"line":9},"1":{"name":"(anonymous_1)","decl":{"start":{"line":17,"column":2},"end":{"line":17,"column":3}},"loc":{"start":{"line":17,"column":28},"end":{"line":19,"column":3}},"line":17},"2":{"name":"(anonymous_2)","decl":{"start":{"line":21,"column":14},"end":{"line":21,"column":15}},"loc":{"start":{"line":21,"column":26},"end":{"line":23,"column":3}},"line":21},"3":{"name":"(anonymous_3)","decl":{"start":{"line":24,"column":19},"end":{"line":24,"column":20}},"loc":{"start":{"line":24,"column":31},"end":{"line":41,"column":3}},"line":24},"4":{"name":"(anonymous_4)","decl":{"start":{"line":29,"column":14},"end":{"line":29,"column":15}},"loc":{"start":{"line":29,"column":23},"end":{"line":34,"column":9}},"line":29},"5":{"name":"(anonymous_5)","decl":{"start":{"line":35,"column":15},"end":{"line":35,"column":16}},"loc":{"start":{"line":35,"column":26},"end":{"line":37,"column":9}},"line":35},"6":{"name":"(anonymous_6)","decl":{"start":{"line":42,"column":15},"end":{"line":42,"column":16}},"loc":{"start":{"line":42,"column":27},"end":{"line":44,"column":3}},"line":42},"7":{"name":"(anonymous_7)","decl":{"start":{"line":46,"column":2},"end":{"line":46,"column":3}},"loc":{"start":{"line":46,"column":11},"end":{"line":68,"column":3}},"line":46},"8":{"name":"(anonymous_8)","decl":{"start":{"line":61,"column":28},"end":{"line":61,"column":29}},"loc":{"start":{"line":61,"column":38},"end":{"line":61,"column":56}},"line":61}},"branchMap":{},"s":{"0":1,"1":1,"2":1,"3":1,"4":1,"5":0,"6":1,"7":1,"8":1,"9":1,"10":0,"11":0,"12":0,"13":1,"14":0,"15":3,"16":0,"17":1},"f":{"0":1,"1":1,"2":0,"3":1,"4":0,"5":0,"6":0,"7":3,"8":0},"b":{},"_coverageSchema":"1a1c01bbd47fc00a2c39e90264f33305004495a9","hash":"f97069e14e32a73dce0e5f991a198ee1fbf02705"}
[...]
line":47},"7":{"name":"(anonymous_7)","decl":{"start":{"line":65,"column":25},"end":{"line":65,"column":26}},"loc":{"start":{"line":65,"column":31},"end":{"line":65,"column":56}},"line":65},"8":{"name":"(anonymous_8)","decl":{"start":{"line":73,"column":25},"end":{"line":73,"column":26}},"loc":{"start":{"line":73,"column":31},"end":{"line":73,"column":56}},"line":73},"9":{"name":"(anonymous_9)","decl":{"start":{"line":81,"column":25},"end":{"line":81,"column":26}},"loc":{"start":{"line":81,"column":31},"end":{"line":81,"column":56}},"line":81},"10":{"name":"(anonymous_10)","decl":{"start":{"line":89,"column":25},"end":{"line":89,"column":26}},"loc":{"start":{"line":89,"column":31},"end":{"line":89,"column":56}},"line":89},"11":{"name":"(anonymous_11)","decl":{"start":{"line":97,"column":25},"end":{"line":97,"column":26}},"loc":{"start":{"line":97,"column":31},"end":{"line":97,"column":56}},"line":97},"12":{"name":"(anonymous_12)","decl":{"start":{"line":108,"column":26},"end":{"line":108,"column":27}},"loc":{"start":{"line":108,"column":36},"end":{"line":108,"column":66}},"line":108},"13":{"name":"(anonymous_13)","decl":{"start":{"line":118,"column":21},"end":{"line":118,"column":22}},"loc":{"start":{"line":118,"column":27},"end":{"line":120,"column":13}},"line":118},"14":{"name":"(anonymous_14)","decl":{"start":{"line":185,"column":24},"end":{"line":185,"column":25}},"loc":{"start":{"line":185,"column":36},"end":{"line":187,"column":1}},"line":185}},"branchMap":{"0":{"loc":{"start":{"line":24,"column":4},"end":{"line":34,"column":5}},"type":"if","locations":[{"start":{"line":24,"column":4},"end":{"line":34,"column":5}},{"start":{"line":24,"column":4},"end":{"line":34,"column":5}}],"line":24},"1":{"loc":{"start":{"line":35,"column":4},"end":{"line":45,"column":5}},"type":"if","locations":[{"start":{"line":35,"column":4},"end":{"line":45,"column":5}},{"start":{"line":35,"column":4},"end":{"line":45,"column":5}}],"line":35},"2":{"loc":{"start":{"line":64,"column":24},"end":{"line":64,"column":72}},"type":"cond-expr","locations":[{"start":{"line":64,"column":49},"end":{"line":64,"column":58}},{"start":{"line":64,"column":61},"end":{"line":64,"column":72}}],"line":64},"3":{"loc":{"start":{"line":72,"column":24},"end":{"line":72,"column":72}},"type":"cond-expr","locations":[{"start":{"line":72,"column":49},"end":{"line":72,"column":58}},{"start":{"line":72,"column":61},"end":{"line":72,"column":72}}],"line":72},"4":{"loc":{"start":{"line":80,"column":24},"end":{"line":80,"column":72}},"type":"cond-expr","locations":[{"start":{"line":80,"column":49},"end":{"line":80,"column":58}},{"start":{"line":80,"column":61},"end":{"line":80,"column":72}}],"line":80},"5":{"loc":{"start":{"line":88,"column":24},"end":{"line":88,"column":72}},"type":"cond-expr","locations":[{"start":{"line":88,"column":49},"end":{"line":88,"column":58}},{"start":{"line":88,"column":61},"end":{"line":88,"column":72}}],"line":88},"6":{"loc":{"start":{"line":96,"column":24},"end":{"line":96,"column":72}},"type":"cond-expr","locations":[{"start":{"line":96,"column":49},"end":{"line":96,"column":58}},{"start":{"line":96,"column":61},"end":{"line":96,"column":72}}],"line":96}},"s":{"0":1,"1":1,"2":1,"3":1,"4":0,"5":0,"6":0,"7":0,"8":0,"9":0,"10":0,"11":0,"12":0,"13":0,"14":0,"15":1,"16":0,"17":0,"18":0,"19":0,"20":0,"21":0,"22":0,"23":1,"24":1,"25":1},"f":{"0":1,"1":0,"2":0,"3":0,"4":0,"5":0,"6":1,"7":0,"8":0,"9":0,"10":0,"11":0,"12":0,"13":0,"14":1},"b":{"0":[0,0],"1":[0,0],"2":[0,1],"3":[0,1],"4":[0,1],"5":[0,1],"6":[0,1]},"_coverageSchema":"1a1c01bbd47fc00a2c39e90264f33305004495a9","hash":"5b7d5eab0b93f24c5cbc52c04536c04d526d3f72"}
,"C:\\Users\\Owner\\Desktop\\capstone_design\\Deliversity_frontend\\src\\store\\actions\\action.js": {"path":"C:\\Users\\Owner\\Desktop\\capstone_design\\Deliversity_frontend\\src\\store\\actions\\action.js","statementMap":{"0":{"start":{"line":19,"column":20},"end":{"line":19,"column":22}},"1":{"start":{"line":20,"column":30},"end":{"line":26,"column":1}},"2":{"start":{"line":21,"column":2},"end":{"line":25,"column":3}},"3":{"start":{"line":22,"column":4},"end":{"line":22,"column":60}},"4":{"start":{"line":24,"column":4},"end":{"line":24,"column":25}},"5":{"start":{"line":27,"column":30},"end":{"line":44,"column":1}},"6":{"start":{"line":28,"column":2},"end":{"line":43,"column":3}},"7":{"start":{"line":29,"column":21},"end":{"line":29,"column":70}},"8":{"start":{"line":30,"column":4},"end":{"line":32,"column":5}},"9":{"start":{"line":31,"column":6},"end":{"line":31,"column":19}},"10":{"start":{"line":40,"column":4},"end":{"line":40,"column":20}},"11":{"start":{"line":42,"column":4},"end":{"line":42,"column":25}},"12":{"start":{"line":46,"column":33},"end":{"line":52,"column":1}},"13":{"start":{"line":47,"column":2},"end":{"line":51,"column":3}},"14":{"start":{"line":48,"column":4},"end":{"line":48,"column":57}},"15":{"start":{"line":50,"column":4},"end":{"line":50,"column":23}},"16":{"start":{"line":53,"column":27},"end":{"line":73,"column":1}},"17":{"start":{"line":54,"column":2},"end":{"line":72,"column":4}},"18":{"start":{"line":55,"column":4},"end":{"line":59,"column":7}},"19":{"start":{"line":56,"column":20},"end":{"line":56,"column":40}},"20":{"start":{"line":57,"column":6},"end":{"line":57,"column":47}},"21":{"start":{"line":58,"column":6},"end":{"line":58,"column":20}},"22":{"start":{"line":60,"column":4},"end":{"line":60,"column":54}},"23":{"start":{"line":61,"column":4},"end":{"line":61,"column":66}},"24":{"start":{"line":62,"column":18},"end":{"line":62,"column":50}},"25":{"start":{"line":63,"column":4},"end":{"line":63,"column":48}},"26":{"start":{"line":64,"column":4},"end":{"line":64,"column":63}},"27":{"start":{"line":65,"column":21},"end":{"line":69,"column":5}},"28":{"start":{"line":70,"column":4},"end":{"line":70,"column":37}},"29":{"start":{"line":71,"column":4},"end":{"line":71,"column":37}},"30":{"start":{"line":75,"column":28},"end":{"line":110,"column":1}},"31":{"start":{"line":76,"column":2},"end":{"line":109,"column":4}},"32":{"start":{"line":77,"column":4},"end":{"line":108,"column":9}},"33":{"start":{"line":81,"column":8},"end":{"line":81,"column":33}},"34":{"start":{"line":82,"column":8},"end":{"line":107,"column":13}},"35":{"start":{"line":85,"column":12},"end":{"line":89,"column":15}},"36":{"start":{"line":86,"column":28},"end":{"line":86,"column":52}},"37":{"start":{"line":87,"column":14},"end":{"line":87,"column":55}},"38":{"start":{"line":88,"column":14},"end":{"line":88,"column":28}},"39":{"start":{"line":90,"column":12},"end":{"line":90,"column":66}},"40":{"start":{"line":91,"column":12},"end":{"line":91,"column":78}},"41":{"start":{"line":92,"column":26},"end":{"line":92,"column":62}},"42":{"start":{"line":93,"column":12},"end":{"line":93,"column":56}},"43":{"start":{"line":94,"column":12},"end":{"line":94,"column":47}},"44":{"start":{"line":95,"column":12},"end":{"line":95,"column":75}},"45":{"start":{"line":96,"column":29},"end":{"line":100,"column":13}},"46":{"start":{"line":101,"column":12},"end":{"line":101,"column":45}},"47":{"start":{"line":102,"column":12},"end":{"line":102,"column":45}},"48":{"start":{"line":105,"column":12},"end":{"line":105,"column":47}},"49":{"start":{"line":106,"column":12},"end":{"line":106,"column":42}},"50":{"start":{"line":111,"column":25},"end":{"line":159,"column":1}},"51":{"start":{"line":112,"column":2},"end":{"line":158,"column":4}},"52":{"start":{"line":113,"column":4},"end":{"line":157,"column":9}},"53":{"start":{"line":117,"column":24},"end":{"line":117,"column":44}},"54":{"start":{"line":118,"column":8},"end":{"line":122,"column":11}},"55":{"start":{"line":119,"column":24},"end":{"line":119,"column":34}},"56":{"start":{"line":120,"column":10},"end":{"line":120,"column":51}},"57":{"start":{"line":121,"column":10},"end":{"line":121,"column":24}},"58":{"start":{"line":123,"column":8},"end":{"line":156,"column":13}},"59":{"start":{"line":126,"column":12},"end":{"line":130,"column":15}},"60":{"start":{"line":127,"column":31},"end":{"line":127,"column":55}},"61":{"start":{"line":128,"column":14},"end":{"line":128,"column":58}},"62":{"start":{"line":129,"column":14},"end":{"line":129,"column":28}},"63":{"start":{"line":131,"column":12},"end":{"line":138,"column":17}},"64":{"start":{"line":134,"column":16},"end":{"line":134,"column":43}},"65":{"start":{"line":137,"column":16},"end":{"line":137,"column":51}},"66":{"start":{"line":139,"column":12},"end":{"line":139,"column":66}},"67":{"start":{"line":140,"column":12},"end":{"line":140,"column":78}},"68":{"start":{"line":141,"column":26},"end":{"line":141,"column":62}},"69":{"start":{"line":142,"column":12},"end":{"line":142,"column":56}},"70":{"start":{"line":143,"column":12},"end":{"line":143,"column":47}},"71":{"start":{"line":144,"column":12},"end":{"line":144,"column":75}},"72":{"start":{"line":145,"column":29},"end":{"line":149,"column":13}},"73":{"start":{"line":150,"column":12},"end":{"line":150,"column":45}},"74":{"start":{"line":154,"column":12},"end":{"line":154,"column":36}},"75":{"start":{"line":155,"column":12},"end":{"line":155,"column":42}},"76":{"start":{"line":161,"column":33},"end":{"line":166,"column":1}},"77":{"start":{"line":162,"column":2},"end":{"line":165,"column":4}},"78":{"start":{"line":167,"column":31},"end":{"line":175,"column":1}},"79":{"start":{"line":168,"column":2},"end":{"line":168,"column":23}},"80":{"start":{"line":169,"column":2},"end":{"line":174,"column":4}},"81":{"start":{"line":177,"column":36},"end":{"line":191,"column":1}},"82":{"start":{"line":178,"column":2},"end":{"line":190,"column":4}},"83":{"start":{"line":179,"column":4},"end":{"line":189,"column":9}},"84":{"start":{"line":183,"column":10},"end":{"line":183,"column":77}},"85":{"start":{"line":184,"column":8},"end":{"line":184,"column":29}},"86":{"start":{"line":185,"column":8},"end":{"line":185,"column":42}},"87":{"start":{"line":188,"column":8},"end":{"line":188,"column":43}},"88":{"start":{"line":192,"column":30},"end":{"line":197,"column":1}},"89":{"start":{"line":193,"column":2},"end":{"line":196,"column":4}},"90":{"start":{"line":198,"column":29},"end":{"line":204,"column":1}},"91":{"start":{"line":199,"column":2},"end":{"line":203,"column":4}},"92":{"start":{"line":200,"column":4},"end":{"line":200,"column":35}},"93":{"start":{"line":201,"column":4},"end":{"line":201,"column":52}},"94":{"start":{"line":202,"column":4},"end":{"line":202,"column":23}},"95":{"start":{"line":205,"column":28},"end":{"line":212,"column":1}},"96":{"start":{"line":206,"column":2},"end":{"line":211,"column":4}},"97":{"start":{"line":214,"column":28},"end":{"line":219,"column":1}},"98":{"start":{"line":215,"column":2},"end":{"line":218,"column":4}},"99":{"start":{"line":221,"column":27},"end":{"line":226,"column":1}},"100":{"start":{"line":222,"column":2},"end":{"line":225,"column":4}},"101":{"start":{"line":228,"column":25},"end":{"line":233,"column":1}},"102":{"start":{"line":229,"column":2},"end":{"line":232,"column":4}},"103":{"start":{"line":235,"column":22},"end":{"line":239,"column":1}},"104":{"start":{"line":236,"column":2},"end":{"line":238,"column":4}}},"fnMap":{"0":{"name":"(anonymous_0)","decl":{"start":{"line":20,"column":30},"end":{"line":20,"column":31}},"loc":{"start":{"line":20,"column":51},"end":{"line":26,"column":1}},"line":20},"1":{"name":"(anonymous_1)","decl":{"start":{"line":27,"column":30},"end":{"line":27,"column":31}},"loc":{"start":{"line":27,"column":45},"end":{"line":44,"column":1}},"line":27},"2":{"name":"(anonymous_2)","decl":{"start":{"line":46,"column":33},"end":{"line":46,"column":34}},"loc":{"start":{"line":46,"column":48},"end":{"line":52,"column":1}},"line":46},"3":{"name":"(anonymous_3)","decl":{"start":{"line":53,"column":27},"end":{"line":53,"column":28}},"loc":{"start":{"line":53,"column":37},"end":{"line":73,"column":1}},"line":53},"4":{"name":"(anonymous_4)","decl":{"start":{"line":54,"column":9},"end":{"line":54,"column":10}},"loc":{"start":{"line":54,"column":23},"end":{"line":72,"column":3}},"line":54},"5":{"name":"(anonymous_5)","decl":{"start":{"line":55,"column":51},"end":{"line":55,"column":52}},"loc":{"start":{"line":55,"column":69},"end":{"line":59,"column":5}},"line":55},"6":{"name":"(anonymous_6)","decl":{"start":{"line":75,"column":28},"end":{"line":75,"column":29}},"loc":{"start":{"line":75,"column":38},"end":{"line":110,"column":1}},"line":75},"7":{"name":"(anonymous_7)","decl":{"start":{"line":76,"column":9},"end":{"line":76,"column":10}},"loc":{"start":{"line":76,"column":23},"end":{"line":109,"column":3}},"line":76},"8":{"name":"(anonymous_8)","decl":{"start":{"line":80,"column":12},"end":{"line":80,"column":13}},"loc":{"start":{"line":80,"column":26},"end":{"line":108,"column":7}},"line":80},"9":{"name":"(anonymous_9)","decl":{"start":{"line":84,"column":16},"end":{"line":84,"column":17}},"loc":{"start":{"line":84,"column":30},"end":{"line":103,"column":11}},"line":84},"10":{"name":"(anonymous_10)","decl":{"start":{"line":85,"column":59},"end":{"line":85,"column":60}},"loc":{"start":{"line":85,"column":77},"end":{"line":89,"column":13}},"line":85},"11":{"name":"(anonymous_11)","decl":{"start":{"line":104,"column":17},"end":{"line":104,"column":18}},"loc":{"start":{"line":104,"column":28},"end":{"line":107,"column":11}},"line":104},"12":{"name":"(anonymous_12)","decl":{"start":{"line":111,"column":25},"end":{"line":111,"column":26}},"loc":{"start":{"line":111,"column":35},"end":{"line":159,"column":1}},"line":111},"13":{"name":"(anonymous_13)","decl":{"start":{"line":112,"column":9},"end":{"line":112,"column":10}},"loc":{"start":{"line":112,"column":23},"end":{"line":158,"column":3}},"line":112},"14":{"name":"(anonymous_14)","decl":{"start":{"line":116,"column":12},"end":{"line":116,"column":13}},"loc":{"start":{"line":116,"column":26},"end":{"line":157,"column":7}},"line":116},"15":{"name":"(anonymous_15)","decl":{"start":{"line":118,"column":55},"end":{"line":118,"column":56}},"loc":{"start":{"line":118,"column":73},"end":{"line":122,"column":9}},"line":118},"16":{"name":"(anonymous_16)","decl":{"start":{"line":125,"column":16},"end":{"line":125,"column":17}},"loc":{"start":{"line":125,"column":30},"end":{"line":151,"column":11}},"line":125},"17":{"name":"(anonymous_17)","decl":{"start":{"line":126,"column":59},"end":{"line":126,"column":60}},"loc":{"start":{"line":126,"column":77},"end":{"line":130,"column":13}},"line":126},"18":{"name":"(anonymous_18)","decl":{"start":{"line":133,"column":20},"end":{"line":133,"column":21}},"loc":{"start":{"line":133,"column":34},"end":{"line":135,"column":15}},"line":133},"19":{"name":"(anonymous_19)","decl":{"start":{"line":136,"column":21},"end":{"line":136,"column":22}},"loc":{"start":{"line":136,"column":32},"end":{"line":138,"column":15}},"line":136},"20":{"name":"(anonymous_20)","decl":{"start":{"line":152,"column":17},"end":{"line":152,"column":18}},"loc":{"start":{"line":152,"column":28},"end":{"line":156,"column":11}},"line":152},"21":{"name":"(anonymous_21)","decl":{"start":{"line":161,"column":33},"end":{"line":161,"column":34}},"loc":{"start":{"line":161,"column":43},"end":{"line":166,"column":1}},"line":161},"22":{"name":"(anonymous_22)","decl":{"start":{"line":167,"column":31},"end":{"line":167,"column":32}},"loc":{"start":{"line":167,"column":59},"end":{"line":175,"column":1}},"line":167},"23":{"name":"(anonymous_23)","decl":{"start":{"line":177,"column":36},"end":{"line":177,"column":37}},"loc":{"start":{"line":177,"column":42},"end":{"line":191,"column":1}},"line":177},"24":{"name":"(anonymous_24)","decl":{"start":{"line":178,"column":9},"end":{"line":178,"column":10}},"loc":{"start":{"line":178,"column":23},"end":{"line":190,"column":3}},"line":178},"25":{"name":"(anonymous_25)","decl":{"start":{"line":181,"column":12},"end":{"line":181,"column":13}},"loc":{"start":{"line":181,"column":26},"end":{"line":186,"column":7}},"line":181},"26":{"name":"(anonymous_26)","decl":{"start":{"line":187,"column":13},"end":{"line":187,"column":14}},"loc":{"start":{"line":187,"column":24},"end":{"line":189,"column":7}},"line":187},"27":{"name":"(anonymous_27)","decl":{"start":{"line":192,"column":30},"end":{"line":192,"column":31}},"loc":{"start":{"line":192,"column":43},"end":{"line":197,"column":1}},"line":192},"28":{"name":"(anonymous_28)","decl":{"start":{"line":198,"column":29},"end":{"line":198,"column":30}},"loc":{"start":{"line":198,"column":35},"end":{"line":204,"column":1}},"line":198},"29":{"name":"(anonymous_29)","decl":{"start":{"line":199,"column":9},"end":{"line":199,"column":10}},"loc":{"start":{"line":199,"column":23},"end":{"line":203,"column":3}},"line":199},"30":{"name":"(anonymous_30)","decl":{"start":{"line":205,"column":28},"end":{"line":205,"column":29}},"loc":{"start":{"line":205,"column":38},"end":{"line":212,"column":1}},"line":205},"31":{"name":"(anonymous_31)","decl":{"start":{"line":214,"column":28},"end":{"line":214,"column":29}},"loc":{"start":{"line":214,"column":39},"end":{"line":219,"column":1}},"line":214},"32":{"name":"(anonymous_32)","decl":{"start":{"line":221,"column":27},"end":{"line":221,"column":28}},"loc":{"start":{"line":221,"column":38},"end":{"line":226,"column":1}},"line":221},"33":{"name":"(anonymous_33)","decl":{"start":{"line":228,"column":25},"end":{"line":228,"column":26}},"loc":{"start":{"line":228,"column":39},"end":{"line":233,"column":1}},"line":228},"34":{"name":"(anonymous_34)","decl":{"start":{"line":235,"column":22},"end":{"line":235,"column":23}},"loc":{"start":{"line":235,"column":28},"end":{"line":239,"column":1}},"line":235}},"branchMap":{"0":{"loc":{"start":{"line":30,"column":4},"end":{"line":32,"column":5}},"type":"if","locations":[{"start":{"line":30,"column":4},"end":{"line":32,"column":5}},{"start":{"line":30,"column":4},"end":{"line":32,"column":5}}],"line":30}},"s":{"0":3,"1":3,"2":0,"3":0,"4":0,"5":3,"6":0,"7":0,"8":0,"9":0,"10":0,"11":0,"12":3,"13":0,"14":0,"15":0,"16":3,"17":0,"18":0,"19":0,"20":0,"21":0,"22":0,"23":0,"24":0,"25":0,"26":0,"27":0,"28":0,"29":0,"30":3,"31":0,"32":0,"33":0,"34":0,"35":0,"36":0,"37":0,"38":0,"39":0,"40":0,"41":0,"42":0,"43":0,"44":0,"45":0,"46":0,"47":0,"48":0,"49":0,"50":3,"51":0,"52":0,"53":0,"54":0,"55":0,"56":0,"57":0,"58":0,"59":0,"60":0,"61":0,"62":0,"63":0,"64":0,"65":0,"66":0,"67":0,"68":0,"69":0,"70":0,"71":0,"72":0,"73":0,"74":0,"75":0,"76":3,"77":0,"78":3,"79":0,"80":0,"81":3,"82":0,"83":0,"84":0,"85":0,"86":0,"87":0,"88":3,"89":0,"90":3,"91":0,"92":0,"93":0,"94":0,"95":3,"96":0,"97":3,"98":0,"99":3,"100":0,"101":3,"102":0,"103":3,"104":0},"f":{"0":0,"1":0,"2":0,"3":0,"4":0,"5":0,"6":0,"7":0,"8":0,"9":0,"10":0,"11":0,"12":0,"13":0,"14":0,"15":0,"16":0,"17":0,"18":0,"19":0,"20":0,"21":0,"22":0,"23":0,"24":0,"25":0,"26":0,"27":0,"28":0,"29":0,"30":0,"31":0,"32":0,"33":0,"34":0},"b":{"0":[0,0]},"_coverageSchema":"1a1c01bbd47fc00a2c39e90264f33305004495a9","hash":"8c57e7fe59d19daea8c3bd71eed49d270bb1cbf1"}
,"C:\\Users\\Owner\\Desktop\\capstone_design\\Deliversity_frontend\\src\\store\\actions\\type.js": {"path":"C:\\Users\\Owner\\Desktop\\capstone_design\\Deliversity_frontend\\src\\store\\actions\\type.js","statementMap":{"0":{"start":{"line":1,"column":21},"end":{"line":1,"column":28}},"1":{"start":{"line":2,"column":29},"end":{"line":2,"column":44}},"2":{"start":{"line":3,"column":29},"end":{"line":3,"column":44}},"3":{"start":{"line":4,"column":22},"end":{"line":4,"column":30}},"4":{"start":{"line":5,"column":26},"end":{"line":5,"column":38}},"5":{"start":{"line":6,"column":28},"end":{"line":6,"column":42}},"6":{"start":{"line":8,"column":27},"end":{"line":8,"column":40}},"7":{"start":{"line":10,"column":30},"end":{"line":10,"column":46}},"8":{"start":{"line":11,"column":32},"end":{"line":11,"column":50}}},"fnMap":{},"branchMap":{},"s":{"0":3,"1":3,"2":3,"3":3,"4":3,"5":3,"6":3,"7":3,"8":3},"f":{},"b":{},"_coverageSchema":"1a1c01bbd47fc00a2c39e90264f33305004495a9","hash":"a7e92b4fe8313aade4734ec209bef1f5b9a7583d"}
}
