{"C:\\Users\\Owner\\Desktop\\17151618\\Deliversity_frontend\\assets\\logo_D.png": {"path":"C:\\Users\\Owner\\Desktop\\17151618\\Deliversity_frontend\\assets\\logo_D.png","statementMap":{"0":{"start":{"line":1,"column":0},"end":{"line":4,"column":6}}},"fnMap":{},"branchMap":{},"s":{"0":1},"f":{},"b":{},"inputSourceMap":null,"_coverageSchema":"1a1c01bbd47fc00a2c39e90264f33305004495a9","hash":"1153f217f4077ca69c6f6bbab30c0bbf069bc24f"}
,"C:\\Users\\Owner\\Desktop\\17151618\\Deliversity_frontend\\src\\axiosConfig.js": {"path":"C:\\Users\\Owner\\Desktop\\17151618\\Deliversity_frontend\\src\\axiosConfig.js","statementMap":{"0":{"start":{"line":3,"column":22},"end":{"line":5,"column":2}}},"fnMap":{},"branchMap":{},"s":{"0":5},"f":{},"b":{},"_coverageSchema":"1a1c01bbd47fc00a2c39e90264f33305004495a9","hash":"b4a9fe9dc562b460dadbe1bbed0a8687e11ed812"}
,"C:\\Users\\Owner\\Desktop\\17151618\\Deliversity_frontend\\src\\components\\ChangeButton.js": {"path":"C:\\Users\\Owner\\Desktop\\17151618\\Deliversity_frontend\\src\\components\\ChangeButton.js","statementMap":{"0":{"start":{"line":10,"column":4},"end":{"line":10,"column":17}},"1":{"start":{"line":13,"column":18},"end":{"line":32,"column":3}},"2":{"start":{"line":14,"column":4},"end":{"line":30,"column":9}},"3":{"start":{"line":17,"column":8},"end":{"line":17,"column":41}},"4":{"start":{"line":18,"column":8},"end":{"line":26,"column":9}},"5":{"start":{"line":19,"column":10},"end":{"line":23,"column":11}},"6":{"start":{"line":20,"column":12},"end":{"line":20,"column":33}},"7":{"start":{"line":22,"column":12},"end":{"line":22,"column":48}},"8":{"start":{"line":25,"column":10},"end":{"line":25,"column":46}},"9":{"start":{"line":29,"column":8},"end":{"line":29,"column":39}},"10":{"start":{"line":34,"column":4},"end":{"line":45,"column":6}},"11":{"start":{"line":38,"column":12},"end":{"line":38,"column":33}},"12":{"start":{"line":39,"column":12},"end":{"line":39,"column":33}},"13":{"start":{"line":48,"column":15},"end":{"line":59,"column":2}},"14":{"start":{"line":60,"column":24},"end":{"line":62,"column":2}},"15":{"start":{"line":60,"column":36},"end":{"line":62,"column":1}},"16":{"start":{"line":63,"column":27},"end":{"line":65,"column":2}},"17":{"start":{"line":63,"column":42},"end":{"line":65,"column":1}},"18":{"start":{"line":64,"column":31},"end":{"line":64,"column":64}}},"fnMap":{"0":{"name":"(anonymous_0)","decl":{"start":{"line":9,"column":2},"end":{"line":9,"column":3}},"loc":{"start":{"line":9,"column":21},"end":{"line":11,"column":3}},"line":9},"1":{"name":"(anonymous_1)","decl":{"start":{"line":13,"column":18},"end":{"line":13,"column":19}},"loc":{"start":{"line":13,"column":30},"end":{"line":32,"column":3}},"line":13},"2":{"name":"(anonymous_2)","decl":{"start":{"line":16,"column":12},"end":{"line":16,"column":13}},"loc":{"start":{"line":16,"column":21},"end":{"line":27,"column":7}},"line":16},"3":{"name":"(anonymous_3)","decl":{"start":{"line":28,"column":13},"end":{"line":28,"column":14}},"loc":{"start":{"line":28,"column":20},"end":{"line":30,"column":7}},"line":28},"4":{"name":"(anonymous_4)","decl":{"start":{"line":33,"column":2},"end":{"line":33,"column":3}},"loc":{"start":{"line":33,"column":11},"end":{"line":46,"column":3}},"line":33},"5":{"name":"(anonymous_5)","decl":{"start":{"line":37,"column":19},"end":{"line":37,"column":20}},"loc":{"start":{"line":37,"column":25},"end":{"line":40,"column":11}},"line":37},"6":{"name":"(anonymous_6)","decl":{"start":{"line":60,"column":24},"end":{"line":60,"column":25}},"loc":{"start":{"line":60,"column":36},"end":{"line":62,"column":1}},"line":60},"7":{"name":"(anonymous_7)","decl":{"start":{"line":63,"column":27},"end":{"line":63,"column":28}},"loc":{"start":{"line":63,"column":42},"end":{"line":65,"column":1}},"line":63},"8":{"name":"(anonymous_8)","decl":{"start":{"line":64,"column":21},"end":{"line":64,"column":22}},"loc":{"start":{"line":64,"column":31},"end":{"line":64,"column":64}},"line":64}},"branchMap":{"0":{"loc":{"start":{"line":18,"column":8},"end":{"line":26,"column":9}},"type":"if","locations":[{"start":{"line":18,"column":8},"end":{"line":26,"column":9}},{"start":{"line":18,"column":8},"end":{"line":26,"column":9}}],"line":18},"1":{"loc":{"start":{"line":19,"column":10},"end":{"line":23,"column":11}},"type":"if","locations":[{"start":{"line":19,"column":10},"end":{"line":23,"column":11}},{"start":{"line":19,"column":10},"end":{"line":23,"column":11}}],"line":19}},"s":{"0":1,"1":1,"2":0,"3":0,"4":0,"5":0,"6":0,"7":0,"8":0,"9":0,"10":1,"11":0,"12":0,"13":1,"14":1,"15":1,"16":1,"17":1,"18":0},"f":{"0":1,"1":0,"2":0,"3":0,"4":1,"5":0,"6":1,"7":1,"8":0},"b":{"0":[0,0],"1":[0,0]},"_coverageSchema":"1a1c01bbd47fc00a2c39e90264f33305004495a9","hash":"c08b3d018697c38e35bf966e7702158b5774706c"}
,"C:\\Users\\Owner\\Desktop\\17151618\\Deliversity_frontend\\src\\components\\manageDeliveryCard.js": {"path":"C:\\Users\\Owner\\Desktop\\17151618\\Deliversity_frontend\\src\\components\\manageDeliveryCard.js","statementMap":{"0":{"start":{"line":4,"column":27},"end":{"line":76,"column":1}},"1":{"start":{"line":5,"column":2},"end":{"line":75,"column":4}},"2":{"start":{"line":80,"column":15},"end":{"line":105,"column":2}}},"fnMap":{"0":{"name":"(anonymous_0)","decl":{"start":{"line":4,"column":27},"end":{"line":4,"column":28}},"loc":{"start":{"line":4,"column":52},"end":{"line":76,"column":1}},"line":4}},"branchMap":{"0":{"loc":{"start":{"line":20,"column":13},"end":{"line":22,"column":13}},"type":"binary-expr","locations":[{"start":{"line":20,"column":13},"end":{"line":20,"column":41}},{"start":{"line":21,"column":14},"end":{"line":21,"column":64}}],"line":20},"1":{"loc":{"start":{"line":23,"column":13},"end":{"line":25,"column":13}},"type":"binary-expr","locations":[{"start":{"line":23,"column":13},"end":{"line":23,"column":41}},{"start":{"line":24,"column":14},"end":{"line":24,"column":58}}],"line":23},"2":{"loc":{"start":{"line":26,"column":13},"end":{"line":29,"column":15}},"type":"binary-expr","locations":[{"start":{"line":26,"column":13},"end":{"line":26,"column":41}},{"start":{"line":27,"column":14},"end":{"line":27,"column":48}},{"start":{"line":28,"column":16},"end":{"line":28,"column":65}}],"line":26},"3":{"loc":{"start":{"line":30,"column":13},"end":{"line":33,"column":15}},"type":"binary-expr","locations":[{"start":{"line":30,"column":13},"end":{"line":30,"column":41}},{"start":{"line":31,"column":14},"end":{"line":31,"column":47}},{"start":{"line":32,"column":16},"end":{"line":32,"column":65}}],"line":30},"4":{"loc":{"start":{"line":35,"column":11},"end":{"line":42,"column":11}},"type":"cond-expr","locations":[{"start":{"line":35,"column":44},"end":{"line":35,"column":48}},{"start":{"line":36,"column":12},"end":{"line":41,"column":19}}],"line":35}},"s":{"0":1,"1":0,"2":1},"f":{"0":0},"b":{"0":[0,0],"1":[0,0],"2":[0,0,0],"3":[0,0,0],"4":[0,0]},"_coverageSchema":"1a1c01bbd47fc00a2c39e90264f33305004495a9","hash":"0473098bfa48f3e33bfda7f778ee5dd5db38c8ad"}
,"C:\\Users\\Owner\\Desktop\\17151618\\Deliversity_frontend\\src\\components\\manageOrderCard.js": {"path":"C:\\Users\\Owner\\Desktop\\17151618\\Deliversity_frontend\\src\\components\\manageOrderCard.js","statementMap":{"0":{"start":{"line":4,"column":24},"end":{"line":49,"column":1}},"1":{"start":{"line":5,"column":2},"end":{"line":48,"column":4}},"2":{"start":{"line":53,"column":15},"end":{"line":72,"column":2}}},"fnMap":{"0":{"name":"(anonymous_0)","decl":{"start":{"line":4,"column":24},"end":{"line":4,"column":25}},"loc":{"start":{"line":4,"column":49},"end":{"line":49,"column":1}},"line":4}},"branchMap":{"0":{"loc":{"start":{"line":19,"column":11},"end":{"line":21,"column":11}},"type":"binary-expr","locations":[{"start":{"line":19,"column":11},"end":{"line":19,"column":39}},{"start":{"line":20,"column":12},"end":{"line":20,"column":60}}],"line":19},"1":{"loc":{"start":{"line":22,"column":11},"end":{"line":24,"column":11}},"type":"binary-expr","locations":[{"start":{"line":22,"column":11},"end":{"line":22,"column":39}},{"start":{"line":23,"column":12},"end":{"line":23,"column":62}}],"line":22},"2":{"loc":{"start":{"line":25,"column":11},"end":{"line":27,"column":11}},"type":"binary-expr","locations":[{"start":{"line":25,"column":11},"end":{"line":25,"column":39}},{"start":{"line":26,"column":12},"end":{"line":26,"column":56}}],"line":25},"3":{"loc":{"start":{"line":28,"column":11},"end":{"line":31,"column":13}},"type":"binary-expr","locations":[{"start":{"line":28,"column":11},"end":{"line":28,"column":39}},{"start":{"line":29,"column":12},"end":{"line":29,"column":45}},{"start":{"line":30,"column":14},"end":{"line":30,"column":63}}],"line":28},"4":{"loc":{"start":{"line":32,"column":11},"end":{"line":34,"column":11}},"type":"binary-expr","locations":[{"start":{"line":32,"column":11},"end":{"line":32,"column":39}},{"start":{"line":32,"column":43},"end":{"line":32,"column":75}},{"start":{"line":33,"column":12},"end":{"line":33,"column":61}}],"line":32}},"s":{"0":1,"1":0,"2":1},"f":{"0":0},"b":{"0":[0,0],"1":[0,0],"2":[0,0],"3":[0,0,0],"4":[0,0,0]},"_coverageSchema":"1a1c01bbd47fc00a2c39e90264f33305004495a9","hash":"22fde9fd7004431b438336db411d72ac4f8664a9"}
,"C:\\Users\\Owner\\Desktop\\17151618\\Deliversity_frontend\\src\\screens\\HomeScreen.js": {"path":"C:\\Users\\Owner\\Desktop\\17151618\\Deliversity_frontend\\src\\screens\\HomeScreen.js","statementMap":{"0":{"start":{"line":11,"column":20},"end":{"line":15,"column":3}},"1":{"start":{"line":12,"column":4},"end":{"line":14,"column":7}},"2":{"start":{"line":17,"column":8},"end":{"line":21,"column":3}},"3":{"start":{"line":18,"column":4},"end":{"line":20,"column":7}},"4":{"start":{"line":19,"column":6},"end":{"line":19,"column":67}},"5":{"start":{"line":23,"column":22},"end":{"line":27,"column":3}},"6":{"start":{"line":24,"column":4},"end":{"line":24,"column":23}},"7":{"start":{"line":25,"column":20},"end":{"line":25,"column":56}},"8":{"start":{"line":26,"column":4},"end":{"line":26,"column":56}},"9":{"start":{"line":30,"column":4},"end":{"line":125,"column":6}},"10":{"start":{"line":48,"column":20},"end":{"line":48,"column":48}},"11":{"start":{"line":63,"column":20},"end":{"line":63,"column":50}},"12":{"start":{"line":74,"column":20},"end":{"line":74,"column":48}},"13":{"start":{"line":87,"column":20},"end":{"line":87,"column":48}},"14":{"start":{"line":102,"column":20},"end":{"line":102,"column":47}},"15":{"start":{"line":113,"column":20},"end":{"line":113,"column":47}},"16":{"start":{"line":129,"column":15},"end":{"line":185,"column":2}}},"fnMap":{"0":{"name":"(anonymous_0)","decl":{"start":{"line":11,"column":20},"end":{"line":11,"column":21}},"loc":{"start":{"line":11,"column":36},"end":{"line":15,"column":3}},"line":11},"1":{"name":"(anonymous_1)","decl":{"start":{"line":17,"column":8},"end":{"line":17,"column":9}},"loc":{"start":{"line":17,"column":20},"end":{"line":21,"column":3}},"line":17},"2":{"name":"(anonymous_2)","decl":{"start":{"line":18,"column":35},"end":{"line":18,"column":36}},"loc":{"start":{"line":18,"column":55},"end":{"line":20,"column":5}},"line":18},"3":{"name":"(anonymous_3)","decl":{"start":{"line":23,"column":22},"end":{"line":23,"column":23}},"loc":{"start":{"line":23,"column":34},"end":{"line":27,"column":3}},"line":23},"4":{"name":"(anonymous_4)","decl":{"start":{"line":29,"column":2},"end":{"line":29,"column":3}},"loc":{"start":{"line":29,"column":11},"end":{"line":126,"column":3}},"line":29},"5":{"name":"(anonymous_5)","decl":{"start":{"line":47,"column":27},"end":{"line":47,"column":28}},"loc":{"start":{"line":47,"column":33},"end":{"line":49,"column":19}},"line":47},"6":{"name":"(anonymous_6)","decl":{"start":{"line":62,"column":27},"end":{"line":62,"column":28}},"loc":{"start":{"line":62,"column":33},"end":{"line":64,"column":19}},"line":62},"7":{"name":"(anonymous_7)","decl":{"start":{"line":73,"column":27},"end":{"line":73,"column":28}},"loc":{"start":{"line":73,"column":33},"end":{"line":75,"column":19}},"line":73},"8":{"name":"(anonymous_8)","decl":{"start":{"line":86,"column":27},"end":{"line":86,"column":28}},"loc":{"start":{"line":86,"column":33},"end":{"line":88,"column":19}},"line":86},"9":{"name":"(anonymous_9)","decl":{"start":{"line":101,"column":27},"end":{"line":101,"column":28}},"loc":{"start":{"line":101,"column":33},"end":{"line":103,"column":19}},"line":101},"10":{"name":"(anonymous_10)","decl":{"start":{"line":112,"column":27},"end":{"line":112,"column":28}},"loc":{"start":{"line":112,"column":33},"end":{"line":114,"column":19}},"line":112}},"branchMap":{},"s":{"0":1,"1":0,"2":1,"3":0,"4":0,"5":1,"6":0,"7":0,"8":0,"9":1,"10":0,"11":0,"12":0,"13":0,"14":0,"15":0,"16":1},"f":{"0":0,"1":0,"2":0,"3":0,"4":1,"5":0,"6":0,"7":0,"8":0,"9":0,"10":0},"b":{},"_coverageSchema":"1a1c01bbd47fc00a2c39e90264f33305004495a9","hash":"a2fe12fdad80d48008541ba0ac8d423837e2512e"}
,"C:\\Users\\Owner\\Desktop\\17151618\\Deliversity_frontend\\src\\screens\\ManageDeliveryScreen.js": {"path":"C:\\Users\\Owner\\Desktop\\17151618\\Deliversity_frontend\\src\\screens\\ManageDeliveryScreen.js","statementMap":{"0":{"start":{"line":15,"column":4},"end":{"line":15,"column":17}},"1":{"start":{"line":17,"column":4},"end":{"line":22,"column":6}},"2":{"start":{"line":25,"column":4},"end":{"line":25,"column":30}},"3":{"start":{"line":27,"column":23},"end":{"line":38,"column":3}},"4":{"start":{"line":28,"column":4},"end":{"line":28,"column":44}},"5":{"start":{"line":29,"column":4},"end":{"line":37,"column":9}},"6":{"start":{"line":32,"column":29},"end":{"line":32,"column":42}},"7":{"start":{"line":33,"column":8},"end":{"line":33,"column":71}},"8":{"start":{"line":36,"column":8},"end":{"line":36,"column":17}},"9":{"start":{"line":39,"column":27},"end":{"line":49,"column":3}},"10":{"start":{"line":40,"column":4},"end":{"line":48,"column":9}},"11":{"start":{"line":43,"column":8},"end":{"line":43,"column":37}},"12":{"start":{"line":44,"column":8},"end":{"line":44,"column":34}},"13":{"start":{"line":47,"column":8},"end":{"line":47,"column":39}},"14":{"start":{"line":51,"column":18},"end":{"line":53,"column":3}},"15":{"start":{"line":52,"column":4},"end":{"line":52,"column":36}},"16":{"start":{"line":54,"column":15},"end":{"line":88,"column":3}},"17":{"start":{"line":55,"column":4},"end":{"line":87,"column":6}},"18":{"start":{"line":59,"column":10},"end":{"line":84,"column":11}},"19":{"start":{"line":60,"column":12},"end":{"line":63,"column":15}},"20":{"start":{"line":64,"column":17},"end":{"line":84,"column":11}},"21":{"start":{"line":65,"column":12},"end":{"line":68,"column":15}},"22":{"start":{"line":69,"column":17},"end":{"line":84,"column":11}},"23":{"start":{"line":70,"column":12},"end":{"line":83,"column":14}},"24":{"start":{"line":79,"column":33},"end":{"line":79,"column":69}},"25":{"start":{"line":90,"column":15},"end":{"line":108,"column":5}},"26":{"start":{"line":106,"column":39},"end":{"line":106,"column":55}},"27":{"start":{"line":110,"column":4},"end":{"line":117,"column":6}},"28":{"start":{"line":121,"column":15},"end":{"line":144,"column":2}}},"fnMap":{"0":{"name":"(anonymous_0)","decl":{"start":{"line":14,"column":2},"end":{"line":14,"column":3}},"loc":{"start":{"line":14,"column":21},"end":{"line":23,"column":3}},"line":14},"1":{"name":"(anonymous_1)","decl":{"start":{"line":24,"column":2},"end":{"line":24,"column":3}},"loc":{"start":{"line":24,"column":22},"end":{"line":26,"column":3}},"line":24},"2":{"name":"(anonymous_2)","decl":{"start":{"line":27,"column":23},"end":{"line":27,"column":24}},"loc":{"start":{"line":27,"column":35},"end":{"line":38,"column":3}},"line":27},"3":{"name":"(anonymous_3)","decl":{"start":{"line":31,"column":12},"end":{"line":31,"column":13}},"loc":{"start":{"line":31,"column":21},"end":{"line":34,"column":7}},"line":31},"4":{"name":"(anonymous_4)","decl":{"start":{"line":35,"column":13},"end":{"line":35,"column":14}},"loc":{"start":{"line":35,"column":20},"end":{"line":37,"column":7}},"line":35},"5":{"name":"(anonymous_5)","decl":{"start":{"line":39,"column":27},"end":{"line":39,"column":28}},"loc":{"start":{"line":39,"column":46},"end":{"line":49,"column":3}},"line":39},"6":{"name":"(anonymous_6)","decl":{"start":{"line":42,"column":12},"end":{"line":42,"column":13}},"loc":{"start":{"line":42,"column":21},"end":{"line":45,"column":7}},"line":42},"7":{"name":"(anonymous_7)","decl":{"start":{"line":46,"column":13},"end":{"line":46,"column":14}},"loc":{"start":{"line":46,"column":20},"end":{"line":48,"column":7}},"line":46},"8":{"name":"(anonymous_8)","decl":{"start":{"line":51,"column":18},"end":{"line":51,"column":19}},"loc":{"start":{"line":51,"column":30},"end":{"line":53,"column":3}},"line":51},"9":{"name":"(anonymous_9)","decl":{"start":{"line":54,"column":15},"end":{"line":54,"column":16}},"loc":{"start":{"line":54,"column":27},"end":{"line":88,"column":3}},"line":54},"10":{"name":"(anonymous_10)","decl":{"start":{"line":58,"column":17},"end":{"line":58,"column":18}},"loc":{"start":{"line":58,"column":23},"end":{"line":85,"column":9}},"line":58},"11":{"name":"(anonymous_11)","decl":{"start":{"line":79,"column":27},"end":{"line":79,"column":28}},"loc":{"start":{"line":79,"column":33},"end":{"line":79,"column":69}},"line":79},"12":{"name":"(anonymous_12)","decl":{"start":{"line":89,"column":2},"end":{"line":89,"column":3}},"loc":{"start":{"line":89,"column":11},"end":{"line":118,"column":3}},"line":89},"13":{"name":"(anonymous_13)","decl":{"start":{"line":106,"column":22},"end":{"line":106,"column":23}},"loc":{"start":{"line":106,"column":39},"end":{"line":106,"column":55}},"line":106}},"branchMap":{"0":{"loc":{"start":{"line":59,"column":10},"end":{"line":84,"column":11}},"type":"if","locations":[{"start":{"line":59,"column":10},"end":{"line":84,"column":11}},{"start":{"line":59,"column":10},"end":{"line":84,"column":11}}],"line":59},"1":{"loc":{"start":{"line":59,"column":14},"end":{"line":59,"column":68}},"type":"binary-expr","locations":[{"start":{"line":59,"column":14},"end":{"line":59,"column":35}},{"start":{"line":59,"column":39},"end":{"line":59,"column":68}}],"line":59},"2":{"loc":{"start":{"line":64,"column":17},"end":{"line":84,"column":11}},"type":"if","locations":[{"start":{"line":64,"column":17},"end":{"line":84,"column":11}},{"start":{"line":64,"column":17},"end":{"line":84,"column":11}}],"line":64},"3":{"loc":{"start":{"line":64,"column":21},"end":{"line":64,"column":74}},"type":"binary-expr","locations":[{"start":{"line":64,"column":21},"end":{"line":64,"column":42}},{"start":{"line":64,"column":46},"end":{"line":64,"column":74}}],"line":64},"4":{"loc":{"start":{"line":69,"column":17},"end":{"line":84,"column":11}},"type":"if","locations":[{"start":{"line":69,"column":17},"end":{"line":84,"column":11}},{"start":{"line":69,"column":17},"end":{"line":84,"column":11}}],"line":69},"5":{"loc":{"start":{"line":90,"column":15},"end":{"line":108,"column":5}},"type":"cond-expr","locations":[{"start":{"line":91,"column":6},"end":{"line":94,"column":13}},{"start":{"line":96,"column":6},"end":{"line":107,"column":8}}],"line":90}},"s":{"0":1,"1":1,"2":1,"3":1,"4":1,"5":0,"6":0,"7":0,"8":0,"9":1,"10":0,"11":0,"12":0,"13":0,"14":1,"15":0,"16":1,"17":0,"18":0,"19":0,"20":0,"21":0,"22":0,"23":0,"24":0,"25":2,"26":0,"27":2,"28":1},"f":{"0":1,"1":1,"2":1,"3":0,"4":0,"5":0,"6":0,"7":0,"8":0,"9":0,"10":0,"11":0,"12":2,"13":0},"b":{"0":[0,0],"1":[0,0],"2":[0,0],"3":[0,0],"4":[0,0],"5":[0,2]},"_coverageSchema":"1a1c01bbd47fc00a2c39e90264f33305004495a9","hash":"11b6a8a2ef45752417bddc1d4237bd8e8e34d262"}
,"C:\\Users\\Owner\\Desktop\\17151618\\Deliversity_frontend\\src\\screens\\ManageOrderScreen.js": {"path":"C:\\Users\\Owner\\Desktop\\17151618\\Deliversity_frontend\\src\\screens\\ManageOrderScreen.js","statementMap":{"0":{"start":{"line":7,"column":4},"end":{"line":7,"column":17}},"1":{"start":{"line":8,"column":4},"end":{"line":12,"column":6}},"2":{"start":{"line":15,"column":4},"end":{"line":15,"column":24}},"3":{"start":{"line":17,"column":17},"end":{"line":23,"column":3}},"4":{"start":{"line":19,"column":4},"end":{"line":19,"column":44}},"5":{"start":{"line":20,"column":16},"end":{"line":20,"column":58}},"6":{"start":{"line":21,"column":4},"end":{"line":21,"column":71}},"7":{"start":{"line":24,"column":18},"end":{"line":26,"column":3}},"8":{"start":{"line":25,"column":4},"end":{"line":25,"column":30}},"9":{"start":{"line":27,"column":15},"end":{"line":50,"column":3}},"10":{"start":{"line":28,"column":4},"end":{"line":49,"column":6}},"11":{"start":{"line":32,"column":10},"end":{"line":46,"column":11}},"12":{"start":{"line":33,"column":12},"end":{"line":36,"column":15}},"13":{"start":{"line":37,"column":17},"end":{"line":46,"column":11}},"14":{"start":{"line":38,"column":12},"end":{"line":41,"column":15}},"15":{"start":{"line":43,"column":12},"end":{"line":45,"column":15}},"16":{"start":{"line":52,"column":4},"end":{"line":72,"column":6}},"17":{"start":{"line":68,"column":43},"end":{"line":68,"column":59}},"18":{"start":{"line":76,"column":15},"end":{"line":116,"column":2}}},"fnMap":{"0":{"name":"(anonymous_0)","decl":{"start":{"line":6,"column":2},"end":{"line":6,"column":3}},"loc":{"start":{"line":6,"column":21},"end":{"line":13,"column":3}},"line":6},"1":{"name":"(anonymous_1)","decl":{"start":{"line":14,"column":2},"end":{"line":14,"column":3}},"loc":{"start":{"line":14,"column":22},"end":{"line":16,"column":3}},"line":14},"2":{"name":"(anonymous_2)","decl":{"start":{"line":17,"column":17},"end":{"line":17,"column":18}},"loc":{"start":{"line":17,"column":29},"end":{"line":23,"column":3}},"line":17},"3":{"name":"(anonymous_3)","decl":{"start":{"line":24,"column":18},"end":{"line":24,"column":19}},"loc":{"start":{"line":24,"column":30},"end":{"line":26,"column":3}},"line":24},"4":{"name":"(anonymous_4)","decl":{"start":{"line":27,"column":15},"end":{"line":27,"column":16}},"loc":{"start":{"line":27,"column":27},"end":{"line":50,"column":3}},"line":27},"5":{"name":"(anonymous_5)","decl":{"start":{"line":31,"column":17},"end":{"line":31,"column":18}},"loc":{"start":{"line":31,"column":23},"end":{"line":47,"column":9}},"line":31},"6":{"name":"(anonymous_6)","decl":{"start":{"line":51,"column":2},"end":{"line":51,"column":3}},"loc":{"start":{"line":51,"column":11},"end":{"line":73,"column":3}},"line":51},"7":{"name":"(anonymous_7)","decl":{"start":{"line":68,"column":26},"end":{"line":68,"column":27}},"loc":{"start":{"line":68,"column":43},"end":{"line":68,"column":59}},"line":68}},"branchMap":{"0":{"loc":{"start":{"line":32,"column":10},"end":{"line":46,"column":11}},"type":"if","locations":[{"start":{"line":32,"column":10},"end":{"line":46,"column":11}},{"start":{"line":32,"column":10},"end":{"line":46,"column":11}}],"line":32},"1":{"loc":{"start":{"line":32,"column":14},"end":{"line":32,"column":67}},"type":"binary-expr","locations":[{"start":{"line":32,"column":14},"end":{"line":32,"column":35}},{"start":{"line":32,"column":39},"end":{"line":32,"column":67}}],"line":32},"2":{"loc":{"start":{"line":37,"column":17},"end":{"line":46,"column":11}},"type":"if","locations":[{"start":{"line":37,"column":17},"end":{"line":46,"column":11}},{"start":{"line":37,"column":17},"end":{"line":46,"column":11}}],"line":37},"3":{"loc":{"start":{"line":37,"column":21},"end":{"line":37,"column":73}},"type":"binary-expr","locations":[{"start":{"line":37,"column":21},"end":{"line":37,"column":42}},{"start":{"line":37,"column":46},"end":{"line":37,"column":73}}],"line":37}},"s":{"0":1,"1":1,"2":1,"3":1,"4":1,"5":0,"6":0,"7":1,"8":0,"9":1,"10":0,"11":0,"12":0,"13":0,"14":0,"15":0,"16":2,"17":0,"18":1},"f":{"0":1,"1":1,"2":1,"3":0,"4":0,"5":0,"6":2,"7":0},"b":{"0":[0,0],"1":[0,0],"2":[0,0],"3":[0,0]},"_coverageSchema":"1a1c01bbd47fc00a2c39e90264f33305004495a9","hash":"f1058123211c238bc41d59417b39a3807986198b"}
,"C:\\Users\\Owner\\Desktop\\17151618\\Deliversity_frontend\\src\\screens\\Mapping.js": {"path":"C:\\Users\\Owner\\Desktop\\17151618\\Deliversity_frontend\\src\\screens\\Mapping.js","statementMap":{"0":{"start":{"line":23,"column":29},"end":{"line":25,"column":3}},"1":{"start":{"line":27,"column":4},"end":{"line":27,"column":17}},"2":{"start":{"line":29,"column":4},"end":{"line":36,"column":6}},"3":{"start":{"line":37,"column":4},"end":{"line":37,"column":17}},"4":{"start":{"line":38,"column":4},"end":{"line":38,"column":22}},"5":{"start":{"line":41,"column":10},"end":{"line":57,"column":3}},"6":{"start":{"line":42,"column":4},"end":{"line":44,"column":5}},"7":{"start":{"line":43,"column":6},"end":{"line":43,"column":19}},"8":{"start":{"line":45,"column":4},"end":{"line":47,"column":5}},"9":{"start":{"line":46,"column":6},"end":{"line":46,"column":19}},"10":{"start":{"line":48,"column":4},"end":{"line":50,"column":5}},"11":{"start":{"line":49,"column":6},"end":{"line":49,"column":18}},"12":{"start":{"line":51,"column":4},"end":{"line":53,"column":5}},"13":{"start":{"line":52,"column":6},"end":{"line":52,"column":19}},"14":{"start":{"line":54,"column":4},"end":{"line":56,"column":5}},"15":{"start":{"line":55,"column":6},"end":{"line":55,"column":18}},"16":{"start":{"line":58,"column":15},"end":{"line":74,"column":3}},"17":{"start":{"line":59,"column":4},"end":{"line":72,"column":9}},"18":{"start":{"line":62,"column":8},"end":{"line":68,"column":11}},"19":{"start":{"line":71,"column":8},"end":{"line":71,"column":23}},"20":{"start":{"line":73,"column":4},"end":{"line":73,"column":39}},"21":{"start":{"line":76,"column":32},"end":{"line":162,"column":3}},"22":{"start":{"line":77,"column":4},"end":{"line":109,"column":5}},"23":{"start":{"line":78,"column":6},"end":{"line":78,"column":60}},"24":{"start":{"line":79,"column":6},"end":{"line":84,"column":9}},"25":{"start":{"line":85,"column":6},"end":{"line":108,"column":7}},"26":{"start":{"line":86,"column":8},"end":{"line":107,"column":10}},"27":{"start":{"line":94,"column":16},"end":{"line":94,"column":40}},"28":{"start":{"line":95,"column":24},"end":{"line":95,"column":42}},"29":{"start":{"line":96,"column":16},"end":{"line":100,"column":19}},"30":{"start":{"line":101,"column":16},"end":{"line":101,"column":44}},"31":{"start":{"line":102,"column":16},"end":{"line":102,"column":32}},"32":{"start":{"line":111,"column":21},"end":{"line":111,"column":47}},"33":{"start":{"line":112,"column":22},"end":{"line":112,"column":49}},"34":{"start":{"line":114,"column":4},"end":{"line":114,"column":37}},"35":{"start":{"line":115,"column":20},"end":{"line":115,"column":24}},"36":{"start":{"line":116,"column":14},"end":{"line":122,"column":5}},"37":{"start":{"line":123,"column":16},"end":{"line":123,"column":69}},"38":{"start":{"line":124,"column":15},"end":{"line":137,"column":5}},"39":{"start":{"line":138,"column":4},"end":{"line":140,"column":5}},"40":{"start":{"line":139,"column":6},"end":{"line":139,"column":53}},"41":{"start":{"line":141,"column":4},"end":{"line":161,"column":9}},"42":{"start":{"line":142,"column":21},"end":{"line":142,"column":29}},"43":{"start":{"line":145,"column":21},"end":{"line":145,"column":23}},"44":{"start":{"line":146,"column":8},"end":{"line":157,"column":9}},"45":{"start":{"line":151,"column":10},"end":{"line":156,"column":11}},"46":{"start":{"line":152,"column":32},"end":{"line":152,"column":41}},"47":{"start":{"line":155,"column":12},"end":{"line":155,"column":29}},"48":{"start":{"line":158,"column":8},"end":{"line":158,"column":41}},"49":{"start":{"line":159,"column":8},"end":{"line":159,"column":24}},"50":{"start":{"line":160,"column":8},"end":{"line":160,"column":46}},"51":{"start":{"line":164,"column":13},"end":{"line":166,"column":3}},"52":{"start":{"line":165,"column":4},"end":{"line":165,"column":43}},"53":{"start":{"line":167,"column":19},"end":{"line":171,"column":3}},"54":{"start":{"line":168,"column":4},"end":{"line":168,"column":23}},"55":{"start":{"line":169,"column":4},"end":{"line":169,"column":34}},"56":{"start":{"line":170,"column":4},"end":{"line":170,"column":39}},"57":{"start":{"line":174,"column":4},"end":{"line":176,"column":5}},"58":{"start":{"line":175,"column":6},"end":{"line":175,"column":24}},"59":{"start":{"line":180,"column":4},"end":{"line":207,"column":6}},"60":{"start":{"line":194,"column":14},"end":{"line":202,"column":16}},"61":{"start":{"line":213,"column":14},"end":{"line":220,"column":2}}},"fnMap":{"0":{"name":"(anonymous_0)","decl":{"start":{"line":26,"column":2},"end":{"line":26,"column":3}},"loc":{"start":{"line":26,"column":21},"end":{"line":40,"column":3}},"line":26},"1":{"name":"(anonymous_1)","decl":{"start":{"line":41,"column":10},"end":{"line":41,"column":11}},"loc":{"start":{"line":41,"column":16},"end":{"line":57,"column":3}},"line":41},"2":{"name":"(anonymous_2)","decl":{"start":{"line":58,"column":15},"end":{"line":58,"column":16}},"loc":{"start":{"line":58,"column":27},"end":{"line":74,"column":3}},"line":58},"3":{"name":"(anonymous_3)","decl":{"start":{"line":61,"column":12},"end":{"line":61,"column":13}},"loc":{"start":{"line":61,"column":21},"end":{"line":69,"column":7}},"line":61},"4":{"name":"(anonymous_4)","decl":{"start":{"line":70,"column":13},"end":{"line":70,"column":14}},"loc":{"start":{"line":70,"column":20},"end":{"line":72,"column":7}},"line":70},"5":{"name":"(anonymous_5)","decl":{"start":{"line":76,"column":32},"end":{"line":76,"column":33}},"loc":{"start":{"line":76,"column":45},"end":{"line":162,"column":3}},"line":76},"6":{"name":"(anonymous_6)","decl":{"start":{"line":93,"column":23},"end":{"line":93,"column":24}},"loc":{"start":{"line":93,"column":29},"end":{"line":103,"column":15}},"line":93},"7":{"name":"(anonymous_7)","decl":{"start":{"line":142,"column":12},"end":{"line":142,"column":13}},"loc":{"start":{"line":142,"column":21},"end":{"line":142,"column":29}},"line":142},"8":{"name":"(anonymous_8)","decl":{"start":{"line":143,"column":12},"end":{"line":143,"column":13}},"loc":{"start":{"line":143,"column":26},"end":{"line":161,"column":7}},"line":143},"9":{"name":"(anonymous_9)","decl":{"start":{"line":152,"column":25},"end":{"line":152,"column":26}},"loc":{"start":{"line":152,"column":32},"end":{"line":152,"column":41}},"line":152},"10":{"name":"(anonymous_10)","decl":{"start":{"line":164,"column":13},"end":{"line":164,"column":14}},"loc":{"start":{"line":164,"column":19},"end":{"line":166,"column":3}},"line":164},"11":{"name":"(anonymous_11)","decl":{"start":{"line":167,"column":19},"end":{"line":167,"column":20}},"loc":{"start":{"line":167,"column":30},"end":{"line":171,"column":3}},"line":167},"12":{"name":"(anonymous_12)","decl":{"start":{"line":173,"column":2},"end":{"line":173,"column":3}},"loc":{"start":{"line":173,"column":11},"end":{"line":208,"column":3}},"line":173},"13":{"name":"(anonymous_13)","decl":{"start":{"line":193,"column":36},"end":{"line":193,"column":37}},"loc":{"start":{"line":194,"column":14},"end":{"line":202,"column":16}},"line":194}},"branchMap":{"0":{"loc":{"start":{"line":42,"column":4},"end":{"line":44,"column":5}},"type":"if","locations":[{"start":{"line":42,"column":4},"end":{"line":44,"column":5}},{"start":{"line":42,"column":4},"end":{"line":44,"column":5}}],"line":42},"1":{"loc":{"start":{"line":45,"column":4},"end":{"line":47,"column":5}},"type":"if","locations":[{"start":{"line":45,"column":4},"end":{"line":47,"column":5}},{"start":{"line":45,"column":4},"end":{"line":47,"column":5}}],"line":45},"2":{"loc":{"start":{"line":48,"column":4},"end":{"line":50,"column":5}},"type":"if","locations":[{"start":{"line":48,"column":4},"end":{"line":50,"column":5}},{"start":{"line":48,"column":4},"end":{"line":50,"column":5}}],"line":48},"3":{"loc":{"start":{"line":51,"column":4},"end":{"line":53,"column":5}},"type":"if","locations":[{"start":{"line":51,"column":4},"end":{"line":53,"column":5}},{"start":{"line":51,"column":4},"end":{"line":53,"column":5}}],"line":51},"4":{"loc":{"start":{"line":54,"column":4},"end":{"line":56,"column":5}},"type":"if","locations":[{"start":{"line":54,"column":4},"end":{"line":56,"column":5}},{"start":{"line":54,"column":4},"end":{"line":56,"column":5}}],"line":54},"5":{"loc":{"start":{"line":77,"column":4},"end":{"line":109,"column":5}},"type":"if","locations":[{"start":{"line":77,"column":4},"end":{"line":109,"column":5}},{"start":{"line":77,"column":4},"end":{"line":109,"column":5}}],"line":77},"6":{"loc":{"start":{"line":85,"column":6},"end":{"line":108,"column":7}},"type":"if","locations":[{"start":{"line":85,"column":6},"end":{"line":108,"column":7}},{"start":{"line":85,"column":6},"end":{"line":108,"column":7}}],"line":85},"7":{"loc":{"start":{"line":138,"column":4},"end":{"line":140,"column":5}},"type":"if","locations":[{"start":{"line":138,"column":4},"end":{"line":140,"column":5}},{"start":{"line":138,"column":4},"end":{"line":140,"column":5}}],"line":138},"8":{"loc":{"start":{"line":151,"column":10},"end":{"line":156,"column":11}},"type":"if","locations":[{"start":{"line":151,"column":10},"end":{"line":156,"column":11}},{"start":{"line":151,"column":10},"end":{"line":156,"column":11}}],"line":151},"9":{"loc":{"start":{"line":152,"column":12},"end":{"line":153,"column":59}},"type":"binary-expr","locations":[{"start":{"line":152,"column":12},"end":{"line":152,"column":42}},{"start":{"line":153,"column":12},"end":{"line":153,"column":59}}],"line":152},"10":{"loc":{"start":{"line":174,"column":4},"end":{"line":176,"column":5}},"type":"if","locations":[{"start":{"line":174,"column":4},"end":{"line":176,"column":5}},{"start":{"line":174,"column":4},"end":{"line":176,"column":5}}],"line":174},"11":{"loc":{"start":{"line":174,"column":8},"end":{"line":174,"column":66}},"type":"binary-expr","locations":[{"start":{"line":174,"column":8},"end":{"line":174,"column":43}},{"start":{"line":174,"column":47},"end":{"line":174,"column":66}}],"line":174}},"s":{"0":2,"1":0,"2":0,"3":0,"4":0,"5":0,"6":0,"7":0,"8":0,"9":0,"10":0,"11":0,"12":0,"13":0,"14":0,"15":0,"16":0,"17":0,"18":0,"19":0,"20":0,"21":0,"22":0,"23":0,"24":0,"25":0,"26":0,"27":0,"28":0,"29":0,"30":0,"31":0,"32":0,"33":0,"34":0,"35":0,"36":0,"37":0,"38":0,"39":0,"40":0,"41":0,"42":0,"43":0,"44":0,"45":0,"46":0,"47":0,"48":0,"49":0,"50":0,"51":0,"52":0,"53":0,"54":0,"55":0,"56":0,"57":0,"58":0,"59":0,"60":0,"61":2},"f":{"0":0,"1":0,"2":0,"3":0,"4":0,"5":0,"6":0,"7":0,"8":0,"9":0,"10":0,"11":0,"12":0,"13":0},"b":{"0":[0,0],"1":[0,0],"2":[0,0],"3":[0,0],"4":[0,0],"5":[0,0],"6":[0,0],"7":[0,0],"8":[0,0],"9":[0,0],"10":[0,0],"11":[0,0]},"_coverageSchema":"1a1c01bbd47fc00a2c39e90264f33305004495a9","hash":"995a40eed159de6e94b5f5d47ba21d636c38feae"}
,"C:\\Users\\Owner\\Desktop\\17151618\\Deliversity_frontend\\src\\screens\\SignupScreen.js": {"path":"C:\\Users\\Owner\\Desktop\\17151618\\Deliversity_frontend\\src\\screens\\SignupScreen.js","statementMap":{"0":{"start":{"line":14,"column":29},"end":{"line":16,"column":3}},"1":{"start":{"line":18,"column":4},"end":{"line":18,"column":17}},"2":{"start":{"line":19,"column":4},"end":{"line":34,"column":6}},"3":{"start":{"line":37,"column":20},"end":{"line":40,"column":3}},"4":{"start":{"line":38,"column":4},"end":{"line":38,"column":38}},"5":{"start":{"line":39,"column":4},"end":{"line":39,"column":43}},"6":{"start":{"line":41,"column":15},"end":{"line":54,"column":3}},"7":{"start":{"line":42,"column":17},"end":{"line":44,"column":5}},"8":{"start":{"line":45,"column":4},"end":{"line":45,"column":22}},"9":{"start":{"line":46,"column":4},"end":{"line":53,"column":9}},"10":{"start":{"line":49,"column":8},"end":{"line":49,"column":35}},"11":{"start":{"line":52,"column":8},"end":{"line":52,"column":45}},"12":{"start":{"line":56,"column":15},"end":{"line":71,"column":3}},"13":{"start":{"line":57,"column":17},"end":{"line":60,"column":5}},"14":{"start":{"line":61,"column":4},"end":{"line":61,"column":22}},"15":{"start":{"line":62,"column":4},"end":{"line":70,"column":9}},"16":{"start":{"line":65,"column":8},"end":{"line":65,"column":36}},"17":{"start":{"line":66,"column":8},"end":{"line":66,"column":25}},"18":{"start":{"line":69,"column":8},"end":{"line":69,"column":42}},"19":{"start":{"line":73,"column":17},"end":{"line":85,"column":3}},"20":{"start":{"line":74,"column":17},"end":{"line":76,"column":5}},"21":{"start":{"line":77,"column":4},"end":{"line":84,"column":9}},"22":{"start":{"line":80,"column":8},"end":{"line":80,"column":38}},"23":{"start":{"line":83,"column":8},"end":{"line":83,"column":42}},"24":{"start":{"line":87,"column":16},"end":{"line":112,"column":3}},"25":{"start":{"line":88,"column":4},"end":{"line":111,"column":5}},"26":{"start":{"line":89,"column":19},"end":{"line":99,"column":7}},"27":{"start":{"line":100,"column":6},"end":{"line":107,"column":11}},"28":{"start":{"line":103,"column":10},"end":{"line":103,"column":55}},"29":{"start":{"line":106,"column":10},"end":{"line":106,"column":45}},"30":{"start":{"line":108,"column":6},"end":{"line":108,"column":41}},"31":{"start":{"line":110,"column":6},"end":{"line":110,"column":25}},"32":{"start":{"line":115,"column":4},"end":{"line":261,"column":6}},"33":{"start":{"line":127,"column":38},"end":{"line":127,"column":63}},"34":{"start":{"line":138,"column":38},"end":{"line":138,"column":63}},"35":{"start":{"line":148,"column":38},"end":{"line":148,"column":65}},"36":{"start":{"line":158,"column":38},"end":{"line":158,"column":66}},"37":{"start":{"line":165,"column":16},"end":{"line":165,"column":34}},"38":{"start":{"line":177,"column":16},"end":{"line":177,"column":54}},"39":{"start":{"line":187,"column":46},"end":{"line":187,"column":75}},"40":{"start":{"line":195,"column":24},"end":{"line":195,"column":42}},"41":{"start":{"line":203,"column":22},"end":{"line":203,"column":69}},"42":{"start":{"line":217,"column":38},"end":{"line":217,"column":66}},"43":{"start":{"line":225,"column":16},"end":{"line":225,"column":36}},"44":{"start":{"line":237,"column":38},"end":{"line":237,"column":69}},"45":{"start":{"line":247,"column":38},"end":{"line":247,"column":64}},"46":{"start":{"line":255,"column":14},"end":{"line":255,"column":33}},"47":{"start":{"line":267,"column":15},"end":{"line":417,"column":2}}},"fnMap":{"0":{"name":"(anonymous_0)","decl":{"start":{"line":17,"column":2},"end":{"line":17,"column":3}},"loc":{"start":{"line":17,"column":21},"end":{"line":35,"column":3}},"line":17},"1":{"name":"(anonymous_1)","decl":{"start":{"line":37,"column":20},"end":{"line":37,"column":21}},"loc":{"start":{"line":37,"column":33},"end":{"line":40,"column":3}},"line":37},"2":{"name":"(anonymous_2)","decl":{"start":{"line":41,"column":15},"end":{"line":41,"column":16}},"loc":{"start":{"line":41,"column":27},"end":{"line":54,"column":3}},"line":41},"3":{"name":"(anonymous_3)","decl":{"start":{"line":48,"column":12},"end":{"line":48,"column":13}},"loc":{"start":{"line":48,"column":18},"end":{"line":50,"column":7}},"line":48},"4":{"name":"(anonymous_4)","decl":{"start":{"line":51,"column":13},"end":{"line":51,"column":14}},"loc":{"start":{"line":51,"column":22},"end":{"line":53,"column":7}},"line":51},"5":{"name":"(anonymous_5)","decl":{"start":{"line":56,"column":15},"end":{"line":56,"column":16}},"loc":{"start":{"line":56,"column":27},"end":{"line":71,"column":3}},"line":56},"6":{"name":"(anonymous_6)","decl":{"start":{"line":64,"column":12},"end":{"line":64,"column":13}},"loc":{"start":{"line":64,"column":18},"end":{"line":67,"column":7}},"line":64},"7":{"name":"(anonymous_7)","decl":{"start":{"line":68,"column":13},"end":{"line":68,"column":14}},"loc":{"start":{"line":68,"column":22},"end":{"line":70,"column":7}},"line":68},"8":{"name":"(anonymous_8)","decl":{"start":{"line":73,"column":17},"end":{"line":73,"column":18}},"loc":{"start":{"line":73,"column":29},"end":{"line":85,"column":3}},"line":73},"9":{"name":"(anonymous_9)","decl":{"start":{"line":79,"column":12},"end":{"line":79,"column":13}},"loc":{"start":{"line":79,"column":18},"end":{"line":81,"column":7}},"line":79},"10":{"name":"(anonymous_10)","decl":{"start":{"line":82,"column":13},"end":{"line":82,"column":14}},"loc":{"start":{"line":82,"column":22},"end":{"line":84,"column":7}},"line":82},"11":{"name":"(anonymous_11)","decl":{"start":{"line":87,"column":16},"end":{"line":87,"column":17}},"loc":{"start":{"line":87,"column":28},"end":{"line":112,"column":3}},"line":87},"12":{"name":"(anonymous_12)","decl":{"start":{"line":102,"column":14},"end":{"line":102,"column":15}},"loc":{"start":{"line":102,"column":28},"end":{"line":104,"column":9}},"line":102},"13":{"name":"(anonymous_13)","decl":{"start":{"line":105,"column":15},"end":{"line":105,"column":16}},"loc":{"start":{"line":105,"column":26},"end":{"line":107,"column":9}},"line":105},"14":{"name":"(anonymous_14)","decl":{"start":{"line":114,"column":2},"end":{"line":114,"column":3}},"loc":{"start":{"line":114,"column":11},"end":{"line":262,"column":3}},"line":114},"15":{"name":"(anonymous_15)","decl":{"start":{"line":127,"column":28},"end":{"line":127,"column":29}},"loc":{"start":{"line":127,"column":38},"end":{"line":127,"column":63}},"line":127},"16":{"name":"(anonymous_16)","decl":{"start":{"line":138,"column":28},"end":{"line":138,"column":29}},"loc":{"start":{"line":138,"column":38},"end":{"line":138,"column":63}},"line":138},"17":{"name":"(anonymous_17)","decl":{"start":{"line":148,"column":28},"end":{"line":148,"column":29}},"loc":{"start":{"line":148,"column":38},"end":{"line":148,"column":65}},"line":148},"18":{"name":"(anonymous_18)","decl":{"start":{"line":158,"column":28},"end":{"line":158,"column":29}},"loc":{"start":{"line":158,"column":38},"end":{"line":158,"column":66}},"line":158},"19":{"name":"(anonymous_19)","decl":{"start":{"line":164,"column":23},"end":{"line":164,"column":24}},"loc":{"start":{"line":164,"column":29},"end":{"line":166,"column":15}},"line":164},"20":{"name":"(anonymous_20)","decl":{"start":{"line":176,"column":30},"end":{"line":176,"column":31}},"loc":{"start":{"line":176,"column":36},"end":{"line":178,"column":15}},"line":176},"21":{"name":"(anonymous_21)","decl":{"start":{"line":187,"column":36},"end":{"line":187,"column":37}},"loc":{"start":{"line":187,"column":46},"end":{"line":187,"column":75}},"line":187},"22":{"name":"(anonymous_22)","decl":{"start":{"line":194,"column":31},"end":{"line":194,"column":32}},"loc":{"start":{"line":194,"column":37},"end":{"line":196,"column":23}},"line":194},"23":{"name":"(anonymous_23)","decl":{"start":{"line":202,"column":29},"end":{"line":202,"column":30}},"loc":{"start":{"line":202,"column":35},"end":{"line":204,"column":21}},"line":202},"24":{"name":"(anonymous_24)","decl":{"start":{"line":217,"column":28},"end":{"line":217,"column":29}},"loc":{"start":{"line":217,"column":38},"end":{"line":217,"column":66}},"line":217},"25":{"name":"(anonymous_25)","decl":{"start":{"line":224,"column":23},"end":{"line":224,"column":24}},"loc":{"start":{"line":224,"column":29},"end":{"line":226,"column":15}},"line":224},"26":{"name":"(anonymous_26)","decl":{"start":{"line":237,"column":28},"end":{"line":237,"column":29}},"loc":{"start":{"line":237,"column":38},"end":{"line":237,"column":69}},"line":237},"27":{"name":"(anonymous_27)","decl":{"start":{"line":247,"column":28},"end":{"line":247,"column":29}},"loc":{"start":{"line":247,"column":38},"end":{"line":247,"column":64}},"line":247},"28":{"name":"(anonymous_28)","decl":{"start":{"line":254,"column":21},"end":{"line":254,"column":22}},"loc":{"start":{"line":254,"column":27},"end":{"line":256,"column":13}},"line":254}},"branchMap":{"0":{"loc":{"start":{"line":28,"column":15},"end":{"line":30,"column":14}},"type":"cond-expr","locations":[{"start":{"line":29,"column":10},"end":{"line":29,"column":41}},{"start":{"line":30,"column":10},"end":{"line":30,"column":14}}],"line":28},"1":{"loc":{"start":{"line":31,"column":19},"end":{"line":33,"column":14}},"type":"cond-expr","locations":[{"start":{"line":32,"column":10},"end":{"line":32,"column":45}},{"start":{"line":33,"column":10},"end":{"line":33,"column":14}}],"line":31}},"s":{"0":1,"1":1,"2":1,"3":1,"4":0,"5":0,"6":1,"7":0,"8":0,"9":0,"10":0,"11":0,"12":1,"13":0,"14":0,"15":0,"16":0,"17":0,"18":0,"19":1,"20":0,"21":0,"22":0,"23":0,"24":1,"25":0,"26":0,"27":0,"28":0,"29":0,"30":0,"31":0,"32":0,"33":0,"34":0,"35":0,"36":0,"37":0,"38":0,"39":0,"40":0,"41":0,"42":0,"43":0,"44":0,"45":0,"46":0,"47":1},"f":{"0":1,"1":0,"2":0,"3":0,"4":0,"5":0,"6":0,"7":0,"8":0,"9":0,"10":0,"11":0,"12":0,"13":0,"14":0,"15":0,"16":0,"17":0,"18":0,"19":0,"20":0,"21":0,"22":0,"23":0,"24":0,"25":0,"26":0,"27":0,"28":0},"b":{"0":[0,0],"1":[0,0]},"_coverageSchema":"1a1c01bbd47fc00a2c39e90264f33305004495a9","hash":"5223d7afde297a6b78c0053c2117abffafadb483"}
,"C:\\Users\\Owner\\Desktop\\17151618\\Deliversity_frontend\\src\\screens\\StoreScreen.js": {"path":"C:\\Users\\Owner\\Desktop\\17151618\\Deliversity_frontend\\src\\screens\\StoreScreen.js","statementMap":{"0":{"start":{"line":16,"column":29},"end":{"line":18,"column":3}},"1":{"start":{"line":20,"column":4},"end":{"line":20,"column":17}},"2":{"start":{"line":21,"column":4},"end":{"line":21,"column":43}},"3":{"start":{"line":22,"column":4},"end":{"line":28,"column":6}},"4":{"start":{"line":29,"column":4},"end":{"line":29,"column":37}},"5":{"start":{"line":30,"column":4},"end":{"line":30,"column":29}},"6":{"start":{"line":32,"column":20},"end":{"line":34,"column":3}},"7":{"start":{"line":33,"column":4},"end":{"line":33,"column":46}},"8":{"start":{"line":35,"column":22},"end":{"line":46,"column":3}},"9":{"start":{"line":36,"column":4},"end":{"line":45,"column":9}},"10":{"start":{"line":40,"column":10},"end":{"line":40,"column":67}},"11":{"start":{"line":41,"column":8},"end":{"line":41,"column":42}},"12":{"start":{"line":44,"column":8},"end":{"line":44,"column":35}},"13":{"start":{"line":48,"column":12},"end":{"line":51,"column":3}},"14":{"start":{"line":50,"column":4},"end":{"line":50,"column":35}},"15":{"start":{"line":54,"column":4},"end":{"line":142,"column":6}},"16":{"start":{"line":65,"column":14},"end":{"line":65,"column":37}},"17":{"start":{"line":80,"column":16},"end":{"line":91,"column":23}},"18":{"start":{"line":85,"column":22},"end":{"line":87,"column":25}},"19":{"start":{"line":110,"column":42},"end":{"line":110,"column":74}},"20":{"start":{"line":115,"column":20},"end":{"line":117,"column":21}},"21":{"start":{"line":124,"column":18},"end":{"line":135,"column":25}},"22":{"start":{"line":129,"column":24},"end":{"line":131,"column":27}},"23":{"start":{"line":145,"column":24},"end":{"line":147,"column":2}},"24":{"start":{"line":145,"column":36},"end":{"line":147,"column":1}},"25":{"start":{"line":149,"column":15},"end":{"line":214,"column":2}}},"fnMap":{"0":{"name":"(anonymous_0)","decl":{"start":{"line":19,"column":2},"end":{"line":19,"column":3}},"loc":{"start":{"line":19,"column":21},"end":{"line":31,"column":3}},"line":19},"1":{"name":"(anonymous_1)","decl":{"start":{"line":32,"column":20},"end":{"line":32,"column":21}},"loc":{"start":{"line":32,"column":26},"end":{"line":34,"column":3}},"line":32},"2":{"name":"(anonymous_2)","decl":{"start":{"line":35,"column":22},"end":{"line":35,"column":23}},"loc":{"start":{"line":35,"column":28},"end":{"line":46,"column":3}},"line":35},"3":{"name":"(anonymous_3)","decl":{"start":{"line":38,"column":12},"end":{"line":38,"column":13}},"loc":{"start":{"line":38,"column":21},"end":{"line":42,"column":7}},"line":38},"4":{"name":"(anonymous_4)","decl":{"start":{"line":43,"column":13},"end":{"line":43,"column":14}},"loc":{"start":{"line":43,"column":20},"end":{"line":45,"column":7}},"line":43},"5":{"name":"(anonymous_5)","decl":{"start":{"line":48,"column":12},"end":{"line":48,"column":13}},"loc":{"start":{"line":48,"column":22},"end":{"line":51,"column":3}},"line":48},"6":{"name":"(anonymous_6)","decl":{"start":{"line":53,"column":2},"end":{"line":53,"column":3}},"loc":{"start":{"line":53,"column":11},"end":{"line":143,"column":3}},"line":53},"7":{"name":"(anonymous_7)","decl":{"start":{"line":64,"column":21},"end":{"line":64,"column":22}},"loc":{"start":{"line":64,"column":27},"end":{"line":66,"column":13}},"line":64},"8":{"name":"(anonymous_8)","decl":{"start":{"line":79,"column":38},"end":{"line":79,"column":39}},"loc":{"start":{"line":80,"column":16},"end":{"line":91,"column":23}},"line":80},"9":{"name":"(anonymous_9)","decl":{"start":{"line":84,"column":29},"end":{"line":84,"column":30}},"loc":{"start":{"line":84,"column":35},"end":{"line":88,"column":21}},"line":84},"10":{"name":"(anonymous_10)","decl":{"start":{"line":110,"column":32},"end":{"line":110,"column":33}},"loc":{"start":{"line":110,"column":42},"end":{"line":110,"column":74}},"line":110},"11":{"name":"(anonymous_11)","decl":{"start":{"line":114,"column":27},"end":{"line":114,"column":28}},"loc":{"start":{"line":115,"column":20},"end":{"line":117,"column":21}},"line":115},"12":{"name":"(anonymous_12)","decl":{"start":{"line":123,"column":40},"end":{"line":123,"column":41}},"loc":{"start":{"line":124,"column":18},"end":{"line":135,"column":25}},"line":124},"13":{"name":"(anonymous_13)","decl":{"start":{"line":128,"column":31},"end":{"line":128,"column":32}},"loc":{"start":{"line":128,"column":37},"end":{"line":132,"column":23}},"line":128},"14":{"name":"(anonymous_14)","decl":{"start":{"line":145,"column":24},"end":{"line":145,"column":25}},"loc":{"start":{"line":145,"column":36},"end":{"line":147,"column":1}},"line":145}},"branchMap":{"0":{"loc":{"start":{"line":23,"column":16},"end":{"line":23,"column":79}},"type":"cond-expr","locations":[{"start":{"line":23,"column":42},"end":{"line":23,"column":74}},{"start":{"line":23,"column":77},"end":{"line":23,"column":79}}],"line":23},"1":{"loc":{"start":{"line":59,"column":13},"end":{"line":61,"column":34}},"type":"cond-expr","locations":[{"start":{"line":60,"column":16},"end":{"line":60,"column":34}},{"start":{"line":61,"column":16},"end":{"line":61,"column":34}}],"line":59},"2":{"loc":{"start":{"line":77,"column":11},"end":{"line":139,"column":11}},"type":"cond-expr","locations":[{"start":{"line":78,"column":12},"end":{"line":93,"column":25}},{"start":{"line":95,"column":12},"end":{"line":138,"column":19}}],"line":77},"3":{"loc":{"start":{"line":159,"column":15},"end":{"line":159,"column":46}},"type":"cond-expr","locations":[{"start":{"line":159,"column":39},"end":{"line":159,"column":41}},{"start":{"line":159,"column":44},"end":{"line":159,"column":46}}],"line":159}},"s":{"0":2,"1":1,"2":1,"3":1,"4":0,"5":0,"6":1,"7":0,"8":1,"9":0,"10":0,"11":0,"12":0,"13":1,"14":0,"15":0,"16":0,"17":0,"18":0,"19":0,"20":0,"21":0,"22":0,"23":2,"24":1,"25":2},"f":{"0":1,"1":0,"2":0,"3":0,"4":0,"5":0,"6":0,"7":0,"8":0,"9":0,"10":0,"11":0,"12":0,"13":0,"14":1},"b":{"0":[0,0],"1":[0,0],"2":[0,0],"3":[0,2]},"_coverageSchema":"1a1c01bbd47fc00a2c39e90264f33305004495a9","hash":"4ef62b342826129502b6b389f0345a36a7b55d6f"}
,"C:\\Users\\Owner\\Desktop\\17151618\\Deliversity_frontend\\src\\store\\actions\\action.js": {"path":"C:\\Users\\Owner\\Desktop\\17151618\\Deliversity_frontend\\src\\store\\actions\\action.js","statementMap":{"0":{"start":{"line":19,"column":20},"end":{"line":19,"column":22}},"1":{"start":{"line":20,"column":30},"end":{"line":26,"column":1}},"2":{"start":{"line":21,"column":2},"end":{"line":25,"column":3}},"3":{"start":{"line":22,"column":4},"end":{"line":22,"column":60}},"4":{"start":{"line":24,"column":4},"end":{"line":24,"column":25}},"5":{"start":{"line":27,"column":30},"end":{"line":44,"column":1}},"6":{"start":{"line":28,"column":2},"end":{"line":43,"column":3}},"7":{"start":{"line":29,"column":21},"end":{"line":29,"column":70}},"8":{"start":{"line":30,"column":4},"end":{"line":32,"column":5}},"9":{"start":{"line":31,"column":6},"end":{"line":31,"column":19}},"10":{"start":{"line":40,"column":4},"end":{"line":40,"column":20}},"11":{"start":{"line":42,"column":4},"end":{"line":42,"column":25}},"12":{"start":{"line":46,"column":33},"end":{"line":52,"column":1}},"13":{"start":{"line":47,"column":2},"end":{"line":51,"column":3}},"14":{"start":{"line":48,"column":4},"end":{"line":48,"column":57}},"15":{"start":{"line":50,"column":4},"end":{"line":50,"column":23}},"16":{"start":{"line":53,"column":27},"end":{"line":73,"column":1}},"17":{"start":{"line":54,"column":2},"end":{"line":72,"column":4}},"18":{"start":{"line":55,"column":4},"end":{"line":59,"column":7}},"19":{"start":{"line":56,"column":20},"end":{"line":56,"column":40}},"20":{"start":{"line":57,"column":6},"end":{"line":57,"column":47}},"21":{"start":{"line":58,"column":6},"end":{"line":58,"column":20}},"22":{"start":{"line":60,"column":4},"end":{"line":60,"column":54}},"23":{"start":{"line":61,"column":4},"end":{"line":61,"column":66}},"24":{"start":{"line":62,"column":18},"end":{"line":62,"column":50}},"25":{"start":{"line":63,"column":4},"end":{"line":63,"column":48}},"26":{"start":{"line":64,"column":4},"end":{"line":64,"column":63}},"27":{"start":{"line":65,"column":21},"end":{"line":69,"column":5}},"28":{"start":{"line":70,"column":4},"end":{"line":70,"column":37}},"29":{"start":{"line":71,"column":4},"end":{"line":71,"column":37}},"30":{"start":{"line":75,"column":28},"end":{"line":110,"column":1}},"31":{"start":{"line":76,"column":2},"end":{"line":109,"column":4}},"32":{"start":{"line":77,"column":4},"end":{"line":108,"column":9}},"33":{"start":{"line":81,"column":8},"end":{"line":81,"column":33}},"34":{"start":{"line":82,"column":8},"end":{"line":107,"column":13}},"35":{"start":{"line":85,"column":12},"end":{"line":89,"column":15}},"36":{"start":{"line":86,"column":28},"end":{"line":86,"column":52}},"37":{"start":{"line":87,"column":14},"end":{"line":87,"column":55}},"38":{"start":{"line":88,"column":14},"end":{"line":88,"column":28}},"39":{"start":{"line":90,"column":12},"end":{"line":90,"column":66}},"40":{"start":{"line":91,"column":12},"end":{"line":91,"column":78}},"41":{"start":{"line":92,"column":26},"end":{"line":92,"column":62}},"42":{"start":{"line":93,"column":12},"end":{"line":93,"column":56}},"43":{"start":{"line":94,"column":12},"end":{"line":94,"column":47}},"44":{"start":{"line":95,"column":12},"end":{"line":95,"column":75}},"45":{"start":{"line":96,"column":29},"end":{"line":100,"column":13}},"46":{"start":{"line":101,"column":12},"end":{"line":101,"column":45}},"47":{"start":{"line":102,"column":12},"end":{"line":102,"column":45}},"48":{"start":{"line":105,"column":12},"end":{"line":105,"column":47}},"49":{"start":{"line":106,"column":12},"end":{"line":106,"column":42}},"50":{"start":{"line":111,"column":25},"end":{"line":159,"column":1}},"51":{"start":{"line":112,"column":2},"end":{"line":158,"column":4}},"52":{"start":{"line":113,"column":4},"end":{"line":157,"column":9}},"53":{"start":{"line":117,"column":24},"end":{"line":117,"column":44}},"54":{"start":{"line":118,"column":8},"end":{"line":122,"column":11}},"55":{"start":{"line":119,"column":24},"end":{"line":119,"column":34}},"56":{"start":{"line":120,"column":10},"end":{"line":120,"column":51}},"57":{"start":{"line":121,"column":10},"end":{"line":121,"column":24}},"58":{"start":{"line":123,"column":8},"end":{"line":156,"column":13}},"59":{"start":{"line":126,"column":12},"end":{"line":130,"column":15}},"60":{"start":{"line":127,"column":31},"end":{"line":127,"column":55}},"61":{"start":{"line":128,"column":14},"end":{"line":128,"column":58}},"62":{"start":{"line":129,"column":14},"end":{"line":129,"column":28}},"63":{"start":{"line":131,"column":12},"end":{"line":138,"column":17}},"64":{"start":{"line":134,"column":16},"end":{"line":134,"column":43}},"65":{"start":{"line":137,"column":16},"end":{"line":137,"column":51}},"66":{"start":{"line":139,"column":12},"end":{"line":139,"column":66}},"67":{"start":{"line":140,"column":12},"end":{"line":140,"column":78}},"68":{"start":{"line":141,"column":26},"end":{"line":141,"column":62}},"69":{"start":{"line":142,"column":12},"end":{"line":142,"column":56}},"70":{"start":{"line":143,"column":12},"end":{"line":143,"column":47}},"71":{"start":{"line":144,"column":12},"end":{"line":144,"column":75}},"72":{"start":{"line":145,"column":29},"end":{"line":149,"column":13}},"73":{"start":{"line":150,"column":12},"end":{"line":150,"column":45}},"74":{"start":{"line":154,"column":12},"end":{"line":154,"column":36}},"75":{"start":{"line":155,"column":12},"end":{"line":155,"column":42}},"76":{"start":{"line":161,"column":33},"end":{"line":166,"column":1}},"77":{"start":{"line":162,"column":2},"end":{"line":165,"column":4}},"78":{"start":{"line":167,"column":31},"end":{"line":175,"column":1}},"79":{"start":{"line":168,"column":2},"end":{"line":168,"column":23}},"80":{"start":{"line":169,"column":2},"end":{"line":174,"column":4}},"81":{"start":{"line":177,"column":36},"end":{"line":191,"column":1}},"82":{"start":{"line":178,"column":2},"end":{"line":190,"column":4}},"83":{"start":{"line":179,"column":4},"end":{"line":189,"column":9}},"84":{"start":{"line":183,"column":10},"end":{"line":183,"column":77}},"85":{"start":{"line":184,"column":8},"end":{"line":184,"column":29}},"86":{"start":{"line":185,"column":8},"end":{"line":185,"column":42}},"87":{"start":{"line":188,"column":8},"end":{"line":188,"column":43}},"88":{"start":{"line":192,"column":30},"end":{"line":197,"column":1}},"89":{"start":{"line":193,"column":2},"end":{"line":196,"column":4}},"90":{"start":{"line":198,"column":29},"end":{"line":204,"column":1}},"91":{"start":{"line":199,"column":2},"end":{"line":203,"column":4}},"92":{"start":{"line":200,"column":4},"end":{"line":200,"column":35}},"93":{"start":{"line":201,"column":4},"end":{"line":201,"column":52}},"94":{"start":{"line":202,"column":4},"end":{"line":202,"column":23}},"95":{"start":{"line":205,"column":28},"end":{"line":212,"column":1}},"96":{"start":{"line":206,"column":2},"end":{"line":211,"column":4}},"97":{"start":{"line":214,"column":28},"end":{"line":219,"column":1}},"98":{"start":{"line":215,"column":2},"end":{"line":218,"column":4}},"99":{"start":{"line":221,"column":27},"end":{"line":226,"column":1}},"100":{"start":{"line":222,"column":2},"end":{"line":225,"column":4}},"101":{"start":{"line":228,"column":25},"end":{"line":233,"column":1}},"102":{"start":{"line":229,"column":2},"end":{"line":232,"column":4}},"103":{"start":{"line":235,"column":22},"end":{"line":239,"column":1}},"104":{"start":{"line":236,"column":2},"end":{"line":238,"column":4}}},"fnMap":{"0":{"name":"(anonymous_0)","decl":{"start":{"line":20,"column":30},"end":{"line":20,"column":31}},"loc":{"start":{"line":20,"column":51},"end":{"line":26,"column":1}},"line":20},"1":{"name":"(anonymous_1)","decl":{"start":{"line":27,"column":30},"end":{"line":27,"column":31}},"loc":{"start":{"line":27,"column":45},"end":{"line":44,"column":1}},"line":27},"2":{"name":"(anonymous_2)","decl":{"start":{"line":46,"column":33},"end":{"line":46,"column":34}},"loc":{"start":{"line":46,"column":48},"end":{"line":52,"column":1}},"line":46},"3":{"name":"(anonymous_3)","decl":{"start":{"line":53,"column":27},"end":{"line":53,"column":28}},"loc":{"start":{"line":53,"column":37},"end":{"line":73,"column":1}},"line":53},"4":{"name":"(anonymous_4)","decl":{"start":{"line":54,"column":9},"end":{"line":54,"column":10}},"loc":{"start":{"line":54,"column":23},"end":{"line":72,"column":3}},"line":54},"5":{"name":"(anonymous_5)","decl":{"start":{"line":55,"column":51},"end":{"line":55,"column":52}},"loc":{"start":{"line":55,"column":69},"end":{"line":59,"column":5}},"line":55},"6":{"name":"(anonymous_6)","decl":{"start":{"line":75,"column":28},"end":{"line":75,"column":29}},"loc":{"start":{"line":75,"column":38},"end":{"line":110,"column":1}},"line":75},"7":{"name":"(anonymous_7)","decl":{"start":{"line":76,"column":9},"end":{"line":76,"column":10}},"loc":{"start":{"line":76,"column":23},"end":{"line":109,"column":3}},"line":76},"8":{"name":"(anonymous_8)","decl":{"start":{"line":80,"column":12},"end":{"line":80,"column":13}},"loc":{"start":{"line":80,"column":26},"end":{"line":108,"column":7}},"line":80},"9":{"name":"(anonymous_9)","decl":{"start":{"line":84,"column":16},"end":{"line":84,"column":17}},"loc":{"start":{"line":84,"column":30},"end":{"line":103,"column":11}},"line":84},"10":{"name":"(anonymous_10)","decl":{"start":{"line":85,"column":59},"end":{"line":85,"column":60}},"loc":{"start":{"line":85,"column":77},"end":{"line":89,"column":13}},"line":85},"11":{"name":"(anonymous_11)","decl":{"start":{"line":104,"column":17},"end":{"line":104,"column":18}},"loc":{"start":{"line":104,"column":28},"end":{"line":107,"column":11}},"line":104},"12":{"name":"(anonymous_12)","decl":{"start":{"line":111,"column":25},"end":{"line":111,"column":26}},"loc":{"start":{"line":111,"column":35},"end":{"line":159,"column":1}},"line":111},"13":{"name":"(anonymous_13)","decl":{"start":{"line":112,"column":9},"end":{"line":112,"column":10}},"loc":{"start":{"line":112,"column":23},"end":{"line":158,"column":3}},"line":112},"14":{"name":"(anonymous_14)","decl":{"start":{"line":116,"column":12},"end":{"line":116,"column":13}},"loc":{"start":{"line":116,"column":26},"end":{"line":157,"column":7}},"line":116},"15":{"name":"(anonymous_15)","decl":{"start":{"line":118,"column":55},"end":{"line":118,"column":56}},"loc":{"start":{"line":118,"column":73},"end":{"line":122,"column":9}},"line":118},"16":{"name":"(anonymous_16)","decl":{"start":{"line":125,"column":16},"end":{"line":125,"column":17}},"loc":{"start":{"line":125,"column":30},"end":{"line":151,"column":11}},"line":125},"17":{"name":"(anonymous_17)","decl":{"start":{"line":126,"column":59},"end":{"line":126,"column":60}},"loc":{"start":{"line":126,"column":77},"end":{"line":130,"column":13}},"line":126},"18":{"name":"(anonymous_18)","decl":{"start":{"line":133,"column":20},"end":{"line":133,"column":21}},"loc":{"start":{"line":133,"column":34},"end":{"line":135,"column":15}},"line":133},"19":{"name":"(anonymous_19)","decl":{"start":{"line":136,"column":21},"end":{"line":136,"column":22}},"loc":{"start":{"line":136,"column":32},"end":{"line":138,"column":15}},"line":136},"20":{"name":"(anonymous_20)","decl":{"start":{"line":152,"column":17},"end":{"line":152,"column":18}},"loc":{"start":{"line":152,"column":28},"end":{"line":156,"column":11}},"line":152},"21":{"name":"(anonymous_21)","decl":{"start":{"line":161,"column":33},"end":{"line":161,"column":34}},"loc":{"start":{"line":161,"column":43},"end":{"line":166,"column":1}},"line":161},"22":{"name":"(anonymous_22)","decl":{"start":{"line":167,"column":31},"end":{"line":167,"column":32}},"loc":{"start":{"line":167,"column":59},"end":{"line":175,"column":1}},"line":167},"23":{"name":"(anonymous_23)","decl":{"start":{"line":177,"column":36},"end":{"line":177,"column":37}},"loc":{"start":{"line":177,"column":42},"end":{"line":191,"column":1}},"line":177},"24":{"name":"(anonymous_24)","decl":{"start":{"line":178,"column":9},"end":{"line":178,"column":10}},"loc":{"start":{"line":178,"column":23},"end":{"line":190,"column":3}},"line":178},"25":{"name":"(anonymous_25)","decl":{"start":{"line":181,"column":12},"end":{"line":181,"column":13}},"loc":{"start":{"line":181,"column":26},"end":{"line":186,"column":7}},"line":181},"26":{"name":"(anonymous_26)","decl":{"start":{"line":187,"column":13},"end":{"line":187,"column":14}},"loc":{"start":{"line":187,"column":24},"end":{"line":189,"column":7}},"line":187},"27":{"name":"(anonymous_27)","decl":{"start":{"line":192,"column":30},"end":{"line":192,"column":31}},"loc":{"start":{"line":192,"column":43},"end":{"line":197,"column":1}},"line":192},"28":{"name":"(anonymous_28)","decl":{"start":{"line":198,"column":29},"end":{"line":198,"column":30}},"loc":{"start":{"line":198,"column":35},"end":{"line":204,"column":1}},"line":198},"29":{"name":"(anonymous_29)","decl":{"start":{"line":199,"column":9},"end":{"line":199,"column":10}},"loc":{"start":{"line":199,"column":23},"end":{"line":203,"column":3}},"line":199},"30":{"name":"(anonymous_30)","decl":{"start":{"line":205,"column":28},"end":{"line":205,"column":29}},"loc":{"start":{"line":205,"column":38},"end":{"line":212,"column":1}},"line":205},"31":{"name":"(anonymous_31)","decl":{"start":{"line":214,"column":28},"end":{"line":214,"column":29}},"loc":{"start":{"line":214,"column":39},"end":{"line":219,"column":1}},"line":214},"32":{"name":"(anonymous_32)","decl":{"start":{"line":221,"column":27},"end":{"line":221,"column":28}},"loc":{"start":{"line":221,"column":38},"end":{"line":226,"column":1}},"line":221},"33":{"name":"(anonymous_33)","decl":{"start":{"line":228,"column":25},"end":{"line":228,"column":26}},"loc":{"start":{"line":228,"column":39},"end":{"line":233,"column":1}},"line":228},"34":{"name":"(anonymous_34)","decl":{"start":{"line":235,"column":22},"end":{"line":235,"column":23}},"loc":{"start":{"line":235,"column":28},"end":{"line":239,"column":1}},"line":235}},"branchMap":{"0":{"loc":{"start":{"line":30,"column":4},"end":{"line":32,"column":5}},"type":"if","locations":[{"start":{"line":30,"column":4},"end":{"line":32,"column":5}},{"start":{"line":30,"column":4},"end":{"line":32,"column":5}}],"line":30}},"s":{"0":1,"1":1,"2":0,"3":0,"4":0,"5":1,"6":0,"7":0,"8":0,"9":0,"10":0,"11":0,"12":1,"13":0,"14":0,"15":0,"16":1,"17":0,"18":0,"19":0,"20":0,"21":0,"22":0,"23":0,"24":0,"25":0,"26":0,"27":0,"28":0,"29":0,"30":1,"31":0,"32":0,"33":0,"34":0,"35":0,"36":0,"37":0,"38":0,"39":0,"40":0,"41":0,"42":0,"43":0,"44":0,"45":0,"46":0,"47":0,"48":0,"49":0,"50":1,"51":0,"52":0,"53":0,"54":0,"55":0,"56":0,"57":0,"58":0,"59":0,"60":0,"61":0,"62":0,"63":0,"64":0,"65":0,"66":0,"67":0,"68":0,"69":0,"70":0,"71":0,"72":0,"73":0,"74":0,"75":0,"76":1,"77":0,"78":1,"79":0,"80":0,"81":1,"82":0,"83":0,"84":0,"85":0,"86":0,"87":0,"88":1,"89":0,"90":1,"91":0,"92":0,"93":0,"94":0,"95":1,"96":0,"97":1,"98":0,"99":1,"100":0,"101":1,"102":0,"103":1,"104":0},"f":{"0":0,"1":0,"2":0,"3":0,"4":0,"5":0,"6":0,"7":0,"8":0,"9":0,"10":0,"11":0,"12":0,"13":0,"14":0,"15":0,"16":0,"17":0,"18":0,"19":0,"20":0,"21":0,"22":0,"23":0,"24":0,"25":0,"26":0,"27":0,"28":0,"29":0,"30":0,"31":0,"32":0,"33":0,"34":0},"b":{"0":[0,0]},"_coverageSchema":"1a1c01bbd47fc00a2c39e90264f33305004495a9","hash":"bfdc72ab6b605cb58ea4a909e56fd1b575a45cd6"}
,"C:\\Users\\Owner\\Desktop\\17151618\\Deliversity_frontend\\src\\store\\actions\\type.js": {"path":"C:\\Users\\Owner\\Desktop\\17151618\\Deliversity_frontend\\src\\store\\actions\\type.js","statementMap":{"0":{"start":{"line":1,"column":21},"end":{"line":1,"column":28}},"1":{"start":{"line":2,"column":29},"end":{"line":2,"column":44}},"2":{"start":{"line":3,"column":29},"end":{"line":3,"column":44}},"3":{"start":{"line":4,"column":22},"end":{"line":4,"column":30}},"4":{"start":{"line":5,"column":26},"end":{"line":5,"column":38}},"5":{"start":{"line":6,"column":28},"end":{"line":6,"column":42}},"6":{"start":{"line":8,"column":27},"end":{"line":8,"column":40}},"7":{"start":{"line":10,"column":30},"end":{"line":10,"column":46}},"8":{"start":{"line":11,"column":32},"end":{"line":11,"column":50}}},"fnMap":{},"branchMap":{},"s":{"0":1,"1":1,"2":1,"3":1,"4":1,"5":1,"6":1,"7":1,"8":1},"f":{},"b":{},"_coverageSchema":"1a1c01bbd47fc00a2c39e90264f33305004495a9","hash":"257f1eef8d01c7c9dec877e2554b9867c49af7d7"}
}
