TN:
SF:assets\deliversity3.png
FNF:0
FNH:0
DA:1,1
LF:1
LH:1
BRF:0
BRH:0
end_of_record
TN:
SF:assets\homeDetail.png
FNF:0
FNH:0
DA:1,1
LF:1
LH:1
BRF:0
BRH:0
end_of_record
TN:
SF:assets\seekDetail.png
FNF:0
FNH:0
DA:1,1
LF:1
LH:1
BRF:0
BRH:0
end_of_record
TN:
SF:src\axiosConfig.js
FNF:0
FNH:0
DA:3,17
LF:1
LH:1
BRF:0
BRH:0
end_of_record
TN:
SF:src\components\ChangeButton.js
FN:9,(anonymous_0)
FN:13,(anonymous_1)
FN:16,(anonymous_2)
FN:28,(anonymous_3)
FN:33,(anonymous_4)
FN:38,(anonymous_5)
FN:63,(anonymous_6)
FN:66,(anonymous_7)
FN:67,(anonymous_8)
FNF:9
FNH:6
FNDA:3,(anonymous_0)
FNDA:1,(anonymous_1)
FNDA:0,(anonymous_2)
FNDA:0,(anonymous_3)
FNDA:3,(anonymous_4)
FNDA:1,(anonymous_5)
FNDA:3,(anonymous_6)
FNDA:3,(anonymous_7)
FNDA:0,(anonymous_8)
DA:10,3
DA:13,3
DA:14,1
DA:17,0
DA:18,0
DA:19,0
DA:20,0
DA:22,0
DA:25,0
DA:29,0
DA:34,3
DA:39,1
DA:40,1
DA:51,3
DA:63,3
DA:66,3
DA:67,0
LF:17
LH:9
BRDA:18,0,0,0
BRDA:18,0,1,0
BRDA:19,1,0,0
BRDA:19,1,1,0
BRF:4
BRH:0
end_of_record
TN:
SF:src\components\DeliveryManList.js
FN:6,(anonymous_0)
FN:10,(anonymous_1)
FN:15,(anonymous_2)
FN:21,(anonymous_3)
FNF:4
FNH:0
FNDA:0,(anonymous_0)
FNDA:0,(anonymous_1)
FNDA:0,(anonymous_2)
FNDA:0,(anonymous_3)
DA:7,0
DA:8,0
DA:10,0
DA:11,0
DA:13,0
DA:15,0
DA:16,0
DA:18,0
DA:22,0
DA:47,1
LF:10
LH:1
BRF:0
BRH:0
end_of_record
TN:
SF:src\components\QAcard.js
FN:3,(anonymous_0)
FNF:1
FNH:0
FNDA:0,(anonymous_0)
DA:3,1
DA:4,0
DA:49,1
LF:3
LH:2
BRDA:17,0,0,0
BRDA:17,0,1,0
BRDA:22,1,0,0
BRDA:22,1,1,0
BRDA:29,2,0,0
BRDA:29,2,1,0
BRF:6
BRH:0
end_of_record
TN:
SF:src\components\RefundBookCard.js
FN:3,(anonymous_0)
FNF:1
FNH:0
FNDA:0,(anonymous_0)
DA:3,1
DA:4,0
DA:66,1
LF:3
LH:2
BRDA:50,0,0,0
BRDA:50,0,1,0
BRDA:55,1,0,0
BRDA:55,1,1,0
BRF:4
BRH:0
end_of_record
TN:
SF:src\components\ReviewItem.js
FN:5,(anonymous_0)
FN:10,(anonymous_1)
FNF:2
FNH:0
FNDA:0,(anonymous_0)
FNDA:0,(anonymous_1)
DA:6,0
DA:7,0
DA:11,0
LF:3
LH:0
BRF:0
BRH:0
end_of_record
TN:
SF:src\components\StarRating.js
FN:6,(anonymous_0)
FNF:1
FNH:0
FNDA:0,(anonymous_0)
DA:6,4
DA:7,0
DA:8,0
DA:9,0
DA:10,0
DA:11,0
DA:13,0
DA:15,0
DA:20,4
LF:9
LH:2
BRDA:10,0,0,0
BRDA:10,0,1,0
BRF:2
BRH:0
end_of_record
TN:
SF:src\components\paymentBookCard.js
FN:4,(anonymous_0)
FNF:1
FNH:0
FNDA:0,(anonymous_0)
DA:4,1
DA:5,0
LF:2
LH:1
BRF:0
BRH:0
end_of_record
TN:
SF:src\components\reportCard.js
FN:3,(anonymous_0)
FNF:1
FNH:0
FNDA:0,(anonymous_0)
DA:3,1
DA:4,0
DA:51,1
LF:3
LH:2
BRDA:17,0,0,0
BRDA:17,0,1,0
BRDA:22,1,0,0
BRDA:22,1,1,0
BRDA:32,2,0,0
BRDA:32,2,1,0
BRF:6
BRH:0
end_of_record
TN:
SF:src\components\seekDeliveryCard.js
FN:5,(anonymous_0)
FNF:1
FNH:0
FNDA:0,(anonymous_0)
DA:5,1
DA:6,0
DA:36,1
LF:3
LH:2
BRDA:14,0,0,0
BRDA:14,0,1,0
BRF:2
BRH:0
end_of_record
TN:
SF:src\screens\Auth\SignupScreen.js
FN:17,(anonymous_0)
FN:37,(anonymous_1)
FN:41,(anonymous_2)
FN:48,(anonymous_3)
FN:51,(anonymous_4)
FN:56,(anonymous_5)
FN:64,(anonymous_6)
FN:68,(anonymous_7)
FN:73,(anonymous_8)
FN:79,(anonymous_9)
FN:82,(anonymous_10)
FN:87,(anonymous_11)
FN:105,(anonymous_12)
FN:108,(anonymous_13)
FN:120,(anonymous_14)
FN:133,(anonymous_15)
FN:144,(anonymous_16)
FN:154,(anonymous_17)
FN:164,(anonymous_18)
FN:170,(anonymous_19)
FN:182,(anonymous_20)
FN:193,(anonymous_21)
FN:200,(anonymous_22)
FN:208,(anonymous_23)
FN:223,(anonymous_24)
FN:230,(anonymous_25)
FN:243,(anonymous_26)
FN:251,(anonymous_27)
FN:257,(anonymous_28)
FN:267,(anonymous_29)
FN:287,(anonymous_30)
FN:295,(anonymous_31)
FNF:32
FNH:2
FNDA:1,(anonymous_0)
FNDA:0,(anonymous_1)
FNDA:0,(anonymous_2)
FNDA:0,(anonymous_3)
FNDA:0,(anonymous_4)
FNDA:0,(anonymous_5)
FNDA:0,(anonymous_6)
FNDA:0,(anonymous_7)
FNDA:0,(anonymous_8)
FNDA:0,(anonymous_9)
FNDA:0,(anonymous_10)
FNDA:0,(anonymous_11)
FNDA:0,(anonymous_12)
FNDA:0,(anonymous_13)
FNDA:2,(anonymous_14)
FNDA:0,(anonymous_15)
FNDA:0,(anonymous_16)
FNDA:0,(anonymous_17)
FNDA:0,(anonymous_18)
FNDA:0,(anonymous_19)
FNDA:0,(anonymous_20)
FNDA:0,(anonymous_21)
FNDA:0,(anonymous_22)
FNDA:0,(anonymous_23)
FNDA:0,(anonymous_24)
FNDA:0,(anonymous_25)
FNDA:0,(anonymous_26)
FNDA:0,(anonymous_27)
FNDA:0,(anonymous_28)
FNDA:0,(anonymous_29)
FNDA:0,(anonymous_30)
FNDA:0,(anonymous_31)
DA:14,1
DA:18,1
DA:19,1
DA:37,1
DA:38,0
DA:39,0
DA:41,1
DA:42,0
DA:45,0
DA:46,0
DA:49,0
DA:52,0
DA:56,1
DA:57,0
DA:61,0
DA:62,0
DA:65,0
DA:66,0
DA:69,0
DA:73,1
DA:74,0
DA:77,0
DA:80,0
DA:83,0
DA:87,1
DA:88,0
DA:89,0
DA:90,0
DA:102,0
DA:103,0
DA:106,0
DA:109,0
DA:111,0
DA:113,0
DA:116,0
DA:121,2
DA:133,0
DA:144,0
DA:154,0
DA:164,0
DA:171,0
DA:183,0
DA:193,0
DA:201,0
DA:209,0
DA:223,0
DA:231,0
DA:243,0
DA:251,0
DA:257,0
DA:267,0
DA:287,0
DA:296,0
DA:308,1
LF:54
LH:10
BRDA:29,0,0,1
BRDA:29,0,1,0
BRDA:30,1,0,1
BRDA:30,1,1,0
BRDA:88,2,0,0
BRDA:88,2,1,0
BRDA:100,3,0,0
BRDA:100,3,1,0
BRDA:250,4,0,0
BRDA:250,4,1,2
BRDA:256,5,0,0
BRDA:256,5,1,2
BRDA:286,6,0,0
BRDA:286,6,1,2
BRF:14
BRH:5
end_of_record
TN:
SF:src\screens\ConsumerHome\HomeScreen.js
FN:27,(anonymous_0)
FN:33,(anonymous_1)
FN:34,(anonymous_2)
FN:39,(anonymous_3)
FN:45,(anonymous_4)
FN:50,(anonymous_5)
FN:91,(anonymous_6)
FN:106,(anonymous_7)
FN:117,(anonymous_8)
FN:130,(anonymous_9)
FN:145,(anonymous_10)
FN:156,(anonymous_11)
FN:174,(anonymous_12)
FNF:13
FNH:1
FNDA:0,(anonymous_0)
FNDA:0,(anonymous_1)
FNDA:0,(anonymous_2)
FNDA:0,(anonymous_3)
FNDA:1,(anonymous_4)
FNDA:0,(anonymous_5)
FNDA:0,(anonymous_6)
FNDA:0,(anonymous_7)
FNDA:0,(anonymous_8)
FNDA:0,(anonymous_9)
FNDA:0,(anonymous_10)
FNDA:0,(anonymous_11)
FNDA:0,(anonymous_12)
DA:20,1
DA:21,1
DA:23,1
DA:27,1
DA:28,0
DA:33,1
DA:34,0
DA:35,0
DA:39,1
DA:40,0
DA:41,0
DA:42,0
DA:46,1
DA:50,0
DA:92,0
DA:107,0
DA:118,0
DA:131,0
DA:146,0
DA:157,0
DA:174,0
DA:189,1
LF:22
LH:8
BRDA:20,0,0,0
BRDA:20,0,1,1
BRF:2
BRH:1
end_of_record
TN:
SF:src\screens\ConsumerHome\Mapping.js
FN:19,(anonymous_0)
FN:34,(anonymous_1)
FN:51,(anonymous_2)
FN:54,(anonymous_3)
FN:63,(anonymous_4)
FN:69,(anonymous_5)
FN:86,(anonymous_6)
FN:136,(anonymous_7)
FN:137,(anonymous_8)
FN:146,(anonymous_9)
FN:165,(anonymous_10)
FN:168,(anonymous_11)
FN:174,(anonymous_12)
FN:194,(anonymous_13)
FNF:14
FNH:4
FNDA:1,(anonymous_0)
FNDA:1,(anonymous_1)
FNDA:2,(anonymous_2)
FNDA:0,(anonymous_3)
FNDA:0,(anonymous_4)
FNDA:0,(anonymous_5)
FNDA:0,(anonymous_6)
FNDA:0,(anonymous_7)
FNDA:0,(anonymous_8)
FNDA:0,(anonymous_9)
FNDA:0,(anonymous_10)
FNDA:0,(anonymous_11)
FNDA:1,(anonymous_12)
FNDA:0,(anonymous_13)
DA:16,2
DA:20,1
DA:22,1
DA:30,1
DA:31,1
DA:34,1
DA:35,1
DA:36,0
DA:38,1
DA:39,0
DA:41,1
DA:42,0
DA:44,1
DA:45,0
DA:47,1
DA:48,0
DA:51,1
DA:52,2
DA:55,0
DA:64,0
DA:66,0
DA:69,1
DA:70,0
DA:71,0
DA:72,0
DA:78,0
DA:79,0
DA:87,0
DA:88,0
DA:89,0
DA:95,0
DA:96,0
DA:105,0
DA:106,0
DA:108,0
DA:109,0
DA:110,0
DA:117,0
DA:118,0
DA:132,0
DA:133,0
DA:135,0
DA:136,0
DA:139,0
DA:140,0
DA:145,0
DA:146,0
DA:149,0
DA:150,0
DA:151,0
DA:152,0
DA:153,0
DA:156,0
DA:159,0
DA:160,0
DA:161,0
DA:165,1
DA:166,0
DA:168,1
DA:169,0
DA:170,0
DA:171,0
DA:175,1
DA:176,1
DA:181,1
DA:195,0
DA:214,2
LF:67
LH:20
BRDA:35,0,0,0
BRDA:35,0,1,1
BRDA:38,1,0,0
BRDA:38,1,1,1
BRDA:41,2,0,0
BRDA:41,2,1,1
BRDA:44,3,0,0
BRDA:44,3,1,1
BRDA:47,4,0,0
BRDA:47,4,1,1
BRDA:70,5,0,0
BRDA:70,5,1,0
BRDA:78,6,0,0
BRDA:78,6,1,0
BRDA:132,7,0,0
BRDA:132,7,1,0
BRDA:145,8,0,0
BRDA:145,8,1,0
BRDA:146,9,0,0
BRDA:146,9,1,0
BRDA:150,10,0,0
BRDA:150,10,1,0
BRDA:152,11,0,0
BRDA:152,11,1,0
BRDA:175,12,0,1
BRDA:175,12,1,0
BRDA:175,13,0,1
BRDA:175,13,1,1
BRF:28
BRH:8
end_of_record
TN:
SF:src\screens\ConsumerHome\StoreScreen.js
FN:19,(anonymous_0)
FN:32,(anonymous_1)
FN:35,(anonymous_2)
FN:38,(anonymous_3)
FN:43,(anonymous_4)
FN:48,(anonymous_5)
FN:53,(anonymous_6)
FN:64,(anonymous_7)
FN:79,(anonymous_8)
FN:84,(anonymous_9)
FN:110,(anonymous_10)
FN:114,(anonymous_11)
FN:123,(anonymous_12)
FN:128,(anonymous_13)
FN:145,(anonymous_14)
FNF:15
FNH:4
FNDA:1,(anonymous_0)
FNDA:0,(anonymous_1)
FNDA:1,(anonymous_2)
FNDA:0,(anonymous_3)
FNDA:0,(anonymous_4)
FNDA:0,(anonymous_5)
FNDA:1,(anonymous_6)
FNDA:0,(anonymous_7)
FNDA:0,(anonymous_8)
FNDA:0,(anonymous_9)
FNDA:0,(anonymous_10)
FNDA:0,(anonymous_11)
FNDA:0,(anonymous_12)
FNDA:0,(anonymous_13)
FNDA:1,(anonymous_14)
DA:16,2
DA:20,1
DA:21,1
DA:22,1
DA:29,1
DA:30,1
DA:32,1
DA:33,0
DA:35,1
DA:36,1
DA:40,0
DA:41,0
DA:44,0
DA:48,1
DA:50,0
DA:54,1
DA:65,0
DA:80,0
DA:85,0
DA:110,0
DA:115,0
DA:124,0
DA:129,0
DA:145,2
DA:149,2
LF:25
LH:13
BRDA:23,0,0,1
BRDA:23,0,1,0
BRDA:59,1,0,0
BRDA:59,1,1,1
BRDA:77,2,0,0
BRDA:77,2,1,1
BRDA:159,3,0,0
BRDA:159,3,1,2
BRF:8
BRH:4
end_of_record
TN:
SF:src\screens\CourierHome\DetailDeliveryScreen.js
FN:17,(anonymous_0)
FN:31,(anonymous_1)
FN:38,(anonymous_2)
FN:42,(anonymous_3)
FN:46,(anonymous_4)
FN:49,(anonymous_5)
FN:63,(anonymous_6)
FN:68,(anonymous_7)
FN:71,(anonymous_8)
FN:73,(anonymous_9)
FN:81,(anonymous_10)
FN:82,(anonymous_11)
FN:140,(anonymous_12)
FN:151,(anonymous_13)
FN:168,(anonymous_14)
FNF:15
FNH:3
FNDA:1,(anonymous_0)
FNDA:0,(anonymous_1)
FNDA:0,(anonymous_2)
FNDA:0,(anonymous_3)
FNDA:1,(anonymous_4)
FNDA:0,(anonymous_5)
FNDA:0,(anonymous_6)
FNDA:0,(anonymous_7)
FNDA:0,(anonymous_8)
FNDA:2,(anonymous_9)
FNDA:0,(anonymous_10)
FNDA:0,(anonymous_11)
FNDA:0,(anonymous_12)
FNDA:0,(anonymous_13)
FNDA:0,(anonymous_14)
DA:14,1
DA:18,1
DA:19,1
DA:29,1
DA:31,1
DA:32,0
DA:35,0
DA:36,0
DA:39,0
DA:40,0
DA:43,0
DA:46,1
DA:47,1
DA:50,0
DA:51,0
DA:52,0
DA:53,0
DA:54,0
DA:59,0
DA:63,1
DA:64,0
DA:69,0
DA:74,2
DA:81,0
DA:83,0
DA:140,0
DA:151,0
DA:169,0
DA:179,1
LF:29
LH:10
BRDA:20,0,0,1
BRDA:20,0,1,0
BRDA:78,1,0,0
BRDA:78,1,1,2
BRDA:95,2,0,0
BRDA:95,2,1,2
BRDA:139,3,0,0
BRDA:139,3,1,2
BRDA:143,4,0,2
BRDA:143,4,1,0
BRF:10
BRH:5
end_of_record
TN:
SF:src\screens\CourierHome\SeekDeliveryScreen.js
FN:25,(anonymous_0)
FN:39,(anonymous_1)
FN:43,(anonymous_2)
FN:52,(anonymous_3)
FN:56,(anonymous_4)
FN:58,(anonymous_5)
FN:67,(anonymous_6)
FN:69,(anonymous_7)
FN:73,(anonymous_8)
FN:76,(anonymous_9)
FN:85,(anonymous_10)
FN:89,(anonymous_11)
FN:93,(anonymous_12)
FN:102,(anonymous_13)
FN:107,(anonymous_14)
FN:117,(anonymous_15)
FN:127,(anonymous_16)
FN:144,(anonymous_17)
FN:153,(anonymous_18)
FN:170,(anonymous_19)
FN:178,(anonymous_20)
FN:190,(anonymous_21)
FN:198,(anonymous_22)
FN:209,(anonymous_23)
FN:214,(anonymous_24)
FN:238,(anonymous_25)
FN:243,(anonymous_26)
FN:253,(anonymous_27)
FN:266,(anonymous_28)
FN:281,(anonymous_29)
FN:294,(anonymous_30)
FN:298,(anonymous_31)
FN:305,(anonymous_32)
FN:320,(anonymous_33)
FNF:34
FNH:5
FNDA:1,(anonymous_0)
FNDA:1,(anonymous_1)
FNDA:0,(anonymous_2)
FNDA:1,(anonymous_3)
FNDA:0,(anonymous_4)
FNDA:0,(anonymous_5)
FNDA:0,(anonymous_6)
FNDA:1,(anonymous_7)
FNDA:0,(anonymous_8)
FNDA:0,(anonymous_9)
FNDA:0,(anonymous_10)
FNDA:0,(anonymous_11)
FNDA:0,(anonymous_12)
FNDA:0,(anonymous_13)
FNDA:0,(anonymous_14)
FNDA:0,(anonymous_15)
FNDA:0,(anonymous_16)
FNDA:0,(anonymous_17)
FNDA:0,(anonymous_18)
FNDA:0,(anonymous_19)
FNDA:0,(anonymous_20)
FNDA:0,(anonymous_21)
FNDA:0,(anonymous_22)
FNDA:4,(anonymous_23)
FNDA:0,(anonymous_24)
FNDA:0,(anonymous_25)
FNDA:0,(anonymous_26)
FNDA:0,(anonymous_27)
FNDA:0,(anonymous_28)
FNDA:0,(anonymous_29)
FNDA:0,(anonymous_30)
FNDA:0,(anonymous_31)
FNDA:0,(anonymous_32)
FNDA:0,(anonymous_33)
DA:22,1
DA:23,1
DA:26,1
DA:27,1
DA:40,1
DA:41,1
DA:43,1
DA:44,0
DA:48,0
DA:49,0
DA:50,0
DA:52,1
DA:53,1
DA:54,0
DA:57,0
DA:58,0
DA:59,0
DA:61,0
DA:69,1
DA:70,1
DA:71,0
DA:75,0
DA:76,0
DA:77,0
DA:79,0
DA:86,0
DA:89,1
DA:90,0
DA:94,0
DA:102,1
DA:103,0
DA:104,0
DA:105,0
DA:107,1
DA:108,0
DA:113,0
DA:114,0
DA:117,1
DA:118,0
DA:123,0
DA:124,0
DA:127,1
DA:129,0
DA:131,0
DA:132,0
DA:133,0
DA:134,0
DA:139,0
DA:142,0
DA:143,0
DA:144,0
DA:145,0
DA:147,0
DA:152,0
DA:153,0
DA:154,0
DA:156,0
DA:163,0
DA:166,0
DA:167,0
DA:168,0
DA:170,0
DA:171,0
DA:173,0
DA:178,0
DA:179,0
DA:181,0
DA:187,0
DA:188,0
DA:190,0
DA:191,0
DA:193,0
DA:198,0
DA:199,0
DA:201,0
DA:210,4
DA:214,0
DA:239,0
DA:243,0
DA:254,0
DA:266,0
DA:281,0
DA:294,0
DA:298,0
DA:305,0
DA:320,0
DA:335,1
LF:87
LH:18
BRDA:22,0,0,0
BRDA:22,0,1,1
BRDA:132,1,0,0
BRDA:132,1,1,0
BRDA:132,2,0,0
BRDA:132,2,1,0
BRDA:134,3,0,0
BRDA:134,3,1,0
BRDA:135,4,0,0
BRDA:135,4,1,0
BRDA:142,5,0,0
BRDA:142,5,1,0
BRDA:166,6,0,0
BRDA:166,6,1,0
BRDA:168,7,0,0
BRDA:168,7,1,0
BRDA:179,8,0,0
BRDA:179,8,1,0
BRDA:188,9,0,0
BRDA:188,9,1,0
BRDA:199,10,0,0
BRDA:199,10,1,0
BRDA:270,11,0,4
BRDA:270,11,1,0
BRDA:299,12,0,4
BRDA:299,12,1,0
BRDA:306,13,0,0
BRDA:306,13,1,4
BRF:28
BRH:4
end_of_record
TN:
SF:src\screens\MyPage\PaymentBookScreen.js
FN:9,(anonymous_0)
FN:17,(anonymous_1)
FN:21,(anonymous_2)
FN:24,(anonymous_3)
FN:29,(anonymous_4)
FN:35,(anonymous_5)
FN:42,(anonymous_6)
FN:46,(anonymous_7)
FN:61,(anonymous_8)
FNF:9
FNH:4
FNDA:1,(anonymous_0)
FNDA:1,(anonymous_1)
FNDA:0,(anonymous_2)
FNDA:1,(anonymous_3)
FNDA:0,(anonymous_4)
FNDA:0,(anonymous_5)
FNDA:0,(anonymous_6)
FNDA:3,(anonymous_7)
FNDA:0,(anonymous_8)
DA:6,1
DA:10,1
DA:12,1
DA:18,1
DA:21,1
DA:22,0
DA:24,1
DA:25,1
DA:26,1
DA:27,1
DA:30,0
DA:36,0
DA:39,0
DA:42,1
DA:43,0
DA:47,3
DA:61,0
DA:71,1
LF:18
LH:12
BRF:0
BRH:0
end_of_record
TN:
SF:src\screens\MyPage\QAbookScreen.js
FN:10,(anonymous_0)
FN:18,(anonymous_1)
FN:21,(anonymous_2)
FN:24,(anonymous_3)
FN:29,(anonymous_4)
FN:35,(anonymous_5)
FN:42,(anonymous_6)
FN:46,(anonymous_7)
FN:61,(anonymous_8)
FN:76,(anonymous_9)
FNF:10
FNH:4
FNDA:1,(anonymous_0)
FNDA:1,(anonymous_1)
FNDA:0,(anonymous_2)
FNDA:1,(anonymous_3)
FNDA:0,(anonymous_4)
FNDA:0,(anonymous_5)
FNDA:0,(anonymous_6)
FNDA:3,(anonymous_7)
FNDA:0,(anonymous_8)
FNDA:0,(anonymous_9)
DA:7,1
DA:11,1
DA:13,1
DA:19,1
DA:21,1
DA:22,0
DA:24,1
DA:25,1
DA:26,1
DA:27,1
DA:30,0
DA:36,0
DA:39,0
DA:42,1
DA:43,0
DA:47,3
DA:61,0
DA:77,0
DA:87,1
LF:19
LH:12
BRF:0
BRH:0
end_of_record
TN:
SF:src\screens\MyPage\QApage.js
FN:10,(anonymous_0)
FN:18,(anonymous_1)
FN:26,(anonymous_2)
FN:29,(anonymous_3)
FN:39,(anonymous_4)
FN:50,(anonymous_5)
FN:72,(anonymous_6)
FN:78,(anonymous_7)
FN:85,(anonymous_8)
FNF:9
FNH:2
FNDA:1,(anonymous_0)
FNDA:0,(anonymous_1)
FNDA:0,(anonymous_2)
FNDA:0,(anonymous_3)
FNDA:2,(anonymous_4)
FNDA:0,(anonymous_5)
FNDA:0,(anonymous_6)
FNDA:0,(anonymous_7)
FNDA:0,(anonymous_8)
DA:7,1
DA:11,1
DA:13,1
DA:18,1
DA:19,0
DA:20,0
DA:24,0
DA:27,0
DA:30,0
DA:32,0
DA:33,0
DA:35,0
DA:40,2
DA:51,0
DA:72,0
DA:79,0
DA:86,0
DA:99,1
LF:18
LH:6
BRF:0
BRH:0
end_of_record
TN:
SF:src\screens\MyPage\RefundBookScreen.js
FN:9,(anonymous_0)
FN:17,(anonymous_1)
FN:21,(anonymous_2)
FN:24,(anonymous_3)
FN:29,(anonymous_4)
FN:35,(anonymous_5)
FN:42,(anonymous_6)
FN:46,(anonymous_7)
FN:61,(anonymous_8)
FNF:9
FNH:4
FNDA:1,(anonymous_0)
FNDA:1,(anonymous_1)
FNDA:0,(anonymous_2)
FNDA:1,(anonymous_3)
FNDA:0,(anonymous_4)
FNDA:0,(anonymous_5)
FNDA:0,(anonymous_6)
FNDA:3,(anonymous_7)
FNDA:0,(anonymous_8)
DA:6,1
DA:10,1
DA:12,1
DA:18,1
DA:21,1
DA:22,0
DA:24,1
DA:25,1
DA:26,1
DA:27,1
DA:30,0
DA:36,0
DA:39,0
DA:42,1
DA:43,0
DA:47,3
DA:61,0
DA:71,1
LF:18
LH:12
BRF:0
BRH:0
end_of_record
TN:
SF:src\screens\MyPage\RefundScreen.js
FN:16,(anonymous_0)
FN:27,(anonymous_1)
FN:37,(anonymous_2)
FN:40,(anonymous_3)
FN:50,(anonymous_4)
FN:61,(anonymous_5)
FN:94,(anonymous_6)
FN:103,(anonymous_7)
FN:112,(anonymous_8)
FN:125,(anonymous_9)
FN:138,(anonymous_10)
FN:151,(anonymous_11)
FN:161,(anonymous_12)
FN:173,(anonymous_13)
FN:180,(anonymous_14)
FNF:15
FNH:2
FNDA:1,(anonymous_0)
FNDA:0,(anonymous_1)
FNDA:0,(anonymous_2)
FNDA:0,(anonymous_3)
FNDA:2,(anonymous_4)
FNDA:0,(anonymous_5)
FNDA:0,(anonymous_6)
FNDA:0,(anonymous_7)
FNDA:0,(anonymous_8)
FNDA:0,(anonymous_9)
FNDA:0,(anonymous_10)
FNDA:0,(anonymous_11)
FNDA:0,(anonymous_12)
FNDA:0,(anonymous_13)
FNDA:0,(anonymous_14)
DA:13,1
DA:17,1
DA:19,1
DA:27,1
DA:28,0
DA:29,0
DA:35,0
DA:38,0
DA:41,0
DA:43,0
DA:44,0
DA:46,0
DA:51,2
DA:62,0
DA:94,0
DA:103,0
DA:113,0
DA:126,0
DA:139,0
DA:151,0
DA:162,0
DA:174,0
DA:181,0
DA:194,1
LF:24
LH:6
BRDA:111,0,0,0
BRDA:111,0,1,2
BRDA:124,1,0,0
BRDA:124,1,1,2
BRDA:137,2,0,0
BRDA:137,2,1,2
BRDA:150,3,0,0
BRDA:150,3,1,2
BRF:8
BRH:4
end_of_record
TN:
SF:src\screens\MyPage\Report.js
FN:11,(anonymous_0)
FN:24,(anonymous_1)
FN:32,(anonymous_2)
FN:35,(anonymous_3)
FN:45,(anonymous_4)
FN:49,(anonymous_5)
FN:52,(anonymous_6)
FN:60,(anonymous_7)
FN:64,(anonymous_8)
FN:79,(anonymous_9)
FN:82,(anonymous_10)
FN:92,(anonymous_11)
FN:109,(anonymous_12)
FN:125,(anonymous_13)
FN:133,(anonymous_14)
FN:136,(anonymous_15)
FN:144,(anonymous_16)
FN:147,(anonymous_17)
FN:156,(anonymous_18)
FN:163,(anonymous_19)
FN:231,(anonymous_20)
FNF:21
FNH:5
FNDA:1,(anonymous_0)
FNDA:1,(anonymous_1)
FNDA:1,(anonymous_2)
FNDA:0,(anonymous_3)
FNDA:0,(anonymous_4)
FNDA:0,(anonymous_5)
FNDA:0,(anonymous_6)
FNDA:0,(anonymous_7)
FNDA:0,(anonymous_8)
FNDA:0,(anonymous_9)
FNDA:0,(anonymous_10)
FNDA:1,(anonymous_11)
FNDA:0,(anonymous_12)
FNDA:0,(anonymous_13)
FNDA:0,(anonymous_14)
FNDA:0,(anonymous_15)
FNDA:0,(anonymous_16)
FNDA:0,(anonymous_17)
FNDA:0,(anonymous_18)
FNDA:0,(anonymous_19)
FNDA:1,(anonymous_20)
DA:8,1
DA:12,1
DA:13,1
DA:25,1
DA:26,0
DA:28,1
DA:32,1
DA:33,1
DA:36,0
DA:38,0
DA:39,0
DA:40,0
DA:42,0
DA:43,0
DA:46,0
DA:49,1
DA:50,0
DA:53,0
DA:54,0
DA:55,0
DA:56,0
DA:58,0
DA:61,0
DA:64,1
DA:65,0
DA:66,0
DA:67,0
DA:73,0
DA:74,0
DA:75,0
DA:77,0
DA:80,0
DA:83,0
DA:84,0
DA:86,0
DA:89,0
DA:93,1
DA:95,1
DA:99,1
DA:110,0
DA:125,0
DA:134,0
DA:137,0
DA:145,0
DA:148,0
DA:157,0
DA:164,0
DA:176,1
DA:231,1
LF:49
LH:14
BRDA:25,0,0,0
BRDA:25,0,1,1
BRDA:74,1,0,0
BRDA:74,1,1,0
BRDA:74,2,0,0
BRDA:74,2,1,0
BRDA:95,3,0,0
BRDA:95,3,1,1
BRDA:130,4,0,0
BRDA:130,4,1,1
BRF:10
BRH:3
end_of_record
TN:
SF:src\screens\MyPage\ReportBookScreen.js
FN:10,(anonymous_0)
FN:18,(anonymous_1)
FN:21,(anonymous_2)
FN:24,(anonymous_3)
FN:29,(anonymous_4)
FN:35,(anonymous_5)
FN:42,(anonymous_6)
FN:46,(anonymous_7)
FN:61,(anonymous_8)
FN:76,(anonymous_9)
FNF:10
FNH:4
FNDA:1,(anonymous_0)
FNDA:1,(anonymous_1)
FNDA:0,(anonymous_2)
FNDA:1,(anonymous_3)
FNDA:0,(anonymous_4)
FNDA:0,(anonymous_5)
FNDA:0,(anonymous_6)
FNDA:3,(anonymous_7)
FNDA:0,(anonymous_8)
FNDA:0,(anonymous_9)
DA:7,1
DA:11,1
DA:13,1
DA:19,1
DA:21,1
DA:22,0
DA:24,1
DA:25,1
DA:26,1
DA:27,1
DA:30,0
DA:36,0
DA:39,0
DA:42,1
DA:43,0
DA:47,3
DA:61,0
DA:77,0
DA:87,1
LF:19
LH:12
BRF:0
BRH:0
end_of_record
TN:
SF:src\screens\OrderManage\CourierReviewScreen.js
FN:10,(anonymous_0)
FN:23,(anonymous_1)
FN:29,(anonymous_2)
FN:34,(anonymous_3)
FN:35,(anonymous_4)
FNF:5
FNH:3
FNDA:1,(anonymous_0)
FNDA:1,(anonymous_1)
FNDA:2,(anonymous_2)
FNDA:0,(anonymous_3)
FNDA:0,(anonymous_4)
DA:7,1
DA:11,1
DA:12,1
DA:21,1
DA:23,1
DA:24,1
DA:27,0
DA:30,2
DA:34,0
DA:36,0
DA:44,1
LF:11
LH:8
BRDA:13,0,0,1
BRDA:13,0,1,0
BRDA:14,1,0,1
BRDA:14,1,1,0
BRF:4
BRH:2
end_of_record
TN:
SF:src\screens\OrderManage\SelectCourierScreen.js
FN:20,(anonymous_0)
FN:37,(anonymous_1)
FN:40,(anonymous_2)
FN:45,(anonymous_3)
FN:50,(anonymous_4)
FN:54,(anonymous_5)
FN:71,(anonymous_6)
FN:77,(anonymous_7)
FN:86,(anonymous_8)
FN:90,(anonymous_9)
FN:94,(anonymous_10)
FN:104,(anonymous_11)
FN:110,(anonymous_12)
FN:111,(anonymous_13)
FN:115,(anonymous_14)
FN:124,(anonymous_15)
FN:130,(anonymous_16)
FN:141,(anonymous_17)
FN:145,(anonymous_18)
FN:155,(anonymous_19)
FN:204,(anonymous_20)
FN:206,(anonymous_21)
FNF:22
FNH:4
FNDA:1,(anonymous_0)
FNDA:1,(anonymous_1)
FNDA:0,(anonymous_2)
FNDA:0,(anonymous_3)
FNDA:1,(anonymous_4)
FNDA:0,(anonymous_5)
FNDA:0,(anonymous_6)
FNDA:0,(anonymous_7)
FNDA:0,(anonymous_8)
FNDA:0,(anonymous_9)
FNDA:0,(anonymous_10)
FNDA:0,(anonymous_11)
FNDA:0,(anonymous_12)
FNDA:0,(anonymous_13)
FNDA:0,(anonymous_14)
FNDA:0,(anonymous_15)
FNDA:0,(anonymous_16)
FNDA:0,(anonymous_17)
FNDA:2,(anonymous_18)
FNDA:0,(anonymous_19)
FNDA:0,(anonymous_20)
FNDA:0,(anonymous_21)
DA:17,1
DA:21,1
DA:22,1
DA:30,1
DA:31,1
DA:32,1
DA:37,1
DA:38,1
DA:41,0
DA:46,0
DA:47,0
DA:50,1
DA:52,1
DA:55,0
DA:56,0
DA:57,0
DA:58,0
DA:59,0
DA:64,0
DA:65,0
DA:71,1
DA:72,0
DA:77,1
DA:78,0
DA:81,0
DA:87,0
DA:88,0
DA:91,0
DA:94,1
DA:95,0
DA:104,0
DA:110,1
DA:111,0
DA:112,0
DA:116,0
DA:117,0
DA:118,0
DA:124,1
DA:125,0
DA:128,0
DA:131,0
DA:132,0
DA:133,0
DA:139,0
DA:142,0
DA:146,2
DA:156,0
DA:204,0
DA:207,0
DA:223,1
LF:50
LH:17
BRDA:23,0,0,1
BRDA:23,0,1,0
BRDA:64,1,0,0
BRDA:64,1,1,0
BRDA:117,2,0,0
BRDA:117,2,1,0
BRDA:149,3,0,0
BRDA:149,3,1,2
BRDA:168,4,0,0
BRDA:168,4,1,2
BRDA:198,5,0,0
BRDA:198,5,1,2
BRF:12
BRH:4
end_of_record
TN:
SF:src\screens\Review\OrderReviewScreen.js
FN:10,(anonymous_0)
FN:21,(anonymous_1)
FN:25,(anonymous_2)
FN:30,(anonymous_3)
FN:38,(anonymous_4)
FNF:5
FNH:3
FNDA:1,(anonymous_0)
FNDA:1,(anonymous_1)
FNDA:0,(anonymous_2)
FNDA:0,(anonymous_3)
FNDA:2,(anonymous_4)
DA:7,1
DA:11,1
DA:13,1
DA:19,1
DA:21,1
DA:22,1
DA:23,1
DA:26,0
DA:31,0
DA:34,0
DA:39,2
DA:70,1
LF:12
LH:9
BRDA:16,0,0,1
BRDA:16,0,1,0
BRDA:17,1,0,1
BRDA:17,1,1,0
BRF:4
BRH:2
end_of_record
TN:
SF:src\screens\Review\WriteReviewScreen.js
FN:11,(anonymous_0)
FN:18,(anonymous_1)
FN:27,(anonymous_2)
FN:30,(anonymous_3)
FN:38,(anonymous_4)
FN:41,(anonymous_5)
FN:47,(anonymous_6)
FN:65,(anonymous_7)
FN:73,(anonymous_8)
FN:81,(anonymous_9)
FN:89,(anonymous_10)
FN:97,(anonymous_11)
FN:108,(anonymous_12)
FN:118,(anonymous_13)
FN:185,(anonymous_14)
FNF:15
FNH:3
FNDA:1,(anonymous_0)
FNDA:0,(anonymous_1)
FNDA:0,(anonymous_2)
FNDA:0,(anonymous_3)
FNDA:0,(anonymous_4)
FNDA:0,(anonymous_5)
FNDA:1,(anonymous_6)
FNDA:0,(anonymous_7)
FNDA:0,(anonymous_8)
FNDA:0,(anonymous_9)
FNDA:0,(anonymous_10)
FNDA:0,(anonymous_11)
FNDA:0,(anonymous_12)
FNDA:0,(anonymous_13)
FNDA:1,(anonymous_14)
DA:8,1
DA:12,1
DA:13,1
DA:18,1
DA:19,0
DA:24,0
DA:25,0
DA:28,0
DA:31,0
DA:33,0
DA:35,0
DA:36,0
DA:39,0
DA:42,0
DA:44,0
DA:48,1
DA:65,0
DA:73,0
DA:81,0
DA:89,0
DA:97,0
DA:108,0
DA:119,0
DA:129,1
DA:185,1
LF:25
LH:7
BRDA:24,0,0,0
BRDA:24,0,1,0
BRDA:35,1,0,0
BRDA:35,1,1,0
BRDA:64,2,0,0
BRDA:64,2,1,1
BRDA:72,3,0,0
BRDA:72,3,1,1
BRDA:80,4,0,0
BRDA:80,4,1,1
BRDA:88,5,0,0
BRDA:88,5,1,1
BRDA:96,6,0,0
BRDA:96,6,1,1
BRF:14
BRH:5
end_of_record
TN:
SF:src\store\actions\action.js
FN:20,(anonymous_0)
FN:27,(anonymous_1)
FN:46,(anonymous_2)
FN:53,(anonymous_3)
FN:54,(anonymous_4)
FN:55,(anonymous_5)
FN:75,(anonymous_6)
FN:76,(anonymous_7)
FN:80,(anonymous_8)
FN:84,(anonymous_9)
FN:85,(anonymous_10)
FN:104,(anonymous_11)
FN:111,(anonymous_12)
FN:112,(anonymous_13)
FN:116,(anonymous_14)
FN:118,(anonymous_15)
FN:125,(anonymous_16)
FN:126,(anonymous_17)
FN:133,(anonymous_18)
FN:136,(anonymous_19)
FN:152,(anonymous_20)
FN:161,(anonymous_21)
FN:167,(anonymous_22)
FN:177,(anonymous_23)
FN:178,(anonymous_24)
FN:181,(anonymous_25)
FN:187,(anonymous_26)
FN:192,(anonymous_27)
FN:198,(anonymous_28)
FN:199,(anonymous_29)
FN:205,(anonymous_30)
FN:214,(anonymous_31)
FN:221,(anonymous_32)
FN:228,(anonymous_33)
FN:235,(anonymous_34)
FNF:35
FNH:0
FNDA:0,(anonymous_0)
FNDA:0,(anonymous_1)
FNDA:0,(anonymous_2)
FNDA:0,(anonymous_3)
FNDA:0,(anonymous_4)
FNDA:0,(anonymous_5)
FNDA:0,(anonymous_6)
FNDA:0,(anonymous_7)
FNDA:0,(anonymous_8)
FNDA:0,(anonymous_9)
FNDA:0,(anonymous_10)
FNDA:0,(anonymous_11)
FNDA:0,(anonymous_12)
FNDA:0,(anonymous_13)
FNDA:0,(anonymous_14)
FNDA:0,(anonymous_15)
FNDA:0,(anonymous_16)
FNDA:0,(anonymous_17)
FNDA:0,(anonymous_18)
FNDA:0,(anonymous_19)
FNDA:0,(anonymous_20)
FNDA:0,(anonymous_21)
FNDA:0,(anonymous_22)
FNDA:0,(anonymous_23)
FNDA:0,(anonymous_24)
FNDA:0,(anonymous_25)
FNDA:0,(anonymous_26)
FNDA:0,(anonymous_27)
FNDA:0,(anonymous_28)
FNDA:0,(anonymous_29)
FNDA:0,(anonymous_30)
FNDA:0,(anonymous_31)
FNDA:0,(anonymous_32)
FNDA:0,(anonymous_33)
FNDA:0,(anonymous_34)
DA:19,3
DA:20,3
DA:21,0
DA:22,0
DA:24,0
DA:27,3
DA:28,0
DA:29,0
DA:30,0
DA:31,0
DA:40,0
DA:42,0
DA:46,3
DA:47,0
DA:48,0
DA:50,0
DA:53,3
DA:54,0
DA:55,0
DA:56,0
DA:57,0
DA:58,0
DA:60,0
DA:61,0
DA:62,0
DA:63,0
DA:64,0
DA:65,0
DA:70,0
DA:71,0
DA:75,3
DA:76,0
DA:77,0
DA:81,0
DA:82,0
DA:85,0
DA:86,0
DA:87,0
DA:88,0
DA:90,0
DA:91,0
DA:92,0
DA:93,0
DA:94,0
DA:95,0
DA:96,0
DA:101,0
DA:102,0
DA:105,0
DA:106,0
DA:111,3
DA:112,0
DA:113,0
DA:117,0
DA:118,0
DA:119,0
DA:120,0
DA:121,0
DA:123,0
DA:126,0
DA:127,0
DA:128,0
DA:129,0
DA:131,0
DA:134,0
DA:137,0
DA:139,0
DA:140,0
DA:141,0
DA:142,0
DA:143,0
DA:144,0
DA:145,0
DA:150,0
DA:154,0
DA:155,0
DA:161,3
DA:162,0
DA:167,3
DA:168,0
DA:169,0
DA:177,3
DA:178,0
DA:179,0
DA:183,0
DA:184,0
DA:185,0
DA:188,0
DA:192,3
DA:193,0
DA:198,3
DA:199,0
DA:200,0
DA:201,0
DA:202,0
DA:205,3
DA:206,0
DA:214,3
DA:215,0
DA:221,3
DA:222,0
DA:228,3
DA:229,0
DA:235,3
DA:236,0
LF:105
LH:17
BRDA:30,0,0,0
BRDA:30,0,1,0
BRF:2
BRH:0
end_of_record
TN:
SF:src\store\actions\type.js
FNF:0
FNH:0
DA:1,3
DA:2,3
DA:3,3
DA:4,3
DA:5,3
DA:6,3
DA:8,3
DA:10,3
DA:11,3
LF:9
LH:9
BRF:0
BRH:0
end_of_record
